[2022-10-29T12:44:29.914Z] Log level: Info
[2022-10-29T12:44:29.915Z] [info] Validating found git in: git
[2022-10-29T12:44:29.936Z] [info] Using git 2.38.0 from git
[2022-10-29T12:44:29.951Z] > git rev-parse --show-toplevel [7ms]
[2022-10-29T12:44:29.959Z] > git rev-parse --git-dir --git-common-dir [1ms]
[2022-10-29T12:44:29.962Z] [info] Open repository: /home/dom/Dev/olas/Lession05
[2022-10-29T12:44:29.980Z] > git status -z -uall [12ms]
[2022-10-29T12:44:29.986Z] > git rev-parse --show-toplevel [12ms]
[2022-10-29T12:44:30.037Z] > git rev-parse --show-toplevel [46ms]
[2022-10-29T12:44:30.042Z] > git symbolic-ref --short HEAD [56ms]
[2022-10-29T12:44:30.050Z] > git for-each-ref --format=%(refname)%00%(upstream:short)%00%(objectname)%00%(upstream:track)%00%(upstream:remotename)%00%(upstream:remoteref) refs/heads/master refs/remotes/master [2ms]
[2022-10-29T12:44:30.062Z] > git rev-parse --show-toplevel [20ms]
[2022-10-29T12:44:30.063Z] > git remote --verbose [2ms]
[2022-10-29T12:44:30.063Z] > git for-each-ref --sort -committerdate --format %(refname) %(objectname) %(*objectname) [8ms]
[2022-10-29T12:44:30.077Z] > git config --get commit.template [3ms]
[2022-10-29T12:44:30.084Z] > git status -z -uall [1ms]
[2022-10-29T12:44:30.091Z] > git symbolic-ref --short HEAD [1ms]
[2022-10-29T12:44:30.102Z] > git for-each-ref --format=%(refname)%00%(upstream:short)%00%(objectname)%00%(upstream:track)%00%(upstream:remotename)%00%(upstream:remoteref) refs/heads/master refs/remotes/master [2ms]
[2022-10-29T12:44:30.133Z] > git for-each-ref --sort -committerdate --format %(refname) %(objectname) %(*objectname) [23ms]
[2022-10-29T12:44:30.134Z] > git remote --verbose [15ms]
[2022-10-29T12:44:30.150Z] > git config --get commit.template [2ms]
[2022-10-29T12:44:30.489Z] > git check-ignore -v -z --stdin [2ms]
[2022-10-29T12:44:34.858Z] > git show --textconv :main.cpp [12ms]
[2022-10-29T12:44:34.860Z] > git ls-files --stage -- /home/dom/Dev/olas/Lession05/main.cpp [3ms]
[2022-10-30T02:43:51.969Z] > git status -z -uall [4ms]
[2022-10-30T02:43:51.980Z] > git symbolic-ref --short HEAD [2ms]
[2022-10-30T02:43:51.992Z] > git for-each-ref --format=%(refname)%00%(upstream:short)%00%(objectname)%00%(upstream:track)%00%(upstream:remotename)%00%(upstream:remoteref) refs/heads/master refs/remotes/master [2ms]
[2022-10-30T02:43:52.013Z] > git remote --verbose [3ms]
[2022-10-30T02:43:52.013Z] > git for-each-ref --sort -committerdate --format %(refname) %(objectname) %(*objectname) [12ms]
[2022-10-30T02:43:52.031Z] > git config --get commit.template [5ms]
[2022-10-30T03:02:49.940Z] > git status -z -uall [93ms]
[2022-10-30T03:02:49.951Z] > git symbolic-ref --short HEAD [1ms]
[2022-10-30T03:02:49.966Z] > git for-each-ref --format=%(refname)%00%(upstream:short)%00%(objectname)%00%(upstream:track)%00%(upstream:remotename)%00%(upstream:remoteref) refs/heads/main refs/remotes/main [3ms]
[2022-10-30T03:02:49.989Z] > git for-each-ref --sort -committerdate --format %(refname) %(objectname) %(*objectname) [13ms]
[2022-10-30T03:02:49.989Z] > git remote --verbose [2ms]
[2022-10-30T03:02:50.009Z] > git config --get commit.template [1ms]
[2022-10-30T03:08:15.253Z] > git show --textconv :OLASConfig.h.in [11ms]
[2022-10-30T03:08:15.256Z] > git ls-files --stage -- /home/dom/Dev/olas/Lession05/OLASConfig.h.in [3ms]
[2022-10-30T03:08:15.268Z] > git cat-file -s c966b40952bb93402ec0e00e3354fe7a727f8282 [2ms]
[2022-10-30T03:09:33.062Z] > git check-ignore -v -z --stdin [2ms]
[2022-10-30T03:09:48.387Z] > git status -z -uall [83ms]
[2022-10-30T03:09:48.401Z] > git symbolic-ref --short HEAD [3ms]
[2022-10-30T03:09:48.413Z] > git for-each-ref --format=%(refname)%00%(upstream:short)%00%(objectname)%00%(upstream:track)%00%(upstream:remotename)%00%(upstream:remoteref) refs/heads/main refs/remotes/main [2ms]
[2022-10-30T03:09:48.436Z] > git for-each-ref --sort -committerdate --format %(refname) %(objectname) %(*objectname) [12ms]
[2022-10-30T03:09:48.437Z] > git remote --verbose [3ms]
[2022-10-30T03:09:48.452Z] > git config --get commit.template [1ms]
[2022-10-30T03:09:58.150Z] > git status -z -uall [126ms]
[2022-10-30T03:09:58.162Z] > git symbolic-ref --short HEAD [2ms]
[2022-10-30T03:09:58.174Z] > git for-each-ref --format=%(refname)%00%(upstream:short)%00%(objectname)%00%(upstream:track)%00%(upstream:remotename)%00%(upstream:remoteref) refs/heads/main refs/remotes/main [2ms]
[2022-10-30T03:09:58.196Z] > git for-each-ref --sort -committerdate --format %(refname) %(objectname) %(*objectname) [12ms]
[2022-10-30T03:09:58.197Z] > git remote --verbose [3ms]
[2022-10-30T03:09:58.212Z] > git config --get commit.template [3ms]
[2022-10-30T03:09:59.103Z] > git show --textconv :main.cpp [13ms]
[2022-10-30T03:09:59.105Z] > git ls-files --stage -- /home/dom/Dev/olas/Lession05/main.cpp [4ms]
[2022-10-30T03:09:59.118Z] > git cat-file -s 943cdb20c3871c6f1514369d5226d88dea728bf1 [2ms]
[2022-10-30T03:11:02.360Z] > git status -z -uall [127ms]
[2022-10-30T03:11:02.373Z] > git symbolic-ref --short HEAD [3ms]
[2022-10-30T03:11:02.385Z] > git for-each-ref --format=%(refname)%00%(upstream:short)%00%(objectname)%00%(upstream:track)%00%(upstream:remotename)%00%(upstream:remoteref) refs/heads/main refs/remotes/main [2ms]
[2022-10-30T03:11:02.407Z] > git for-each-ref --sort -committerdate --format %(refname) %(objectname) %(*objectname) [12ms]
[2022-10-30T03:11:02.408Z] > git remote --verbose [3ms]
[2022-10-30T03:11:02.425Z] > git config --get commit.template [3ms]
[2022-10-30T03:13:29.365Z] > git show --textconv :OLASConfig.h.in [12ms]
[2022-10-30T03:13:29.367Z] > git ls-files --stage -- /home/dom/Dev/olas/Lession05/OLASConfig.h.in [3ms]
[2022-10-30T03:13:29.379Z] > git cat-file -s c966b40952bb93402ec0e00e3354fe7a727f8282 [2ms]
[2022-10-30T03:14:28.757Z] > git status -z -uall [96ms]
[2022-10-30T03:14:28.774Z] > git symbolic-ref --short HEAD [3ms]
[2022-10-30T03:14:28.789Z] > git for-each-ref --format=%(refname)%00%(upstream:short)%00%(objectname)%00%(upstream:track)%00%(upstream:remotename)%00%(upstream:remoteref) refs/heads/main refs/remotes/main [2ms]
[2022-10-30T03:14:28.812Z] > git for-each-ref --sort -committerdate --format %(refname) %(objectname) %(*objectname) [12ms]
[2022-10-30T03:14:28.814Z] > git remote --verbose [2ms]
[2022-10-30T03:14:28.827Z] > git config --get commit.template [1ms]
[2022-10-30T03:14:48.938Z] > git check-ignore -v -z --stdin [2ms]
[2022-10-30T03:15:46.775Z] > git show --textconv :CMakeLists.txt [14ms]
[2022-10-30T03:15:46.776Z] > git ls-files --stage -- /home/dom/Dev/olas/Lession05/CMakeLists.txt [4ms]
[2022-10-30T03:15:46.787Z] > git cat-file -s 5352df7bb952fe6ac382d43a0a3be1e9022af12d [2ms]
[2022-10-30T03:34:30.405Z] > git status -z -uall [19ms]
[2022-10-30T03:34:30.418Z] > git symbolic-ref --short HEAD [2ms]
[2022-10-30T03:34:30.431Z] > git for-each-ref --format=%(refname)%00%(upstream:short)%00%(objectname)%00%(upstream:track)%00%(upstream:remotename)%00%(upstream:remoteref) refs/heads/main refs/remotes/main [2ms]
[2022-10-30T03:34:30.455Z] > git remote --verbose [3ms]
[2022-10-30T03:34:30.456Z] > git for-each-ref --sort -committerdate --format %(refname) %(objectname) %(*objectname) [15ms]
[2022-10-30T03:34:30.476Z] > git config --get commit.template [2ms]
[2022-10-30T03:34:33.508Z] > git show --textconv :OLASConfig.h.in [13ms]
[2022-10-30T03:34:33.511Z] > git ls-files --stage -- /home/dom/Dev/olas/Lession05/OLASConfig.h.in [4ms]
[2022-10-30T03:34:33.522Z] > git cat-file -s c966b40952bb93402ec0e00e3354fe7a727f8282 [1ms]
[2022-10-30T03:34:56.150Z] > git status -z -uall [16ms]
[2022-10-30T03:34:56.165Z] > git symbolic-ref --short HEAD [2ms]
[2022-10-30T03:34:56.178Z] > git for-each-ref --format=%(refname)%00%(upstream:short)%00%(objectname)%00%(upstream:track)%00%(upstream:remotename)%00%(upstream:remoteref) refs/heads/main refs/remotes/main [2ms]
[2022-10-30T03:34:56.201Z] > git for-each-ref --sort -committerdate --format %(refname) %(objectname) %(*objectname) [12ms]
[2022-10-30T03:34:56.202Z] > git remote --verbose [3ms]
[2022-10-30T03:34:56.221Z] > git config --get commit.template [1ms]
[2022-10-30T03:35:01.254Z] > git status -z -uall [17ms]
[2022-10-30T03:35:01.266Z] > git symbolic-ref --short HEAD [2ms]
[2022-10-30T03:35:01.280Z] > git for-each-ref --format=%(refname)%00%(upstream:short)%00%(objectname)%00%(upstream:track)%00%(upstream:remotename)%00%(upstream:remoteref) refs/heads/main refs/remotes/main [3ms]
[2022-10-30T03:35:01.303Z] > git for-each-ref --sort -committerdate --format %(refname) %(objectname) %(*objectname) [13ms]
[2022-10-30T03:35:01.304Z] > git remote --verbose [3ms]
[2022-10-30T03:35:01.319Z] > git config --get commit.template [2ms]
[2022-10-30T03:35:05.747Z] > git show --textconv :CMakeLists.txt [12ms]
[2022-10-30T03:35:05.748Z] > git ls-files --stage -- /home/dom/Dev/olas/Lession05/CMakeLists.txt [2ms]
[2022-10-30T03:35:05.761Z] > git cat-file -s 5352df7bb952fe6ac382d43a0a3be1e9022af12d [2ms]
[2022-10-30T03:35:07.674Z] > git status -z -uall [20ms]
[2022-10-30T03:35:07.686Z] > git symbolic-ref --short HEAD [1ms]
[2022-10-30T03:35:07.698Z] > git for-each-ref --format=%(refname)%00%(upstream:short)%00%(objectname)%00%(upstream:track)%00%(upstream:remotename)%00%(upstream:remoteref) refs/heads/main refs/remotes/main [2ms]
[2022-10-30T03:35:07.720Z] > git remote --verbose [2ms]
[2022-10-30T03:35:07.720Z] > git for-each-ref --sort -committerdate --format %(refname) %(objectname) %(*objectname) [13ms]
[2022-10-30T03:35:07.735Z] > git config --get commit.template [2ms]
[2022-10-30T03:35:49.336Z] > git status -z -uall [19ms]
[2022-10-30T03:35:49.350Z] > git symbolic-ref --short HEAD [3ms]
[2022-10-30T03:35:49.363Z] > git for-each-ref --format=%(refname)%00%(upstream:short)%00%(objectname)%00%(upstream:track)%00%(upstream:remotename)%00%(upstream:remoteref) refs/heads/main refs/remotes/main [2ms]
[2022-10-30T03:35:49.387Z] > git for-each-ref --sort -committerdate --format %(refname) %(objectname) %(*objectname) [13ms]
[2022-10-30T03:35:49.387Z] > git remote --verbose [2ms]
[2022-10-30T03:35:49.404Z] > git config --get commit.template [2ms]
[2022-10-30T03:35:54.440Z] > git status -z -uall [21ms]
[2022-10-30T03:35:54.455Z] > git symbolic-ref --short HEAD [2ms]
[2022-10-30T03:35:54.469Z] > git for-each-ref --format=%(refname)%00%(upstream:short)%00%(objectname)%00%(upstream:track)%00%(upstream:remotename)%00%(upstream:remoteref) refs/heads/main refs/remotes/main [3ms]
[2022-10-30T03:35:54.492Z] > git for-each-ref --sort -committerdate --format %(refname) %(objectname) %(*objectname) [12ms]
[2022-10-30T03:35:54.493Z] > git remote --verbose [3ms]
[2022-10-30T03:35:54.508Z] > git config --get commit.template [1ms]
[2022-10-30T03:37:41.714Z] > git show --textconv :OLASConfig.h.in [12ms]
[2022-10-30T03:37:41.715Z] > git ls-files --stage -- /home/dom/Dev/olas/Lession05/OLASConfig.h.in [2ms]
[2022-10-30T03:37:41.730Z] > git cat-file -s c966b40952bb93402ec0e00e3354fe7a727f8282 [4ms]
[2022-10-30T03:38:00.089Z] > git show --textconv :main.cpp [14ms]
[2022-10-30T03:38:00.090Z] > git ls-files --stage -- /home/dom/Dev/olas/Lession05/main.cpp [3ms]
[2022-10-30T03:38:00.104Z] > git cat-file -s 943cdb20c3871c6f1514369d5226d88dea728bf1 [3ms]
[2022-10-30T03:38:19.904Z] > git status -z -uall [19ms]
[2022-10-30T03:38:19.919Z] > git symbolic-ref --short HEAD [2ms]
[2022-10-30T03:38:19.933Z] > git for-each-ref --format=%(refname)%00%(upstream:short)%00%(objectname)%00%(upstream:track)%00%(upstream:remotename)%00%(upstream:remoteref) refs/heads/main refs/remotes/main [2ms]
[2022-10-30T03:38:19.956Z] > git remote --verbose [2ms]
[2022-10-30T03:38:19.956Z] > git for-each-ref --sort -committerdate --format %(refname) %(objectname) %(*objectname) [12ms]
[2022-10-30T03:38:19.974Z] > git config --get commit.template [3ms]
[2022-10-30T03:38:25.006Z] > git status -z -uall [20ms]
[2022-10-30T03:38:25.018Z] > git symbolic-ref --short HEAD [2ms]
[2022-10-30T03:38:25.032Z] > git for-each-ref --format=%(refname)%00%(upstream:short)%00%(objectname)%00%(upstream:track)%00%(upstream:remotename)%00%(upstream:remoteref) refs/heads/main refs/remotes/main [3ms]
[2022-10-30T03:38:25.056Z] > git for-each-ref --sort -committerdate --format %(refname) %(objectname) %(*objectname) [13ms]
[2022-10-30T03:38:25.057Z] > git remote --verbose [2ms]
[2022-10-30T03:38:25.072Z] > git config --get commit.template [2ms]
[2022-10-30T03:38:35.157Z] > git status -z -uall [18ms]
[2022-10-30T03:38:35.170Z] > git symbolic-ref --short HEAD [2ms]
[2022-10-30T03:38:35.184Z] > git for-each-ref --format=%(refname)%00%(upstream:short)%00%(objectname)%00%(upstream:track)%00%(upstream:remotename)%00%(upstream:remoteref) refs/heads/main refs/remotes/main [2ms]
[2022-10-30T03:38:35.208Z] > git for-each-ref --sort -committerdate --format %(refname) %(objectname) %(*objectname) [12ms]
[2022-10-30T03:38:35.208Z] > git remote --verbose [2ms]
[2022-10-30T03:38:35.226Z] > git config --get commit.template [3ms]
[2022-10-30T03:39:25.946Z] > git show --textconv :CMakeLists.txt [14ms]
[2022-10-30T03:39:25.948Z] > git ls-files --stage -- /home/dom/Dev/olas/Lession05/CMakeLists.txt [3ms]
[2022-10-30T03:39:25.963Z] > git cat-file -s 5352df7bb952fe6ac382d43a0a3be1e9022af12d [3ms]
[2022-10-30T03:40:38.988Z] > git show --textconv :main.cpp [11ms]
[2022-10-30T03:40:38.989Z] > git ls-files --stage -- /home/dom/Dev/olas/Lession05/main.cpp [2ms]
[2022-10-30T03:40:39.002Z] > git cat-file -s 943cdb20c3871c6f1514369d5226d88dea728bf1 [3ms]
[2022-10-30T03:40:46.877Z] > git show --textconv :Adder/adder.h [13ms]
[2022-10-30T03:40:46.878Z] > git ls-files --stage -- /home/dom/Dev/olas/Lession05/Adder/adder.h [2ms]
[2022-10-30T03:40:46.890Z] > git cat-file -s ad28d24270ab1c86d8c7a45063c5c01fa187cb31 [2ms]
[2022-10-30T03:40:53.070Z] > git show --textconv :CMakeLists.txt [14ms]
[2022-10-30T03:40:53.071Z] > git ls-files --stage -- /home/dom/Dev/olas/Lession05/CMakeLists.txt [3ms]
[2022-10-30T03:40:53.085Z] > git cat-file -s 5352df7bb952fe6ac382d43a0a3be1e9022af12d [2ms]
[2022-10-30T03:41:54.077Z] > git status -z -uall [20ms]
[2022-10-30T03:41:54.092Z] > git symbolic-ref --short HEAD [3ms]
[2022-10-30T03:41:54.108Z] > git for-each-ref --format=%(refname)%00%(upstream:short)%00%(objectname)%00%(upstream:track)%00%(upstream:remotename)%00%(upstream:remoteref) refs/heads/main refs/remotes/main [4ms]
[2022-10-30T03:41:54.130Z] > git remote --verbose [2ms]
[2022-10-30T03:41:54.130Z] > git for-each-ref --sort -committerdate --format %(refname) %(objectname) %(*objectname) [12ms]
[2022-10-30T03:41:54.146Z] > git config --get commit.template [2ms]
[2022-10-30T03:41:56.926Z] > git show --textconv :OLASConfig.h.in [11ms]
[2022-10-30T03:41:56.928Z] > git ls-files --stage -- /home/dom/Dev/olas/Lession05/OLASConfig.h.in [3ms]
[2022-10-30T03:41:56.943Z] > git cat-file -s c966b40952bb93402ec0e00e3354fe7a727f8282 [2ms]
[2022-10-30T03:41:58.026Z] > git show --textconv :main.cpp [14ms]
[2022-10-30T03:41:58.028Z] > git ls-files --stage -- /home/dom/Dev/olas/Lession05/main.cpp [3ms]
[2022-10-30T03:41:58.041Z] > git cat-file -s 943cdb20c3871c6f1514369d5226d88dea728bf1 [3ms]
[2022-10-30T03:42:22.765Z] > git status -z -uall [18ms]
[2022-10-30T03:42:22.778Z] > git symbolic-ref --short HEAD [2ms]
[2022-10-30T03:42:22.789Z] > git for-each-ref --format=%(refname)%00%(upstream:short)%00%(objectname)%00%(upstream:track)%00%(upstream:remotename)%00%(upstream:remoteref) refs/heads/main refs/remotes/main [2ms]
[2022-10-30T03:42:22.810Z] > git for-each-ref --sort -committerdate --format %(refname) %(objectname) %(*objectname) [12ms]
[2022-10-30T03:42:22.811Z] > git remote --verbose [2ms]
[2022-10-30T03:42:22.827Z] > git config --get commit.template [2ms]
[2022-10-30T03:42:27.191Z] > git show --textconv :OLASConfig.h.in [11ms]
[2022-10-30T03:42:27.193Z] > git ls-files --stage -- /home/dom/Dev/olas/Lession05/OLASConfig.h.in [3ms]
[2022-10-30T03:42:27.206Z] > git cat-file -s c966b40952bb93402ec0e00e3354fe7a727f8282 [2ms]
[2022-10-30T03:42:27.859Z] > git status -z -uall [18ms]
[2022-10-30T03:42:27.873Z] > git symbolic-ref --short HEAD [3ms]
[2022-10-30T03:42:27.885Z] > git for-each-ref --format=%(refname)%00%(upstream:short)%00%(objectname)%00%(upstream:track)%00%(upstream:remotename)%00%(upstream:remoteref) refs/heads/main refs/remotes/main [2ms]
[2022-10-30T03:42:27.907Z] > git for-each-ref --sort -committerdate --format %(refname) %(objectname) %(*objectname) [11ms]
[2022-10-30T03:42:27.908Z] > git remote --verbose [2ms]
[2022-10-30T03:42:27.923Z] > git config --get commit.template [2ms]
[2022-10-30T03:42:33.033Z] > git show --textconv :CMakeLists.txt [13ms]
[2022-10-30T03:42:33.034Z] > git ls-files --stage -- /home/dom/Dev/olas/Lession05/CMakeLists.txt [5ms]
[2022-10-30T03:42:33.044Z] > git cat-file -s 5352df7bb952fe6ac382d43a0a3be1e9022af12d [2ms]
[2022-10-30T03:42:43.411Z] > git status -z -uall [17ms]
[2022-10-30T03:42:43.422Z] > git symbolic-ref --short HEAD [1ms]
[2022-10-30T03:42:43.436Z] > git for-each-ref --format=%(refname)%00%(upstream:short)%00%(objectname)%00%(upstream:track)%00%(upstream:remotename)%00%(upstream:remoteref) refs/heads/main refs/remotes/main [2ms]
[2022-10-30T03:42:43.458Z] > git for-each-ref --sort -committerdate --format %(refname) %(objectname) %(*objectname) [12ms]
[2022-10-30T03:42:43.459Z] > git remote --verbose [2ms]
[2022-10-30T03:42:43.474Z] > git config --get commit.template [2ms]
[2022-10-30T03:42:48.811Z] > git status -z -uall [16ms]
[2022-10-30T03:42:48.824Z] > git symbolic-ref --short HEAD [2ms]
[2022-10-30T03:42:48.838Z] > git for-each-ref --format=%(refname)%00%(upstream:short)%00%(objectname)%00%(upstream:track)%00%(upstream:remotename)%00%(upstream:remoteref) refs/heads/main refs/remotes/main [3ms]
[2022-10-30T03:42:48.860Z] > git remote --verbose [2ms]
[2022-10-30T03:42:48.860Z] > git for-each-ref --sort -committerdate --format %(refname) %(objectname) %(*objectname) [13ms]
[2022-10-30T03:42:48.877Z] > git config --get commit.template [3ms]
[2022-10-30T03:42:53.902Z] > git status -z -uall [15ms]
[2022-10-30T03:42:53.913Z] > git symbolic-ref --short HEAD [1ms]
[2022-10-30T03:42:53.926Z] > git for-each-ref --format=%(refname)%00%(upstream:short)%00%(objectname)%00%(upstream:track)%00%(upstream:remotename)%00%(upstream:remoteref) refs/heads/main refs/remotes/main [2ms]
[2022-10-30T03:42:53.947Z] > git for-each-ref --sort -committerdate --format %(refname) %(objectname) %(*objectname) [12ms]
[2022-10-30T03:42:53.947Z] > git remote --verbose [2ms]
[2022-10-30T03:42:53.960Z] > git config --get commit.template [1ms]
[2022-10-30T03:43:01.182Z] > git status -z -uall [18ms]
[2022-10-30T03:43:01.196Z] > git symbolic-ref --short HEAD [3ms]
[2022-10-30T03:43:01.208Z] > git for-each-ref --format=%(refname)%00%(upstream:short)%00%(objectname)%00%(upstream:track)%00%(upstream:remotename)%00%(upstream:remoteref) refs/heads/main refs/remotes/main [2ms]
[2022-10-30T03:43:01.231Z] > git for-each-ref --sort -committerdate --format %(refname) %(objectname) %(*objectname) [11ms]
[2022-10-30T03:43:01.232Z] > git remote --verbose [3ms]
[2022-10-30T03:43:01.247Z] > git config --get commit.template [2ms]
[2022-10-30T03:43:06.279Z] > git status -z -uall [18ms]
[2022-10-30T03:43:06.292Z] > git symbolic-ref --short HEAD [2ms]
[2022-10-30T03:43:06.305Z] > git for-each-ref --format=%(refname)%00%(upstream:short)%00%(objectname)%00%(upstream:track)%00%(upstream:remotename)%00%(upstream:remoteref) refs/heads/main refs/remotes/main [2ms]
[2022-10-30T03:43:06.329Z] > git remote --verbose [1ms]
[2022-10-30T03:43:06.330Z] > git for-each-ref --sort -committerdate --format %(refname) %(objectname) %(*objectname) [13ms]
[2022-10-30T03:43:06.345Z] > git config --get commit.template [2ms]
[2022-10-30T03:43:12.856Z] > git status -z -uall [18ms]
[2022-10-30T03:43:12.871Z] > git symbolic-ref --short HEAD [3ms]
[2022-10-30T03:43:12.884Z] > git for-each-ref --format=%(refname)%00%(upstream:short)%00%(objectname)%00%(upstream:track)%00%(upstream:remotename)%00%(upstream:remoteref) refs/heads/main refs/remotes/main [2ms]
[2022-10-30T03:43:12.906Z] > git remote --verbose [2ms]
[2022-10-30T03:43:12.906Z] > git for-each-ref --sort -committerdate --format %(refname) %(objectname) %(*objectname) [12ms]
[2022-10-30T03:43:12.922Z] > git config --get commit.template [3ms]
[2022-10-30T03:43:19.192Z] > git status -z -uall [17ms]
[2022-10-30T03:43:19.203Z] > git symbolic-ref --short HEAD [1ms]
[2022-10-30T03:43:19.215Z] > git for-each-ref --format=%(refname)%00%(upstream:short)%00%(objectname)%00%(upstream:track)%00%(upstream:remotename)%00%(upstream:remoteref) refs/heads/main refs/remotes/main [2ms]
[2022-10-30T03:43:19.235Z] > git for-each-ref --sort -committerdate --format %(refname) %(objectname) %(*objectname) [10ms]
[2022-10-30T03:43:19.236Z] > git remote --verbose [3ms]
[2022-10-30T03:43:19.250Z] > git config --get commit.template [1ms]
[2022-10-30T03:45:02.937Z] > git status -z -uall [19ms]
[2022-10-30T03:45:02.949Z] > git symbolic-ref --short HEAD [2ms]
[2022-10-30T03:45:02.962Z] > git for-each-ref --format=%(refname)%00%(upstream:short)%00%(objectname)%00%(upstream:track)%00%(upstream:remotename)%00%(upstream:remoteref) refs/heads/main refs/remotes/main [2ms]
[2022-10-30T03:45:02.986Z] > git for-each-ref --sort -committerdate --format %(refname) %(objectname) %(*objectname) [14ms]
[2022-10-30T03:45:02.987Z] > git remote --verbose [3ms]
[2022-10-30T03:45:03.002Z] > git config --get commit.template [1ms]
[2022-10-30T03:46:30.327Z] > git show --textconv :configure.sh [14ms]
[2022-10-30T03:46:30.328Z] > git ls-files --stage -- /home/dom/Dev/olas/Lession05/configure.sh [2ms]
[2022-10-30T03:46:30.341Z] > git cat-file -s db1386935218361e7baf30a89a5200c3064d3924 [2ms]
[2022-10-30T03:46:41.203Z] > git status -z -uall [18ms]
[2022-10-30T03:46:41.216Z] > git symbolic-ref --short HEAD [1ms]
[2022-10-30T03:46:41.231Z] > git for-each-ref --format=%(refname)%00%(upstream:short)%00%(objectname)%00%(upstream:track)%00%(upstream:remotename)%00%(upstream:remoteref) refs/heads/main refs/remotes/main [3ms]
[2022-10-30T03:46:41.254Z] > git remote --verbose [3ms]
[2022-10-30T03:46:41.254Z] > git for-each-ref --sort -committerdate --format %(refname) %(objectname) %(*objectname) [13ms]
[2022-10-30T03:46:41.268Z] > git config --get commit.template [2ms]
[2022-10-30T03:46:52.920Z] > git status -z -uall [15ms]
[2022-10-30T03:46:52.936Z] > git symbolic-ref --short HEAD [2ms]
[2022-10-30T03:46:52.951Z] > git for-each-ref --format=%(refname)%00%(upstream:short)%00%(objectname)%00%(upstream:track)%00%(upstream:remotename)%00%(upstream:remoteref) refs/heads/main refs/remotes/main [3ms]
[2022-10-30T03:46:52.976Z] > git for-each-ref --sort -committerdate --format %(refname) %(objectname) %(*objectname) [12ms]
[2022-10-30T03:46:52.977Z] > git remote --verbose [3ms]
[2022-10-30T03:46:52.995Z] > git config --get commit.template [3ms]
[2022-10-30T03:46:53.455Z] > git show --textconv :CMakeLists.txt [12ms]
[2022-10-30T03:46:53.457Z] > git ls-files --stage -- /home/dom/Dev/olas/Lession05/CMakeLists.txt [2ms]
[2022-10-30T03:46:53.467Z] > git cat-file -s 5352df7bb952fe6ac382d43a0a3be1e9022af12d [2ms]
[2022-10-30T03:46:54.643Z] > git show --textconv :OLASConfig.h.in [11ms]
[2022-10-30T03:46:54.645Z] > git ls-files --stage -- /home/dom/Dev/olas/Lession05/OLASConfig.h.in [3ms]
[2022-10-30T03:46:54.660Z] > git cat-file -s c966b40952bb93402ec0e00e3354fe7a727f8282 [3ms]
[2022-10-30T03:47:01.747Z] > git show --textconv :main.cpp [13ms]
[2022-10-30T03:47:01.748Z] > git ls-files --stage -- /home/dom/Dev/olas/Lession05/main.cpp [2ms]
[2022-10-30T03:47:01.762Z] > git cat-file -s 943cdb20c3871c6f1514369d5226d88dea728bf1 [2ms]
[2022-10-30T03:47:02.592Z] > git status -z -uall [17ms]
[2022-10-30T03:47:02.606Z] > git symbolic-ref --short HEAD [2ms]
[2022-10-30T03:47:02.619Z] > git for-each-ref --format=%(refname)%00%(upstream:short)%00%(objectname)%00%(upstream:track)%00%(upstream:remotename)%00%(upstream:remoteref) refs/heads/main refs/remotes/main [2ms]
[2022-10-30T03:47:02.641Z] > git for-each-ref --sort -committerdate --format %(refname) %(objectname) %(*objectname) [12ms]
[2022-10-30T03:47:02.641Z] > git remote --verbose [2ms]
[2022-10-30T03:47:02.657Z] > git config --get commit.template [3ms]
[2022-10-30T03:47:46.680Z] > git status -z -uall [20ms]
[2022-10-30T03:47:46.694Z] > git symbolic-ref --short HEAD [2ms]
[2022-10-30T03:47:46.705Z] > git for-each-ref --format=%(refname)%00%(upstream:short)%00%(objectname)%00%(upstream:track)%00%(upstream:remotename)%00%(upstream:remoteref) refs/heads/main refs/remotes/main [2ms]
[2022-10-30T03:47:46.729Z] > git for-each-ref --sort -committerdate --format %(refname) %(objectname) %(*objectname) [13ms]
[2022-10-30T03:47:46.730Z] > git remote --verbose [2ms]
[2022-10-30T03:47:46.745Z] > git config --get commit.template [2ms]
[2022-10-30T03:47:56.861Z] > git status -z -uall [16ms]
[2022-10-30T03:47:56.873Z] > git symbolic-ref --short HEAD [2ms]
[2022-10-30T03:47:56.887Z] > git for-each-ref --format=%(refname)%00%(upstream:short)%00%(objectname)%00%(upstream:track)%00%(upstream:remotename)%00%(upstream:remoteref) refs/heads/main refs/remotes/main [3ms]
[2022-10-30T03:47:56.909Z] > git for-each-ref --sort -committerdate --format %(refname) %(objectname) %(*objectname) [11ms]
[2022-10-30T03:47:56.910Z] > git remote --verbose [3ms]
[2022-10-30T03:47:56.924Z] > git config --get commit.template [2ms]
[2022-10-30T03:48:34.756Z] > git show --textconv :CMakeLists.txt [15ms]
[2022-10-30T03:48:34.758Z] > git ls-files --stage -- /home/dom/Dev/olas/Lession05/CMakeLists.txt [4ms]
[2022-10-30T03:48:34.772Z] > git cat-file -s 5352df7bb952fe6ac382d43a0a3be1e9022af12d [2ms]
[2022-10-30T03:48:41.041Z] > git status -z -uall [19ms]
[2022-10-30T03:48:41.054Z] > git symbolic-ref --short HEAD [2ms]
[2022-10-30T03:48:41.066Z] > git for-each-ref --format=%(refname)%00%(upstream:short)%00%(objectname)%00%(upstream:track)%00%(upstream:remotename)%00%(upstream:remoteref) refs/heads/main refs/remotes/main [2ms]
[2022-10-30T03:48:41.090Z] > git for-each-ref --sort -committerdate --format %(refname) %(objectname) %(*objectname) [13ms]
[2022-10-30T03:48:41.091Z] > git remote --verbose [2ms]
[2022-10-30T03:48:41.105Z] > git config --get commit.template [2ms]
[2022-10-30T03:50:23.346Z] > git status -z -uall [20ms]
[2022-10-30T03:50:23.360Z] > git symbolic-ref --short HEAD [4ms]
[2022-10-30T03:50:23.372Z] > git for-each-ref --format=%(refname)%00%(upstream:short)%00%(objectname)%00%(upstream:track)%00%(upstream:remotename)%00%(upstream:remoteref) refs/heads/main refs/remotes/main [2ms]
[2022-10-30T03:50:23.396Z] > git for-each-ref --sort -committerdate --format %(refname) %(objectname) %(*objectname) [12ms]
[2022-10-30T03:50:23.396Z] > git remote --verbose [2ms]
[2022-10-30T03:50:23.411Z] > git config --get commit.template [2ms]
[2022-10-30T03:50:46.307Z] > git status -z -uall [16ms]
[2022-10-30T03:50:46.320Z] > git symbolic-ref --short HEAD [2ms]
[2022-10-30T03:50:46.331Z] > git for-each-ref --format=%(refname)%00%(upstream:short)%00%(objectname)%00%(upstream:track)%00%(upstream:remotename)%00%(upstream:remoteref) refs/heads/main refs/remotes/main [2ms]
[2022-10-30T03:50:46.355Z] > git for-each-ref --sort -committerdate --format %(refname) %(objectname) %(*objectname) [13ms]
[2022-10-30T03:50:46.355Z] > git remote --verbose [2ms]
[2022-10-30T03:50:46.372Z] > git config --get commit.template [1ms]
[2022-10-30T03:51:57.056Z] > git status -z -uall [3ms]
[2022-10-30T03:51:57.069Z] > git symbolic-ref --short HEAD [2ms]
[2022-10-30T03:51:57.082Z] > git for-each-ref --format=%(refname)%00%(upstream:short)%00%(objectname)%00%(upstream:track)%00%(upstream:remotename)%00%(upstream:remoteref) refs/heads/master refs/remotes/master [1ms]
[2022-10-30T03:51:57.106Z] > git for-each-ref --sort -committerdate --format %(refname) %(objectname) %(*objectname) [12ms]
[2022-10-30T03:51:57.106Z] > git remote --verbose [2ms]
[2022-10-30T03:51:57.123Z] > git config --get commit.template [2ms]
[2022-10-30T03:51:57.158Z] > git ls-files --stage -- /home/dom/Dev/olas/Lession05/CMakeLists.txt [1ms]
[2022-10-30T03:51:57.176Z] > git show --textconv :CMakeLists.txt [2ms]
[2022-10-30T03:53:37.979Z] > git status -z -uall [3ms]
[2022-10-30T03:53:37.993Z] > git symbolic-ref --short HEAD [2ms]
[2022-10-30T03:53:38.006Z] > git for-each-ref --format=%(refname)%00%(upstream:short)%00%(objectname)%00%(upstream:track)%00%(upstream:remotename)%00%(upstream:remoteref) refs/heads/master refs/remotes/master [2ms]
[2022-10-30T03:53:38.028Z] > git remote --verbose [2ms]
[2022-10-30T03:53:38.028Z] > git for-each-ref --sort -committerdate --format %(refname) %(objectname) %(*objectname) [12ms]
[2022-10-30T03:53:38.044Z] > git config --get commit.template [2ms]
[2022-10-30T03:53:38.098Z] > git check-ignore -v -z --stdin [2ms]
[2022-10-30T03:53:43.562Z] > git show --textconv :.gitignore [16ms]
[2022-10-30T03:53:43.564Z] > git ls-files --stage -- /home/dom/Dev/olas/Lession05/.gitignore [3ms]
[2022-10-30T03:55:17.457Z] > git check-ignore -v -z --stdin [2ms]
[2022-10-30T03:55:17.865Z] > git status -z -uall [2ms]
[2022-10-30T03:55:17.881Z] > git symbolic-ref --short HEAD [3ms]
[2022-10-30T03:55:17.894Z] > git for-each-ref --format=%(refname)%00%(upstream:short)%00%(objectname)%00%(upstream:track)%00%(upstream:remotename)%00%(upstream:remoteref) refs/heads/master refs/remotes/master [2ms]
[2022-10-30T03:55:17.916Z] > git for-each-ref --sort -committerdate --format %(refname) %(objectname) %(*objectname) [11ms]
[2022-10-30T03:55:17.917Z] > git remote --verbose [2ms]
[2022-10-30T03:55:17.932Z] > git config --get commit.template [2ms]
[2022-10-30T03:55:23.632Z] > git check-ignore -v -z --stdin [2ms]
[2022-10-30T03:55:24.030Z] > git status -z -uall [2ms]
[2022-10-30T03:55:24.044Z] > git symbolic-ref --short HEAD [3ms]
[2022-10-30T03:55:24.057Z] > git for-each-ref --format=%(refname)%00%(upstream:short)%00%(objectname)%00%(upstream:track)%00%(upstream:remotename)%00%(upstream:remoteref) refs/heads/master refs/remotes/master [2ms]
[2022-10-30T03:55:24.080Z] > git for-each-ref --sort -committerdate --format %(refname) %(objectname) %(*objectname) [13ms]
[2022-10-30T03:55:24.080Z] > git remote --verbose [2ms]
[2022-10-30T03:55:24.094Z] > git config --get commit.template [1ms]
[2022-10-30T03:56:11.205Z] > git check-ignore -v -z --stdin [2ms]
[2022-10-30T03:56:11.621Z] > git status -z -uall [2ms]
[2022-10-30T03:56:11.633Z] > git symbolic-ref --short HEAD [1ms]
[2022-10-30T03:56:11.645Z] > git for-each-ref --format=%(refname)%00%(upstream:short)%00%(objectname)%00%(upstream:track)%00%(upstream:remotename)%00%(upstream:remoteref) refs/heads/master refs/remotes/master [1ms]
[2022-10-30T03:56:11.667Z] > git remote --verbose [2ms]
[2022-10-30T03:56:11.667Z] > git for-each-ref --sort -committerdate --format %(refname) %(objectname) %(*objectname) [12ms]
[2022-10-30T03:56:11.681Z] > git config --get commit.template [2ms]
[2022-10-30T03:56:16.090Z] > git check-ignore -v -z --stdin [3ms]
[2022-10-30T03:56:17.090Z] > git check-ignore -v -z --stdin [2ms]
[2022-10-30T03:56:17.508Z] > git status -z -uall [3ms]
[2022-10-30T03:56:17.520Z] > git symbolic-ref --short HEAD [1ms]
[2022-10-30T03:56:17.532Z] > git for-each-ref --format=%(refname)%00%(upstream:short)%00%(objectname)%00%(upstream:track)%00%(upstream:remotename)%00%(upstream:remoteref) refs/heads/master refs/remotes/master [1ms]
[2022-10-30T03:56:17.556Z] > git remote --verbose [2ms]
[2022-10-30T03:56:17.556Z] > git for-each-ref --sort -committerdate --format %(refname) %(objectname) %(*objectname) [14ms]
[2022-10-30T03:56:17.572Z] > git config --get commit.template [2ms]
[2022-10-30T03:56:36.751Z] > git show --textconv :CMakeLists.txt [15ms]
[2022-10-30T03:56:36.753Z] > git ls-files --stage -- /home/dom/Dev/olas/Lession05/CMakeLists.txt [3ms]
[2022-10-30T03:56:39.031Z] > git status -z -uall [2ms]
[2022-10-30T03:56:39.045Z] > git symbolic-ref --short HEAD [4ms]
[2022-10-30T03:56:39.055Z] > git for-each-ref --format=%(refname)%00%(upstream:short)%00%(objectname)%00%(upstream:track)%00%(upstream:remotename)%00%(upstream:remoteref) refs/heads/master refs/remotes/master [1ms]
[2022-10-30T03:56:39.080Z] > git for-each-ref --sort -committerdate --format %(refname) %(objectname) %(*objectname) [12ms]
[2022-10-30T03:56:39.080Z] > git remote --verbose [2ms]
[2022-10-30T03:56:39.094Z] > git config --get commit.template [1ms]
[2022-10-30T03:59:31.271Z] > git status -z -uall [2ms]
[2022-10-30T03:59:31.284Z] > git symbolic-ref --short HEAD [2ms]
[2022-10-30T03:59:31.296Z] > git for-each-ref --format=%(refname)%00%(upstream:short)%00%(objectname)%00%(upstream:track)%00%(upstream:remotename)%00%(upstream:remoteref) refs/heads/master refs/remotes/master [2ms]
[2022-10-30T03:59:31.319Z] > git remote --verbose [2ms]
[2022-10-30T03:59:31.319Z] > git for-each-ref --sort -committerdate --format %(refname) %(objectname) %(*objectname) [12ms]
[2022-10-30T03:59:31.335Z] > git config --get commit.template [2ms]
[2022-10-30T03:59:36.351Z] > git status -z -uall [3ms]
[2022-10-30T03:59:36.364Z] > git symbolic-ref --short HEAD [1ms]
[2022-10-30T03:59:36.376Z] > git for-each-ref --format=%(refname)%00%(upstream:short)%00%(objectname)%00%(upstream:track)%00%(upstream:remotename)%00%(upstream:remoteref) refs/heads/master refs/remotes/master [2ms]
[2022-10-30T03:59:36.398Z] > git for-each-ref --sort -committerdate --format %(refname) %(objectname) %(*objectname) [12ms]
[2022-10-30T03:59:36.398Z] > git remote --verbose [3ms]
[2022-10-30T03:59:36.412Z] > git config --get commit.template [1ms]
[2022-10-30T03:59:41.428Z] > git status -z -uall [2ms]
[2022-10-30T03:59:41.441Z] > git symbolic-ref --short HEAD [3ms]
[2022-10-30T03:59:41.452Z] > git for-each-ref --format=%(refname)%00%(upstream:short)%00%(objectname)%00%(upstream:track)%00%(upstream:remotename)%00%(upstream:remoteref) refs/heads/master refs/remotes/master [2ms]
[2022-10-30T03:59:41.476Z] > git for-each-ref --sort -committerdate --format %(refname) %(objectname) %(*objectname) [13ms]
[2022-10-30T03:59:41.477Z] > git remote --verbose [2ms]
[2022-10-30T03:59:41.491Z] > git config --get commit.template [2ms]
[2022-10-30T04:00:06.675Z] > git show --textconv :OLASConfig.h.in [14ms]
[2022-10-30T04:00:06.678Z] > git ls-files --stage -- /home/dom/Dev/olas/Lession05/OLASConfig.h.in [4ms]
[2022-10-30T04:00:09.403Z] > git status -z -uall [2ms]
[2022-10-30T04:00:09.416Z] > git symbolic-ref --short HEAD [2ms]
[2022-10-30T04:00:09.429Z] > git for-each-ref --format=%(refname)%00%(upstream:short)%00%(objectname)%00%(upstream:track)%00%(upstream:remotename)%00%(upstream:remoteref) refs/heads/master refs/remotes/master [2ms]
[2022-10-30T04:00:09.451Z] > git for-each-ref --sort -committerdate --format %(refname) %(objectname) %(*objectname) [12ms]
[2022-10-30T04:00:09.451Z] > git remote --verbose [2ms]
[2022-10-30T04:00:09.467Z] > git config --get commit.template [3ms]
[2022-10-30T04:00:35.630Z] > git status -z -uall [3ms]
[2022-10-30T04:00:35.642Z] > git symbolic-ref --short HEAD [2ms]
[2022-10-30T04:00:35.654Z] > git for-each-ref --format=%(refname)%00%(upstream:short)%00%(objectname)%00%(upstream:track)%00%(upstream:remotename)%00%(upstream:remoteref) refs/heads/master refs/remotes/master [2ms]
[2022-10-30T04:00:35.675Z] > git for-each-ref --sort -committerdate --format %(refname) %(objectname) %(*objectname) [11ms]
[2022-10-30T04:00:35.676Z] > git remote --verbose [2ms]
[2022-10-30T04:00:35.689Z] > git config --get commit.template [2ms]
[2022-10-30T04:00:40.706Z] > git status -z -uall [2ms]
[2022-10-30T04:00:40.720Z] > git symbolic-ref --short HEAD [2ms]
[2022-10-30T04:00:40.732Z] > git for-each-ref --format=%(refname)%00%(upstream:short)%00%(objectname)%00%(upstream:track)%00%(upstream:remotename)%00%(upstream:remoteref) refs/heads/master refs/remotes/master [1ms]
[2022-10-30T04:00:40.752Z] > git for-each-ref --sort -committerdate --format %(refname) %(objectname) %(*objectname) [12ms]
[2022-10-30T04:00:40.752Z] > git remote --verbose [2ms]
[2022-10-30T04:00:40.765Z] > git config --get commit.template [1ms]
[2022-10-30T04:05:44.518Z] > git show --textconv :CMakeLists.txt [7ms]
[2022-10-30T04:05:44.519Z] > git ls-files --stage -- /home/dom/Dev/olas/Lession05/CMakeLists.txt [2ms]
[2022-10-30T04:07:50.847Z] > git status -z -uall [3ms]
[2022-10-30T04:07:50.856Z] > git symbolic-ref --short HEAD [1ms]
[2022-10-30T04:07:50.866Z] > git for-each-ref --format=%(refname)%00%(upstream:short)%00%(objectname)%00%(upstream:track)%00%(upstream:remotename)%00%(upstream:remoteref) refs/heads/master refs/remotes/master [1ms]
[2022-10-30T04:07:50.884Z] > git for-each-ref --sort -committerdate --format %(refname) %(objectname) %(*objectname) [8ms]
[2022-10-30T04:07:50.885Z] > git remote --verbose [2ms]
[2022-10-30T04:07:50.895Z] > git config --get commit.template [1ms]
[2022-10-30T04:09:04.939Z] > git status -z -uall [2ms]
[2022-10-30T04:09:04.950Z] > git symbolic-ref --short HEAD [2ms]
[2022-10-30T04:09:04.960Z] > git for-each-ref --format=%(refname)%00%(upstream:short)%00%(objectname)%00%(upstream:track)%00%(upstream:remotename)%00%(upstream:remoteref) refs/heads/master refs/remotes/master [2ms]
[2022-10-30T04:09:04.976Z] > git for-each-ref --sort -committerdate --format %(refname) %(objectname) %(*objectname) [9ms]
[2022-10-30T04:09:04.977Z] > git remote --verbose [2ms]
[2022-10-30T04:09:04.989Z] > git config --get commit.template [2ms]
[2022-10-30T04:09:11.026Z] > git status -z -uall [2ms]
[2022-10-30T04:09:11.037Z] > git symbolic-ref --short HEAD [2ms]
[2022-10-30T04:09:11.047Z] > git for-each-ref --format=%(refname)%00%(upstream:short)%00%(objectname)%00%(upstream:track)%00%(upstream:remotename)%00%(upstream:remoteref) refs/heads/master refs/remotes/master [2ms]
[2022-10-30T04:09:11.065Z] > git for-each-ref --sort -committerdate --format %(refname) %(objectname) %(*objectname) [9ms]
[2022-10-30T04:09:11.066Z] > git remote --verbose [2ms]
[2022-10-30T04:09:11.077Z] > git config --get commit.template [2ms]
[2022-10-30T04:09:56.489Z] > git status -z -uall [2ms]
[2022-10-30T04:09:56.499Z] > git symbolic-ref --short HEAD [2ms]
[2022-10-30T04:09:56.508Z] > git for-each-ref --format=%(refname)%00%(upstream:short)%00%(objectname)%00%(upstream:track)%00%(upstream:remotename)%00%(upstream:remoteref) refs/heads/master refs/remotes/master [1ms]
[2022-10-30T04:09:56.526Z] > git for-each-ref --sort -committerdate --format %(refname) %(objectname) %(*objectname) [9ms]
[2022-10-30T04:09:56.526Z] > git remote --verbose [1ms]
[2022-10-30T04:09:56.536Z] > git config --get commit.template [1ms]
[2022-10-30T04:10:06.531Z] > git status -z -uall [2ms]
[2022-10-30T04:10:06.540Z] > git symbolic-ref --short HEAD [2ms]
[2022-10-30T04:10:06.548Z] > git for-each-ref --format=%(refname)%00%(upstream:short)%00%(objectname)%00%(upstream:track)%00%(upstream:remotename)%00%(upstream:remoteref) refs/heads/master refs/remotes/master [2ms]
[2022-10-30T04:10:06.562Z] > git for-each-ref --sort -committerdate --format %(refname) %(objectname) %(*objectname) [9ms]
[2022-10-30T04:10:06.562Z] > git remote --verbose [1ms]
[2022-10-30T04:10:06.572Z] > git config --get commit.template [1ms]
[2022-10-30T04:10:37.440Z] > git status -z -uall [1ms]
[2022-10-30T04:10:37.449Z] > git symbolic-ref --short HEAD [1ms]
[2022-10-30T04:10:37.458Z] > git for-each-ref --format=%(refname)%00%(upstream:short)%00%(objectname)%00%(upstream:track)%00%(upstream:remotename)%00%(upstream:remoteref) refs/heads/master refs/remotes/master [1ms]
[2022-10-30T04:10:37.474Z] > git for-each-ref --sort -committerdate --format %(refname) %(objectname) %(*objectname) [8ms]
[2022-10-30T04:10:37.474Z] > git remote --verbose [1ms]
[2022-10-30T04:10:37.483Z] > git config --get commit.template [2ms]
[2022-10-30T04:11:23.310Z] > git status -z -uall [3ms]
[2022-10-30T04:11:23.318Z] > git symbolic-ref --short HEAD [2ms]
[2022-10-30T04:11:23.325Z] > git for-each-ref --format=%(refname)%00%(upstream:short)%00%(objectname)%00%(upstream:track)%00%(upstream:remotename)%00%(upstream:remoteref) refs/heads/master refs/remotes/master [1ms]
[2022-10-30T04:11:23.341Z] > git for-each-ref --sort -committerdate --format %(refname) %(objectname) %(*objectname) [10ms]
[2022-10-30T04:11:23.342Z] > git remote --verbose [3ms]
[2022-10-30T04:11:23.350Z] > git config --get commit.template [1ms]
[2022-10-30T04:11:53.469Z] > git show --textconv :main.cpp [8ms]
[2022-10-30T04:11:53.470Z] > git ls-files --stage -- /home/dom/Dev/olas/Lession05/main.cpp [2ms]
[2022-10-30T04:12:01.908Z] > git status -z -uall [1ms]
[2022-10-30T04:12:01.918Z] > git symbolic-ref --short HEAD [2ms]
[2022-10-30T04:12:01.928Z] > git for-each-ref --format=%(refname)%00%(upstream:short)%00%(objectname)%00%(upstream:track)%00%(upstream:remotename)%00%(upstream:remoteref) refs/heads/master refs/remotes/master [2ms]
[2022-10-30T04:12:01.945Z] > git for-each-ref --sort -committerdate --format %(refname) %(objectname) %(*objectname) [10ms]
[2022-10-30T04:12:01.946Z] > git remote --verbose [2ms]
[2022-10-30T04:12:01.957Z] > git config --get commit.template [1ms]
[2022-10-30T04:13:28.773Z] > git show --textconv :CMakeLists.txt [9ms]
[2022-10-30T04:13:28.774Z] > git ls-files --stage -- /home/dom/Dev/olas/Lession05/CMakeLists.txt [2ms]
[2022-10-30T04:13:34.246Z] > git status -z -uall [33ms]
[2022-10-30T04:13:34.255Z] > git symbolic-ref --short HEAD [1ms]
[2022-10-30T04:13:34.264Z] > git for-each-ref --format=%(refname)%00%(upstream:short)%00%(objectname)%00%(upstream:track)%00%(upstream:remotename)%00%(upstream:remoteref) refs/heads/master refs/remotes/master [1ms]
[2022-10-30T04:13:34.281Z] > git for-each-ref --sort -committerdate --format %(refname) %(objectname) %(*objectname) [9ms]
[2022-10-30T04:13:34.282Z] > git remote --verbose [2ms]
[2022-10-30T04:13:34.292Z] > git config --get commit.template [1ms]
[2022-10-30T04:13:35.867Z] > git show --textconv :OLASConfig.h.in [10ms]
[2022-10-30T04:13:35.868Z] > git ls-files --stage -- /home/dom/Dev/olas/Lession05/OLASConfig.h.in [2ms]
[2022-10-30T04:13:39.303Z] > git status -z -uall [1ms]
[2022-10-30T04:13:39.312Z] > git symbolic-ref --short HEAD [1ms]
[2022-10-30T04:13:39.321Z] > git for-each-ref --format=%(refname)%00%(upstream:short)%00%(objectname)%00%(upstream:track)%00%(upstream:remotename)%00%(upstream:remoteref) refs/heads/master refs/remotes/master [2ms]
[2022-10-30T04:13:39.337Z] > git for-each-ref --sort -committerdate --format %(refname) %(objectname) %(*objectname) [8ms]
[2022-10-30T04:13:39.338Z] > git remote --verbose [2ms]
[2022-10-30T04:13:39.349Z] > git config --get commit.template [1ms]
[2022-10-30T04:13:44.916Z] > git show --textconv :main.cpp [8ms]
[2022-10-30T04:13:44.917Z] > git ls-files --stage -- /home/dom/Dev/olas/Lession05/main.cpp [2ms]
[2022-10-30T04:14:08.059Z] > git status -z -uall [2ms]
[2022-10-30T04:14:08.069Z] > git symbolic-ref --short HEAD [2ms]
[2022-10-30T04:14:08.079Z] > git for-each-ref --format=%(refname)%00%(upstream:short)%00%(objectname)%00%(upstream:track)%00%(upstream:remotename)%00%(upstream:remoteref) refs/heads/master refs/remotes/master [2ms]
[2022-10-30T04:14:08.095Z] > git remote --verbose [2ms]
[2022-10-30T04:14:08.095Z] > git for-each-ref --sort -committerdate --format %(refname) %(objectname) %(*objectname) [9ms]
[2022-10-30T04:14:08.107Z] > git config --get commit.template [2ms]
