2022-12-09 17:02:24.110 [info] Validating found git in: git
2022-12-09 17:02:24.110 [info] Using git 2.38.1 from git
2022-12-09 17:02:24.110 [info] > git rev-parse --show-toplevel [91ms]
2022-12-09 17:02:24.110 [info] > git rev-parse --git-dir --git-common-dir [9ms]
2022-12-09 17:02:24.110 [info] Log level: Info
2022-12-09 17:02:24.110 [info] Open repository: /home/dom/Dev/olas
2022-12-09 17:02:24.110 [info] > git status -z -uall [59ms]
2022-12-09 17:02:24.110 [info] > git rev-parse --show-toplevel [51ms]
2022-12-09 17:02:24.110 [info] > git remote --verbose [93ms]
2022-12-09 17:02:24.110 [info] > git for-each-ref --sort -committerdate --format %(refname) %(objectname) %(*objectname) [101ms]
2022-12-09 17:02:24.110 [info] > git rev-parse --show-toplevel [26ms]
2022-12-09 17:02:24.110 [info] > git config --get commit.template [64ms]
2022-12-09 17:02:24.110 [info] > git rev-parse --show-toplevel [4ms]
2022-12-09 17:02:24.135 [info] > git rev-parse --show-toplevel [148ms]
2022-12-09 17:02:24.140 [info] > git for-each-ref --format=%(refname)%00%(upstream:short)%00%(objectname)%00%(upstream:track)%00%(upstream:remotename)%00%(upstream:remoteref) refs/heads/main refs/remotes/main [143ms]
2022-12-09 17:02:24.174 [info] > git remote --verbose [14ms]
2022-12-09 17:02:24.174 [info] > git for-each-ref --sort -committerdate --format %(refname) %(objectname) %(*objectname) [22ms]
2022-12-09 17:02:24.174 [info] > git rev-parse --show-toplevel [34ms]
2022-12-09 17:02:24.181 [info] > git status -z -uall [16ms]
2022-12-09 17:02:24.182 [info] > git config --get commit.template [10ms]
2022-12-09 17:02:24.184 [info] > git rev-parse --show-toplevel [5ms]
2022-12-09 17:02:24.202 [info] > git for-each-ref --format=%(refname)%00%(upstream:short)%00%(objectname)%00%(upstream:track)%00%(upstream:remotename)%00%(upstream:remoteref) refs/heads/main refs/remotes/main [3ms]
2022-12-09 17:02:24.205 [info] > git rev-parse --git-dir --git-common-dir [16ms]
2022-12-09 17:02:24.209 [info] Log level: Info
2022-12-09 17:02:24.209 [info] Open repository: /home/dom/Dev/olas/Lession05
2022-12-09 17:02:24.259 [info] > git status -z -uall [20ms]
2022-12-09 17:02:24.260 [info] > git remote --verbose [41ms]
2022-12-09 17:02:24.260 [info] > git for-each-ref --sort -committerdate --format %(refname) %(objectname) %(*objectname) [46ms]
2022-12-09 17:02:24.260 [info] > git config --get commit.template [3ms]
2022-12-09 17:02:24.261 [info] > git rev-parse --show-toplevel [13ms]
2022-12-09 17:02:24.272 [info] > git for-each-ref --format=%(refname)%00%(upstream:short)%00%(objectname)%00%(upstream:track)%00%(upstream:remotename)%00%(upstream:remoteref) refs/heads/master refs/remotes/master [5ms]
2022-12-09 17:02:24.304 [info] > git status -z -uall [11ms]
2022-12-09 17:02:24.304 [info] > git remote --verbose [17ms]
2022-12-09 17:02:24.305 [info] > git for-each-ref --sort -committerdate --format %(refname) %(objectname) %(*objectname) [26ms]
2022-12-09 17:02:24.313 [info] > git config --get commit.template [12ms]
2022-12-09 17:02:24.380 [info] > git for-each-ref --format=%(refname)%00%(upstream:short)%00%(objectname)%00%(upstream:track)%00%(upstream:remotename)%00%(upstream:remoteref) refs/heads/master refs/remotes/master [4ms]
2022-12-09 17:02:24.713 [info] > git show --textconv :readme.md [6ms]
2022-12-09 17:02:24.713 [info] > git ls-files --stage -- /home/dom/Dev/olas/readme.md [1ms]
2022-12-09 17:02:24.721 [info] > git cat-file -s ee1a35dadb4acffe29a846f82763484640a48878 [1ms]
2022-12-09 17:02:24.829 [info] > git check-ignore -v -z --stdin [9ms]
2022-12-09 17:02:24.829 [info] > git check-ignore -v -z --stdin [3ms]
