2023-04-23 23:15:53.362 [info] Added views:workbench.panel.markers.view in workbench.panel.markers
2023-04-23 23:15:53.362 [info] Added views:workbench.panel.output in workbench.panel.output
2023-04-23 23:15:53.362 [info] Added views:terminal in terminal
2023-04-23 23:15:53.362 [info] Added views:outline in workbench.view.explorer
2023-04-23 23:15:53.362 [info] Added views:workbench.scm in workbench.view.scm
2023-04-23 23:15:53.362 [info] Added views:workbench.view.search in workbench.view.search
2023-04-23 23:15:53.362 [info] Added views:timeline in workbench.view.explorer
2023-04-23 23:15:53.362 [info] Added views:workbench.explorer.fileView in workbench.view.explorer
2023-04-23 23:15:53.667 [info] Added views:workbench.debug.welcome in workbench.view.debug
2023-04-23 23:15:54.448 [info] Added views:workbench.panel.repl.view in workbench.panel.repl
2023-04-23 23:17:16.812 [info] Added views:workbench.views.extensions.installed,workbench.views.extensions.popular,extensions.recommendedList in workbench.view.extensions
2023-04-23 23:17:16.816 [info] Removed views:workbench.views.extensions.popular from workbench.view.extensions
2023-04-23 23:17:25.213 [info] Added views:workbench.panel.markers.view in workbench.panel.markers
2023-04-23 23:17:25.213 [info] Added views:workbench.panel.output in workbench.panel.output
2023-04-23 23:17:25.213 [info] Added views:terminal in terminal
2023-04-23 23:17:25.213 [info] Added views:outline in workbench.view.explorer
2023-04-23 23:17:25.213 [info] Added views:workbench.scm in workbench.view.scm
2023-04-23 23:17:25.213 [info] Added views:workbench.view.search in workbench.view.search
2023-04-23 23:17:25.213 [info] Added views:timeline in workbench.view.explorer
2023-04-23 23:17:25.213 [info] Added views:workbench.explorer.fileView in workbench.view.explorer
2023-04-23 23:17:25.289 [info] Added views:workbench.debug.welcome in workbench.view.debug
2023-04-23 23:17:26.138 [info] Added views:workbench.panel.repl.view in workbench.panel.repl
2023-04-23 23:17:26.575 [info] Added views:workbench.views.extensions.installed,extensions.recommendedList in workbench.view.extensions
2023-04-23 23:17:39.359 [info] Removed views:workbench.debug.welcome from workbench.view.debug
2023-04-23 23:17:39.360 [info] Added views:workbench.debug.variablesView,workbench.debug.watchExpressionsView,workbench.debug.callStackView,workbench.debug.breakPointsView in workbench.view.debug
