2024-05-05 10:54:41.782 [info] Log level: Info
2024-05-05 10:54:41.782 [info] Validating found git in: "git"
2024-05-05 10:54:41.782 [info] Using git "2.44.0" from "git"
2024-05-05 10:54:41.782 [info] > git rev-parse --show-toplevel [1ms]
2024-05-05 10:54:41.782 [info] > git rev-parse --git-dir --git-common-dir [1ms]
2024-05-05 10:54:41.782 [info] Open repository: /home/dom/Dev/PersonalBlogWeb
2024-05-05 10:54:41.782 [info] > git config --get commit.template [7ms]
2024-05-05 10:54:41.782 [info] > git rev-parse --show-toplevel [2ms]
2024-05-05 10:54:41.782 [info] > git for-each-ref --format=%(refname)%00%(upstream:short)%00%(objectname)%00%(upstream:track)%00%(upstream:remotename)%00%(upstream:remoteref) refs/heads/main refs/remotes/main [2ms]
2024-05-05 10:54:41.782 [warning] ENOENT: no such file or directory, open '/home/dom/Dev/PersonalBlogWeb/.git/refs/remotes/origin/main'
2024-05-05 10:54:41.782 [info] > git rev-parse refs/remotes/origin/main [2ms]
2024-05-05 10:54:41.782 [info] > git status -z -uall [8ms]
2024-05-05 10:54:41.782 [info] > git config --get commit.template [6ms]
2024-05-05 10:54:41.783 [info] > git for-each-ref --format=%(refname)%00%(upstream:short)%00%(objectname)%00%(upstream:track)%00%(upstream:remotename)%00%(upstream:remoteref) refs/heads/main refs/remotes/main [4ms]
2024-05-05 10:54:41.793 [warning] ENOENT: no such file or directory, open '/home/dom/Dev/PersonalBlogWeb/.git/refs/remotes/origin/main'
2024-05-05 10:54:41.795 [info] > git rev-parse refs/remotes/origin/main [3ms]
2024-05-05 10:54:41.843 [info] > git status -z -uall [39ms]
2024-05-05 10:54:42.365 [info] > git check-ignore -v -z --stdin [3ms]
2024-05-05 10:55:12.117 [info] > git show --textconv :_coverpage.md [10ms]
2024-05-05 10:55:12.120 [info] > git ls-files --stage -- /home/dom/Dev/PersonalBlogWeb/_coverpage.md [4ms]
2024-05-05 10:55:12.129 [info] > git cat-file -s 97fabe91f4f3a4096c9e250d9bac14be2fcdb4b3 [1ms]
2024-05-05 10:55:21.350 [info] > git config --get commit.template [21ms]
2024-05-05 10:55:21.351 [info] > git for-each-ref --format=%(refname)%00%(upstream:short)%00%(objectname)%00%(upstream:track)%00%(upstream:remotename)%00%(upstream:remoteref) refs/heads/main refs/remotes/main [4ms]
2024-05-05 10:55:21.365 [warning] ENOENT: no such file or directory, open '/home/dom/Dev/PersonalBlogWeb/.git/refs/remotes/origin/main'
2024-05-05 10:55:21.366 [info] > git rev-parse refs/remotes/origin/main [2ms]
2024-05-05 10:55:21.381 [info] > git status -z -uall [1ms]
2024-05-05 10:55:21.429 [info] > git ls-files --stage -- /home/dom/Dev/PersonalBlogWeb/_coverpage.md [2ms]
2024-05-05 10:55:21.449 [info] > git cat-file -s 97fabe91f4f3a4096c9e250d9bac14be2fcdb4b3 [3ms]
2024-05-05 10:55:21.465 [info] > git show --textconv :_coverpage.md [1ms]
2024-05-05 10:55:52.363 [info] > git config --get commit.template [1ms]
2024-05-05 10:55:52.379 [info] > git for-each-ref --format=%(refname)%00%(upstream:short)%00%(objectname)%00%(upstream:track)%00%(upstream:remotename)%00%(upstream:remoteref) refs/heads/main refs/remotes/main [1ms]
2024-05-05 10:55:52.393 [warning] ENOENT: no such file or directory, open '/home/dom/Dev/PersonalBlogWeb/.git/refs/remotes/origin/main'
2024-05-05 10:55:52.395 [info] > git rev-parse refs/remotes/origin/main [3ms]
2024-05-05 10:55:52.412 [info] > git status -z -uall [2ms]
2024-05-05 10:55:59.885 [info] > git config --get commit.template [1ms]
2024-05-05 10:55:59.899 [info] > git for-each-ref --format=%(refname)%00%(upstream:short)%00%(objectname)%00%(upstream:track)%00%(upstream:remotename)%00%(upstream:remoteref) refs/heads/main refs/remotes/main [1ms]
2024-05-05 10:55:59.915 [warning] ENOENT: no such file or directory, open '/home/dom/Dev/PersonalBlogWeb/.git/refs/remotes/origin/main'
2024-05-05 10:55:59.918 [info] > git rev-parse refs/remotes/origin/main [3ms]
2024-05-05 10:55:59.928 [info] > git status -z -uall [1ms]
2024-05-05 10:55:59.987 [info] > git ls-files --stage -- /home/dom/Dev/PersonalBlogWeb/_coverpage.md [1ms]
2024-05-05 10:56:00.006 [info] > git cat-file -s 505b4153a55fd5298f860bc6e0ad4013b35ceb9d [3ms]
2024-05-05 10:56:00.026 [info] > git show --textconv :_coverpage.md [3ms]
2024-05-05 10:56:12.649 [info] > git config --get commit.template [15ms]
2024-05-05 10:56:12.651 [info] > git for-each-ref --format=%(refname)%00%(upstream:short)%00%(objectname)%00%(upstream:track)%00%(upstream:remotename)%00%(upstream:remoteref) refs/heads/main refs/remotes/main [4ms]
2024-05-05 10:56:12.666 [warning] ENOENT: no such file or directory, open '/home/dom/Dev/PersonalBlogWeb/.git/refs/remotes/origin/main'
2024-05-05 10:56:12.667 [info] > git rev-parse refs/remotes/origin/main [1ms]
2024-05-05 10:56:12.682 [info] > git status -z -uall [1ms]
2024-05-05 10:56:12.740 [info] > git ls-files --stage -- /home/dom/Dev/PersonalBlogWeb/_coverpage.md [2ms]
2024-05-05 10:56:12.755 [info] > git cat-file -s 505b4153a55fd5298f860bc6e0ad4013b35ceb9d [3ms]
2024-05-05 10:56:12.769 [info] > git show --textconv :_coverpage.md [1ms]
2024-05-05 10:57:32.813 [info] > git config --get commit.template [1ms]
2024-05-05 10:57:32.830 [info] > git for-each-ref --format=%(refname)%00%(upstream:short)%00%(objectname)%00%(upstream:track)%00%(upstream:remotename)%00%(upstream:remoteref) refs/heads/main refs/remotes/main [2ms]
2024-05-05 10:57:32.851 [info] > git status -z -uall [1ms]
2024-05-05 10:57:32.921 [info] > git ls-files --stage -- /home/dom/Dev/PersonalBlogWeb/_coverpage.md [2ms]
2024-05-05 10:57:32.941 [info] > git cat-file -s 505b4153a55fd5298f860bc6e0ad4013b35ceb9d [3ms]
2024-05-05 10:57:32.966 [info] > git show --textconv :_coverpage.md [3ms]
2024-05-05 11:17:26.328 [info] > git check-ignore -v -z --stdin [2ms]
2024-05-05 11:17:41.828 [info] > git show --textconv :_navbar.md [17ms]
2024-05-05 11:17:41.828 [info] > git ls-files --stage -- /home/dom/Dev/PersonalBlogWeb/_navbar.md [1ms]
2024-05-05 11:17:41.847 [info] > git cat-file -s c022aa6615dcb9b67e76df0db29089bdc422faa5 [2ms]
2024-05-05 11:17:43.912 [info] > git show --textconv :.nojekyll [12ms]
2024-05-05 11:17:43.914 [info] > git ls-files --stage -- /home/dom/Dev/PersonalBlogWeb/.nojekyll [3ms]
2024-05-05 11:17:43.930 [info] > git cat-file -s e69de29bb2d1d6434b8b29ae775ad8c2e48c5391 [1ms]
2024-05-05 11:17:44.881 [info] > git show --textconv :home.md [17ms]
2024-05-05 11:17:44.882 [info] > git ls-files --stage -- /home/dom/Dev/PersonalBlogWeb/home.md [3ms]
2024-05-05 11:17:44.900 [info] > git cat-file -s 598d84c73e37b975291d2f2f539d1cd6ef4eac63 [3ms]
2024-05-05 11:17:46.235 [info] > git show --textconv :index.html [15ms]
2024-05-05 11:17:46.237 [info] > git ls-files --stage -- /home/dom/Dev/PersonalBlogWeb/index.html [3ms]
2024-05-05 11:17:46.252 [info] > git cat-file -s 93c87ac5529fb3bda300be818dea9866acefb078 [2ms]
2024-05-05 11:18:05.137 [info] > git show --textconv :_coverpage.md [18ms]
2024-05-05 11:18:05.141 [info] > git ls-files --stage -- /home/dom/Dev/PersonalBlogWeb/_coverpage.md [5ms]
2024-05-05 11:18:05.163 [info] > git cat-file -s 505b4153a55fd5298f860bc6e0ad4013b35ceb9d [2ms]
