[2022-12-09T09:01:25.920Z] Log level: Info
[2022-12-09T09:01:25.924Z] [info] Validating found git in: git
[2022-12-09T09:01:25.937Z] [info] Using git 2.38.0 from git
[2022-12-09T09:01:25.968Z] > git rev-parse --show-toplevel [20ms]
[2022-12-09T09:01:25.978Z] > git rev-parse --git-dir --git-common-dir [1ms]
[2022-12-09T09:01:25.982Z] [info] Open repository: /home/dom/Dev/olas
[2022-12-09T09:01:26.020Z] > git rev-parse --show-toplevel [21ms]
[2022-12-09T09:01:26.030Z] > git status -z -uall [41ms]
[2022-12-09T09:01:26.035Z] > git rev-parse --show-toplevel [8ms]
[2022-12-09T09:01:26.044Z] > git symbolic-ref --short HEAD [9ms]
[2022-12-09T09:01:26.055Z] > git rev-parse --show-toplevel [14ms]
[2022-12-09T09:01:26.128Z] > git for-each-ref --format=%(refname)%00%(upstream:short)%00%(objectname)%00%(upstream:track)%00%(upstream:remotename)%00%(upstream:remoteref) refs/heads/main refs/remotes/main [80ms]
[2022-12-09T09:01:26.148Z] > git remote --verbose [11ms]
[2022-12-09T09:01:26.148Z] > git for-each-ref --sort -committerdate --format %(refname) %(objectname) %(*objectname) [15ms]
[2022-12-09T09:01:26.149Z] > git rev-parse --show-toplevel [89ms]
[2022-12-09T09:01:26.156Z] > git rev-parse --show-toplevel [2ms]
[2022-12-09T09:01:26.173Z] > git rev-parse --show-toplevel [13ms]
[2022-12-09T09:01:26.204Z] > git config --get commit.template [32ms]
[2022-12-09T09:01:26.211Z] > git rev-parse --git-dir --git-common-dir [34ms]
[2022-12-09T09:01:26.214Z] [info] Open repository: /home/dom/Dev/olas/Lession05
[2022-12-09T09:01:26.230Z] > git status -z -uall [20ms]
[2022-12-09T09:01:26.235Z] > git status -z -uall [15ms]
[2022-12-09T09:01:26.245Z] > git symbolic-ref --short HEAD [10ms]
[2022-12-09T09:01:26.250Z] > git rev-parse --show-toplevel [25ms]
[2022-12-09T09:01:26.252Z] > git for-each-ref --format=%(refname)%00%(upstream:short)%00%(objectname)%00%(upstream:track)%00%(upstream:remotename)%00%(upstream:remoteref) refs/heads/main refs/remotes/main [3ms]
[2022-12-09T09:01:26.261Z] > git symbolic-ref --short HEAD [18ms]
[2022-12-09T09:01:26.270Z] > git for-each-ref --format=%(refname)%00%(upstream:short)%00%(objectname)%00%(upstream:track)%00%(upstream:remotename)%00%(upstream:remoteref) refs/heads/master refs/remotes/master [3ms]
[2022-12-09T09:01:26.279Z] > git remote --verbose [18ms]
[2022-12-09T09:01:26.279Z] > git for-each-ref --sort -committerdate --format %(refname) %(objectname) %(*objectname) [22ms]
[2022-12-09T09:01:26.280Z] > git remote --verbose [2ms]
[2022-12-09T09:01:26.280Z] > git for-each-ref --sort -committerdate --format %(refname) %(objectname) %(*objectname) [6ms]
[2022-12-09T09:01:26.330Z] > git config --get commit.template [41ms]
[2022-12-09T09:01:26.340Z] > git config --get commit.template [18ms]
[2022-12-09T09:01:26.341Z] > git status -z -uall [3ms]
[2022-12-09T09:01:26.349Z] > git symbolic-ref --short HEAD [2ms]
[2022-12-09T09:01:26.362Z] > git for-each-ref --format=%(refname)%00%(upstream:short)%00%(objectname)%00%(upstream:track)%00%(upstream:remotename)%00%(upstream:remoteref) refs/heads/master refs/remotes/master [7ms]
[2022-12-09T09:01:26.375Z] > git remote --verbose [3ms]
[2022-12-09T09:01:26.375Z] > git for-each-ref --sort -committerdate --format %(refname) %(objectname) %(*objectname) [7ms]
[2022-12-09T09:01:26.394Z] > git config --get commit.template [12ms]
[2022-12-09T09:01:26.757Z] > git show --textconv :readme.md [8ms]
[2022-12-09T09:01:26.758Z] > git ls-files --stage -- /home/dom/Dev/olas/readme.md [2ms]
[2022-12-09T09:01:26.767Z] > git cat-file -s ee1a35dadb4acffe29a846f82763484640a48878 [1ms]
[2022-12-09T09:01:26.885Z] > git check-ignore -v -z --stdin [6ms]
[2022-12-09T09:01:26.886Z] > git check-ignore -v -z --stdin [2ms]
