2024-05-05 10:54:41.943 [info] Reading sessions from keychain...
2024-05-05 10:54:41.943 [info] Getting sessions for all scopes...
2024-05-05 10:54:41.943 [info] Got 0 sessions for ...
2024-05-05 10:54:41.943 [info] Getting sessions for all scopes...
2024-05-05 10:54:41.943 [info] Got 0 sessions for ...
2024-05-05 10:54:41.943 [info] Getting sessions for read:user,repo,user:email,workflow...
2024-05-05 10:54:41.943 [info] Got 0 sessions for read:user,repo,user:email,workflow...
2024-05-05 10:56:13.935 [info] Getting sessions for read:user,repo,user:email,workflow...
2024-05-05 10:56:13.935 [info] Got 0 sessions for read:user,repo,user:email,workflow...
2024-05-05 10:56:18.462 [info] Logging in for the following scopes: read:user repo user:email workflow
2024-05-05 10:56:18.476 [info] Trying device code flow... (read:user repo user:email workflow)
2024-05-05 10:57:28.053 [info] Getting user info...
2024-05-05 10:57:28.470 [info] Got account info!
2024-05-05 10:57:28.471 [info] Storing 1 sessions...
2024-05-05 10:57:30.589 [info] Reading sessions from keychain...
2024-05-05 10:57:30.589 [info] Stored 1 sessions!
2024-05-05 10:57:30.589 [info] Login success!
2024-05-05 10:57:30.590 [info] Got stored sessions!
2024-05-05 10:57:30.590 [info] Got 1 verified sessions.
2024-05-05 10:57:31.020 [info] Getting sessions for read:user,repo,user:email,workflow...
2024-05-05 10:57:31.020 [info] Got 1 sessions for read:user,repo,user:email,workflow...
