[2022-10-30 22:29:43.247] [renderer3] [error] RequestService#request (browser) - error https://open-vsx.org/vscode/gallery/extensionquery {"name":"Offline"}
[2022-10-30 22:29:48.044] [renderer3] [warning] [twxs.cmake]: Cannot register 'cmake.cmakePath'. This property is already registered.
[2022-10-30 22:29:52.733] [renderer3] [error] Error while registering log channel file:///home/dom/.config/Code%20-%20OSS/logs/20221030T222920/userDataSync.log Timed out while waiting for file to be created
[2022-10-30 22:50:32.367] [renderer3] [info] UNRESPONSIVE extension host: starting to profile NOW
[2022-10-30 22:53:08.345] [renderer3] [error] RequestService#request (browser) - error https://open-vsx.org/vscode/gallery/extensionquery {"name":"Offline"}
[2022-10-30 22:53:08.347] [renderer3] [error] Offline: Offline: Offline
    at A (vscode-file://vscode-app/usr/lib/code/out/vs/workbench/workbench.desktop.main.js:70:9483)
    at y.request (vscode-file://vscode-app/usr/lib/code/out/vs/workbench/workbench.desktop.main.js:635:23512)
    at G.queryRawGalleryExtensions (vscode-file://vscode-app/usr/lib/code/out/vs/workbench/workbench.desktop.main.js:813:223339)
    at async G.queryGalleryExtensions (vscode-file://vscode-app/usr/lib/code/out/vs/workbench/workbench.desktop.main.js:813:220636)
    at async ae (vscode-file://vscode-app/usr/lib/code/out/vs/workbench/workbench.desktop.main.js:813:219606)
    at async G.query (vscode-file://vscode-app/usr/lib/code/out/vs/workbench/workbench.desktop.main.js:813:219846)
    at async Mo.queryGallery (vscode-file://vscode-app/usr/lib/code/out/vs/workbench/workbench.desktop.main.js:3217:15078)
    at async P.promptRecommendedExtensionForFileExtension (vscode-file://vscode-app/usr/lib/code/out/vs/workbench/workbench.desktop.main.js:1991:23052)
[2022-10-30 22:53:36.015] [renderer3] [error] RequestService#request (browser) - error https://open-vsx.org/vscode/gallery/extensionquery {"name":"Offline"}
[2022-10-30 22:53:36.016] [renderer3] [error] Offline: Offline: Offline
    at A (vscode-file://vscode-app/usr/lib/code/out/vs/workbench/workbench.desktop.main.js:70:9483)
    at y.request (vscode-file://vscode-app/usr/lib/code/out/vs/workbench/workbench.desktop.main.js:635:23512)
    at G.queryRawGalleryExtensions (vscode-file://vscode-app/usr/lib/code/out/vs/workbench/workbench.desktop.main.js:813:223339)
    at async G.queryGalleryExtensions (vscode-file://vscode-app/usr/lib/code/out/vs/workbench/workbench.desktop.main.js:813:220636)
    at async ae (vscode-file://vscode-app/usr/lib/code/out/vs/workbench/workbench.desktop.main.js:813:219606)
    at async G.query (vscode-file://vscode-app/usr/lib/code/out/vs/workbench/workbench.desktop.main.js:813:219846)
    at async Mo.queryGallery (vscode-file://vscode-app/usr/lib/code/out/vs/workbench/workbench.desktop.main.js:3217:15078)
    at async P.promptRecommendedExtensionForFileExtension (vscode-file://vscode-app/usr/lib/code/out/vs/workbench/workbench.desktop.main.js:1991:23052)
[2022-10-30 22:54:00.773] [renderer3] [error] RequestService#request (browser) - error https://open-vsx.org/vscode/gallery/extensionquery {"name":"Offline"}
[2022-10-30 22:54:00.775] [renderer3] [error] Offline: Offline: Offline
    at A (vscode-file://vscode-app/usr/lib/code/out/vs/workbench/workbench.desktop.main.js:70:9483)
    at y.request (vscode-file://vscode-app/usr/lib/code/out/vs/workbench/workbench.desktop.main.js:635:23512)
    at G.queryRawGalleryExtensions (vscode-file://vscode-app/usr/lib/code/out/vs/workbench/workbench.desktop.main.js:813:223339)
    at async G.queryGalleryExtensions (vscode-file://vscode-app/usr/lib/code/out/vs/workbench/workbench.desktop.main.js:813:220636)
    at async ae (vscode-file://vscode-app/usr/lib/code/out/vs/workbench/workbench.desktop.main.js:813:219606)
    at async G.query (vscode-file://vscode-app/usr/lib/code/out/vs/workbench/workbench.desktop.main.js:813:219846)
    at async Mo.queryGallery (vscode-file://vscode-app/usr/lib/code/out/vs/workbench/workbench.desktop.main.js:3217:15078)
    at async P.promptRecommendedExtensionForFileExtension (vscode-file://vscode-app/usr/lib/code/out/vs/workbench/workbench.desktop.main.js:1991:23052)
