[2022-10-29T09:09:33.193Z] Log level: Info
[2022-10-29T09:09:33.195Z] [info] Validating found git in: git
[2022-10-29T09:09:33.324Z] [info] Using git 2.38.0 from git
[2022-10-29T09:09:33.349Z] > git rev-parse --show-toplevel [15ms]
[2022-10-29T09:09:33.360Z] > git rev-parse --git-dir --git-common-dir [2ms]
[2022-10-29T09:09:33.365Z] [info] Open repository: /home/dom/Dev/olas
[2022-10-29T09:09:33.390Z] > git status -z -uall [16ms]
[2022-10-29T09:09:33.396Z] > git rev-parse --show-toplevel [17ms]
[2022-10-29T09:09:33.402Z] > git symbolic-ref --short HEAD [6ms]
[2022-10-29T09:09:33.408Z] > git rev-parse --show-toplevel [8ms]
[2022-10-29T09:09:33.416Z] > git for-each-ref --format=%(refname)%00%(upstream:short)%00%(objectname)%00%(upstream:track)%00%(upstream:remotename)%00%(upstream:remoteref) refs/heads/main refs/remotes/main [8ms]
[2022-10-29T09:09:33.430Z] > git remote --verbose [2ms]
[2022-10-29T09:09:33.430Z] > git for-each-ref --sort -committerdate --format %(refname) %(objectname) %(*objectname) [8ms]
[2022-10-29T09:09:33.431Z] > git rev-parse --show-toplevel [16ms]
[2022-10-29T09:09:33.447Z] > git rev-parse --show-toplevel [11ms]
[2022-10-29T09:09:33.448Z] > git config --get commit.template [1ms]
[2022-10-29T09:09:33.458Z] > git status -z -uall [4ms]
[2022-10-29T09:09:33.468Z] > git symbolic-ref --short HEAD [6ms]
[2022-10-29T09:09:33.473Z] > git for-each-ref --format=%(refname)%00%(upstream:short)%00%(objectname)%00%(upstream:track)%00%(upstream:remotename)%00%(upstream:remoteref) refs/heads/main refs/remotes/main [0ms]
[2022-10-29T09:09:33.483Z] > git for-each-ref --sort -committerdate --format %(refname) %(objectname) %(*objectname) [5ms]
[2022-10-29T09:09:33.484Z] > git remote --verbose [2ms]
[2022-10-29T09:09:33.492Z] > git config --get commit.template [1ms]
[2022-10-29T09:09:33.908Z] > git show --textconv :Lession01/CMakeLists.txt [39ms]
[2022-10-29T09:09:33.908Z] > git ls-files --stage -- /home/dom/Dev/olas/Lession01/CMakeLists.txt [32ms]
[2022-10-29T09:09:33.918Z] > git check-ignore -v -z --stdin [2ms]
[2022-10-29T09:09:57.746Z] > git status -z -uall [8ms]
[2022-10-29T09:09:57.754Z] > git symbolic-ref --short HEAD [2ms]
[2022-10-29T09:09:57.761Z] > git for-each-ref --format=%(refname)%00%(upstream:short)%00%(objectname)%00%(upstream:track)%00%(upstream:remotename)%00%(upstream:remoteref) refs/heads/main refs/remotes/main [2ms]
[2022-10-29T09:09:57.775Z] > git remote --verbose [2ms]
[2022-10-29T09:09:57.775Z] > git for-each-ref --sort -committerdate --format %(refname) %(objectname) %(*objectname) [8ms]
[2022-10-29T09:09:57.785Z] > git config --get commit.template [1ms]
[2022-10-29T09:10:04.345Z] > git status -z -uall [7ms]
[2022-10-29T09:10:04.354Z] > git symbolic-ref --short HEAD [1ms]
[2022-10-29T09:10:04.362Z] > git for-each-ref --format=%(refname)%00%(upstream:short)%00%(objectname)%00%(upstream:track)%00%(upstream:remotename)%00%(upstream:remoteref) refs/heads/main refs/remotes/main [1ms]
[2022-10-29T09:10:04.376Z] > git remote --verbose [2ms]
[2022-10-29T09:10:04.377Z] > git for-each-ref --sort -committerdate --format %(refname) %(objectname) %(*objectname) [9ms]
[2022-10-29T09:10:04.391Z] > git config --get commit.template [1ms]
[2022-10-29T09:34:51.487Z] > git show --textconv :Lession01/main.cpp [7ms]
[2022-10-29T09:34:51.488Z] > git ls-files --stage -- /home/dom/Dev/olas/Lession01/main.cpp [2ms]
[2022-10-29T09:39:20.083Z] > git show --textconv :Lession01/adder.cpp [9ms]
[2022-10-29T09:39:20.084Z] > git ls-files --stage -- /home/dom/Dev/olas/Lession01/adder.cpp [2ms]
[2022-10-29T09:39:27.016Z] > git show --textconv :Lession01/build.sh [9ms]
[2022-10-29T09:39:27.017Z] > git ls-files --stage -- /home/dom/Dev/olas/Lession01/build.sh [2ms]
[2022-10-29T09:39:29.022Z] > git show --textconv :Lession01/adder.cpp [8ms]
[2022-10-29T09:39:29.022Z] > git ls-files --stage -- /home/dom/Dev/olas/Lession01/adder.cpp [1ms]
[2022-10-29T09:39:31.632Z] > git show --textconv :Lession01/main.cpp [11ms]
[2022-10-29T09:39:31.633Z] > git ls-files --stage -- /home/dom/Dev/olas/Lession01/main.cpp [3ms]
[2022-10-29T09:39:32.808Z] > git show --textconv :Lession01/CMakeLists.txt [9ms]
[2022-10-29T09:39:32.809Z] > git ls-files --stage -- /home/dom/Dev/olas/Lession01/CMakeLists.txt [2ms]
[2022-10-29T09:40:00.808Z] > git show --textconv :Lession01/configure.sh [10ms]
[2022-10-29T09:40:00.810Z] > git ls-files --stage -- /home/dom/Dev/olas/Lession01/configure.sh [2ms]
[2022-10-29T09:40:10.119Z] > git check-ignore -v -z --stdin [2ms]
[2022-10-29T09:40:14.260Z] > git check-ignore -v -z --stdin [1ms]
[2022-10-29T09:40:15.653Z] > git check-ignore -v -z --stdin [1ms]
[2022-10-29T09:40:16.155Z] > git status -z -uall [2ms]
[2022-10-29T09:40:16.165Z] > git symbolic-ref --short HEAD [1ms]
[2022-10-29T09:40:16.174Z] > git for-each-ref --format=%(refname)%00%(upstream:short)%00%(objectname)%00%(upstream:track)%00%(upstream:remotename)%00%(upstream:remoteref) refs/heads/main refs/remotes/main [2ms]
[2022-10-29T09:40:16.190Z] > git for-each-ref --sort -committerdate --format %(refname) %(objectname) %(*objectname) [8ms]
[2022-10-29T09:40:16.191Z] > git remote --verbose [2ms]
[2022-10-29T09:40:16.204Z] > git config --get commit.template [0ms]
[2022-10-29T09:40:18.612Z] > git check-ignore -v -z --stdin [2ms]
[2022-10-29T09:43:07.285Z] > git status -z -uall [3ms]
[2022-10-29T09:43:07.295Z] > git symbolic-ref --short HEAD [2ms]
[2022-10-29T09:43:07.305Z] > git for-each-ref --format=%(refname)%00%(upstream:short)%00%(objectname)%00%(upstream:track)%00%(upstream:remotename)%00%(upstream:remoteref) refs/heads/main refs/remotes/main [2ms]
[2022-10-29T09:43:07.319Z] > git for-each-ref --sort -committerdate --format %(refname) %(objectname) %(*objectname) [7ms]
[2022-10-29T09:43:07.320Z] > git remote --verbose [2ms]
[2022-10-29T09:43:07.332Z] > git config --get commit.template [1ms]
[2022-10-29T09:43:24.965Z] > git show --textconv :Lession01/build.sh [10ms]
[2022-10-29T09:43:24.966Z] > git ls-files --stage -- /home/dom/Dev/olas/Lession01/build.sh [2ms]
[2022-10-29T09:43:30.042Z] > git show --textconv :Lession01/configure.sh [8ms]
[2022-10-29T09:43:30.043Z] > git ls-files --stage -- /home/dom/Dev/olas/Lession01/configure.sh [1ms]
[2022-10-29T09:43:31.923Z] > git show --textconv :Lession01/install.sh [8ms]
[2022-10-29T09:43:31.924Z] > git ls-files --stage -- /home/dom/Dev/olas/Lession01/install.sh [2ms]
[2022-10-29T09:43:33.926Z] > git show --textconv :Lession01/build.sh [7ms]
[2022-10-29T09:43:33.927Z] > git ls-files --stage -- /home/dom/Dev/olas/Lession01/build.sh [1ms]
[2022-10-29T09:46:56.373Z] > git check-ignore -v -z --stdin [1ms]
[2022-10-29T09:46:56.925Z] > git status -z -uall [3ms]
[2022-10-29T09:46:56.933Z] > git symbolic-ref --short HEAD [1ms]
[2022-10-29T09:46:56.942Z] > git for-each-ref --format=%(refname)%00%(upstream:short)%00%(objectname)%00%(upstream:track)%00%(upstream:remotename)%00%(upstream:remoteref) refs/heads/main refs/remotes/main [2ms]
[2022-10-29T09:46:56.959Z] > git remote --verbose [1ms]
[2022-10-29T09:46:56.960Z] > git for-each-ref --sort -committerdate --format %(refname) %(objectname) %(*objectname) [10ms]
[2022-10-29T09:46:56.977Z] > git config --get commit.template [1ms]
[2022-10-29T09:50:01.925Z] > git check-ignore -v -z --stdin [1ms]
[2022-10-29T09:51:07.256Z] > git show --textconv :Lession01/CMakeLists.txt [10ms]
[2022-10-29T09:51:07.257Z] > git ls-files --stage -- /home/dom/Dev/olas/Lession01/CMakeLists.txt [2ms]
[2022-10-29T09:52:02.509Z] > git show --textconv :readme.md [8ms]
[2022-10-29T09:52:02.509Z] > git ls-files --stage -- /home/dom/Dev/olas/readme.md [1ms]
[2022-10-29T09:52:02.520Z] > git cat-file -s e69de29bb2d1d6434b8b29ae775ad8c2e48c5391 [3ms]
[2022-10-29T09:52:34.986Z] > git show --textconv :Lession01/install.sh [8ms]
[2022-10-29T09:52:34.987Z] > git ls-files --stage -- /home/dom/Dev/olas/Lession01/install.sh [1ms]
[2022-10-29T09:52:36.764Z] > git show --textconv :Lession01/build.sh [9ms]
[2022-10-29T09:52:36.765Z] > git ls-files --stage -- /home/dom/Dev/olas/Lession01/build.sh [2ms]
[2022-10-29T09:52:41.716Z] > git show --textconv :Lession01/CMakeLists.txt [8ms]
[2022-10-29T09:52:41.716Z] > git ls-files --stage -- /home/dom/Dev/olas/Lession01/CMakeLists.txt [1ms]
[2022-10-29T09:52:42.645Z] > git show --textconv :Lession01/configure.sh [10ms]
[2022-10-29T09:52:42.646Z] > git ls-files --stage -- /home/dom/Dev/olas/Lession01/configure.sh [2ms]
[2022-10-29T09:52:50.180Z] > git show --textconv :Lession01/build.sh [10ms]
[2022-10-29T09:52:50.181Z] > git ls-files --stage -- /home/dom/Dev/olas/Lession01/build.sh [2ms]
[2022-10-29T09:52:54.573Z] > git show --textconv :Lession01/install.sh [8ms]
[2022-10-29T09:52:54.574Z] > git ls-files --stage -- /home/dom/Dev/olas/Lession01/install.sh [2ms]
[2022-10-29T09:53:01.142Z] > git show --textconv :run.sh [6ms]
[2022-10-29T09:53:01.143Z] > git ls-files --stage -- /home/dom/Dev/olas/run.sh [2ms]
[2022-10-29T09:53:01.150Z] > git cat-file -s e69de29bb2d1d6434b8b29ae775ad8c2e48c5391 [2ms]
