[2022-10-29T10:31:24.584Z] Log level: Info
[2022-10-29T10:31:24.584Z] [info] Validating found git in: git
[2022-10-29T10:31:24.597Z] [info] Using git 2.38.0 from git
[2022-10-29T10:31:24.620Z] > git rev-parse --show-toplevel [13ms]
[2022-10-29T10:31:24.678Z] > git rev-parse --git-dir --git-common-dir [52ms]
[2022-10-29T10:31:24.680Z] [info] Open repository: /home/dom/Dev/olas
[2022-10-29T10:31:24.691Z] > git status -z -uall [7ms]
[2022-10-29T10:31:24.698Z] > git rev-parse --show-toplevel [10ms]
[2022-10-29T10:31:24.698Z] > git symbolic-ref --short HEAD [2ms]
[2022-10-29T10:31:24.707Z] > git for-each-ref --format=%(refname)%00%(upstream:short)%00%(objectname)%00%(upstream:track)%00%(upstream:remotename)%00%(upstream:remoteref) refs/heads/main refs/remotes/main [3ms]
[2022-10-29T10:31:24.719Z] > git remote --verbose [4ms]
[2022-10-29T10:31:24.719Z] > git for-each-ref --sort -committerdate --format %(refname) %(objectname) %(*objectname) [7ms]
[2022-10-29T10:31:24.737Z] > git config --get commit.template [2ms]
[2022-10-29T10:31:24.767Z] > git status -z -uall [25ms]
[2022-10-29T10:31:24.775Z] > git symbolic-ref --short HEAD [5ms]
[2022-10-29T10:31:24.812Z] > git for-each-ref --format=%(refname)%00%(upstream:short)%00%(objectname)%00%(upstream:track)%00%(upstream:remotename)%00%(upstream:remoteref) refs/heads/main refs/remotes/main [33ms]
[2022-10-29T10:31:24.822Z] > git remote --verbose [2ms]
[2022-10-29T10:31:24.823Z] > git for-each-ref --sort -committerdate --format %(refname) %(objectname) %(*objectname) [7ms]
[2022-10-29T10:31:24.837Z] > git config --get commit.template [2ms]
[2022-10-29T10:31:25.229Z] > git check-ignore -v -z --stdin [2ms]
[2022-10-29T10:31:32.510Z] > git check-ignore -v -z --stdin [2ms]
[2022-10-29T10:31:32.916Z] > git status -z -uall [6ms]
[2022-10-29T10:31:32.923Z] > git symbolic-ref --short HEAD [1ms]
[2022-10-29T10:31:32.932Z] > git for-each-ref --format=%(refname)%00%(upstream:short)%00%(objectname)%00%(upstream:track)%00%(upstream:remotename)%00%(upstream:remoteref) refs/heads/main refs/remotes/main [2ms]
[2022-10-29T10:31:32.947Z] > git for-each-ref --sort -committerdate --format %(refname) %(objectname) %(*objectname) [8ms]
[2022-10-29T10:31:32.948Z] > git remote --verbose [2ms]
[2022-10-29T10:31:32.970Z] > git config --get commit.template [2ms]
[2022-10-29T10:32:58.899Z] > git status -z -uall [5ms]
[2022-10-29T10:32:58.907Z] > git symbolic-ref --short HEAD [2ms]
[2022-10-29T10:32:58.934Z] > git for-each-ref --format=%(refname)%00%(upstream:short)%00%(objectname)%00%(upstream:track)%00%(upstream:remotename)%00%(upstream:remoteref) refs/heads/main refs/remotes/main [2ms]
[2022-10-29T10:32:58.946Z] > git for-each-ref --sort -committerdate --format %(refname) %(objectname) %(*objectname) [7ms]
[2022-10-29T10:32:58.947Z] > git remote --verbose [3ms]
[2022-10-29T10:32:58.960Z] > git config --get commit.template [1ms]
[2022-10-29T10:33:03.976Z] > git status -z -uall [5ms]
[2022-10-29T10:33:03.985Z] > git symbolic-ref --short HEAD [2ms]
[2022-10-29T10:33:03.993Z] > git for-each-ref --format=%(refname)%00%(upstream:short)%00%(objectname)%00%(upstream:track)%00%(upstream:remotename)%00%(upstream:remoteref) refs/heads/main refs/remotes/main [1ms]
[2022-10-29T10:33:04.007Z] > git remote --verbose [1ms]
[2022-10-29T10:33:04.008Z] > git for-each-ref --sort -committerdate --format %(refname) %(objectname) %(*objectname) [8ms]
[2022-10-29T10:33:04.027Z] > git config --get commit.template [1ms]
[2022-10-29T10:40:45.483Z] > git show --textconv :Lession03/CMakeLists.txt [9ms]
[2022-10-29T10:40:45.485Z] > git ls-files --stage -- /home/dom/Dev/olas/Lession03/CMakeLists.txt [3ms]
[2022-10-29T10:42:31.742Z] > git show --textconv :.gitignore [6ms]
[2022-10-29T10:42:31.743Z] > git ls-files --stage -- /home/dom/Dev/olas/.gitignore [1ms]
[2022-10-29T10:42:31.750Z] > git cat-file -s e69de29bb2d1d6434b8b29ae775ad8c2e48c5391 [1ms]
[2022-10-29T10:42:32.055Z] > git check-ignore -v -z --stdin [2ms]
[2022-10-29T10:42:38.741Z] > git check-ignore -v -z --stdin [2ms]
[2022-10-29T10:42:39.159Z] > git status -z -uall [5ms]
[2022-10-29T10:42:39.167Z] > git symbolic-ref --short HEAD [1ms]
[2022-10-29T10:42:39.175Z] > git for-each-ref --format=%(refname)%00%(upstream:short)%00%(objectname)%00%(upstream:track)%00%(upstream:remotename)%00%(upstream:remoteref) refs/heads/main refs/remotes/main [2ms]
[2022-10-29T10:42:39.188Z] > git for-each-ref --sort -committerdate --format %(refname) %(objectname) %(*objectname) [6ms]
[2022-10-29T10:42:39.189Z] > git remote --verbose [2ms]
[2022-10-29T10:42:39.204Z] > git config --get commit.template [1ms]
[2022-10-29T10:50:36.024Z] > git status -z -uall [3ms]
[2022-10-29T10:50:36.033Z] > git symbolic-ref --short HEAD [2ms]
[2022-10-29T10:50:36.046Z] > git for-each-ref --format=%(refname)%00%(upstream:short)%00%(objectname)%00%(upstream:track)%00%(upstream:remotename)%00%(upstream:remoteref) refs/heads/main refs/remotes/main [7ms]
[2022-10-29T10:50:36.057Z] > git check-ignore -v -z --stdin [11ms]
[2022-10-29T10:50:36.058Z] > git remote --verbose [2ms]
[2022-10-29T10:50:36.059Z] > git for-each-ref --sort -committerdate --format %(refname) %(objectname) %(*objectname) [8ms]
[2022-10-29T10:50:36.076Z] > git config --get commit.template [1ms]
[2022-10-29T10:50:42.803Z] > git check-ignore -v -z --stdin [2ms]
[2022-10-29T10:51:17.996Z] > git check-ignore -v -z --stdin [1ms]
[2022-10-29T10:52:50.194Z] > git check-ignore -v -z --stdin [1ms]
[2022-10-29T10:53:16.174Z] > git check-ignore -v -z --stdin [2ms]
[2022-10-29T10:53:18.786Z] > git check-ignore -v -z --stdin [2ms]
[2022-10-29T10:53:20.987Z] > git check-ignore -v -z --stdin [1ms]
[2022-10-29T10:53:23.487Z] > git status -z -uall [6ms]
[2022-10-29T10:53:23.496Z] > git symbolic-ref --short HEAD [2ms]
[2022-10-29T10:53:23.506Z] > git for-each-ref --format=%(refname)%00%(upstream:short)%00%(objectname)%00%(upstream:track)%00%(upstream:remotename)%00%(upstream:remoteref) refs/heads/main refs/remotes/main [1ms]
[2022-10-29T10:53:23.523Z] > git remote --verbose [2ms]
[2022-10-29T10:53:23.524Z] > git for-each-ref --sort -committerdate --format %(refname) %(objectname) %(*objectname) [10ms]
[2022-10-29T10:53:23.549Z] > git config --get commit.template [2ms]
[2022-10-29T10:53:27.113Z] > git show --textconv :Lession03/configure.sh [9ms]
[2022-10-29T10:53:27.114Z] > git ls-files --stage -- /home/dom/Dev/olas/Lession03/configure.sh [2ms]
[2022-10-29T10:53:28.563Z] > git status -z -uall [5ms]
[2022-10-29T10:53:28.572Z] > git symbolic-ref --short HEAD [1ms]
[2022-10-29T10:53:28.581Z] > git for-each-ref --format=%(refname)%00%(upstream:short)%00%(objectname)%00%(upstream:track)%00%(upstream:remotename)%00%(upstream:remoteref) refs/heads/main refs/remotes/main [2ms]
[2022-10-29T10:53:28.599Z] > git remote --verbose [2ms]
[2022-10-29T10:53:28.599Z] > git for-each-ref --sort -committerdate --format %(refname) %(objectname) %(*objectname) [10ms]
[2022-10-29T10:53:28.616Z] > git config --get commit.template [1ms]
[2022-10-29T10:53:43.510Z] > git show --textconv :Lession03/install.sh [10ms]
[2022-10-29T10:53:43.511Z] > git ls-files --stage -- /home/dom/Dev/olas/Lession03/install.sh [2ms]
[2022-10-29T10:53:46.429Z] > git show --textconv :Lession03/configure.sh [9ms]
[2022-10-29T10:53:46.429Z] > git ls-files --stage -- /home/dom/Dev/olas/Lession03/configure.sh [1ms]
[2022-10-29T10:54:08.122Z] > git show --textconv :Lession03/install.sh [7ms]
[2022-10-29T10:54:08.123Z] > git ls-files --stage -- /home/dom/Dev/olas/Lession03/install.sh [1ms]
[2022-10-29T10:54:09.300Z] > git show --textconv :Lession03/run.sh [7ms]
[2022-10-29T10:54:09.301Z] > git ls-files --stage -- /home/dom/Dev/olas/Lession03/run.sh [1ms]
[2022-10-29T10:54:10.335Z] > git show --textconv :Lession03/build.sh [9ms]
[2022-10-29T10:54:10.336Z] > git ls-files --stage -- /home/dom/Dev/olas/Lession03/build.sh [2ms]
[2022-10-29T10:54:27.495Z] > git show --textconv :Lession03/run.sh [8ms]
[2022-10-29T10:54:27.496Z] > git ls-files --stage -- /home/dom/Dev/olas/Lession03/run.sh [2ms]
[2022-10-29T10:54:40.613Z] > git status -z -uall [2ms]
[2022-10-29T10:54:40.622Z] > git symbolic-ref --short HEAD [2ms]
[2022-10-29T10:54:40.628Z] > git for-each-ref --format=%(refname)%00%(upstream:short)%00%(objectname)%00%(upstream:track)%00%(upstream:remotename)%00%(upstream:remoteref) refs/heads/main refs/remotes/main [1ms]
[2022-10-29T10:54:40.644Z] > git for-each-ref --sort -committerdate --format %(refname) %(objectname) %(*objectname) [9ms]
[2022-10-29T10:54:40.645Z] > git remote --verbose [3ms]
[2022-10-29T10:54:40.656Z] > git config --get commit.template [1ms]
[2022-10-29T10:54:42.287Z] > git show --textconv :Lession03/configure.sh [8ms]
[2022-10-29T10:54:42.288Z] > git ls-files --stage -- /home/dom/Dev/olas/Lession03/configure.sh [2ms]
[2022-10-29T10:54:44.294Z] > git show --textconv :Lession03/run.sh [9ms]
[2022-10-29T10:54:44.295Z] > git ls-files --stage -- /home/dom/Dev/olas/Lession03/run.sh [2ms]
[2022-10-29T10:55:31.321Z] > git show --textconv :Lession03/configure.sh [8ms]
[2022-10-29T10:55:31.323Z] > git ls-files --stage -- /home/dom/Dev/olas/Lession03/configure.sh [2ms]
[2022-10-29T10:55:34.472Z] > git status -z -uall [2ms]
[2022-10-29T10:55:34.480Z] > git symbolic-ref --short HEAD [1ms]
[2022-10-29T10:55:34.486Z] > git for-each-ref --format=%(refname)%00%(upstream:short)%00%(objectname)%00%(upstream:track)%00%(upstream:remotename)%00%(upstream:remoteref) refs/heads/main refs/remotes/main [1ms]
[2022-10-29T10:55:34.501Z] > git for-each-ref --sort -committerdate --format %(refname) %(objectname) %(*objectname) [9ms]
[2022-10-29T10:55:34.502Z] > git remote --verbose [3ms]
[2022-10-29T10:55:34.526Z] > git config --get commit.template [6ms]
[2022-10-29T10:56:03.325Z] > git status -z -uall [1ms]
[2022-10-29T10:56:03.333Z] > git symbolic-ref --short HEAD [2ms]
[2022-10-29T10:56:03.340Z] > git for-each-ref --format=%(refname)%00%(upstream:short)%00%(objectname)%00%(upstream:track)%00%(upstream:remotename)%00%(upstream:remoteref) refs/heads/main refs/remotes/main [2ms]
[2022-10-29T10:56:03.354Z] > git for-each-ref --sort -committerdate --format %(refname) %(objectname) %(*objectname) [6ms]
[2022-10-29T10:56:03.355Z] > git remote --verbose [2ms]
[2022-10-29T10:56:03.368Z] > git config --get commit.template [3ms]
[2022-10-29T10:56:06.920Z] > git show --textconv :Lession03/run.sh [9ms]
[2022-10-29T10:56:06.921Z] > git ls-files --stage -- /home/dom/Dev/olas/Lession03/run.sh [2ms]
[2022-10-29T10:56:08.382Z] > git status -z -uall [5ms]
[2022-10-29T10:56:08.391Z] > git symbolic-ref --short HEAD [2ms]
[2022-10-29T10:56:08.399Z] > git for-each-ref --format=%(refname)%00%(upstream:short)%00%(objectname)%00%(upstream:track)%00%(upstream:remotename)%00%(upstream:remoteref) refs/heads/main refs/remotes/main [1ms]
[2022-10-29T10:56:08.415Z] > git for-each-ref --sort -committerdate --format %(refname) %(objectname) %(*objectname) [9ms]
[2022-10-29T10:56:08.416Z] > git remote --verbose [2ms]
[2022-10-29T10:56:08.436Z] > git config --get commit.template [5ms]
[2022-10-29T10:56:08.588Z] > git show --textconv :Lession03/build.sh [76ms]
[2022-10-29T10:56:08.588Z] > git ls-files --stage -- /home/dom/Dev/olas/Lession03/build.sh [69ms]
[2022-10-29T10:56:12.444Z] > git show --textconv :.gitignore [8ms]
[2022-10-29T10:56:12.444Z] > git ls-files --stage -- /home/dom/Dev/olas/.gitignore [1ms]
[2022-10-29T10:56:12.454Z] > git cat-file -s e69de29bb2d1d6434b8b29ae775ad8c2e48c5391 [2ms]
[2022-10-29T10:56:13.445Z] > git status -z -uall [3ms]
[2022-10-29T10:56:13.452Z] > git symbolic-ref --short HEAD [2ms]
[2022-10-29T10:56:13.460Z] > git for-each-ref --format=%(refname)%00%(upstream:short)%00%(objectname)%00%(upstream:track)%00%(upstream:remotename)%00%(upstream:remoteref) refs/heads/main refs/remotes/main [2ms]
[2022-10-29T10:56:13.473Z] > git remote --verbose [1ms]
[2022-10-29T10:56:13.474Z] > git for-each-ref --sort -committerdate --format %(refname) %(objectname) %(*objectname) [8ms]
[2022-10-29T10:56:13.490Z] > git config --get commit.template [1ms]
[2022-10-29T11:03:30.783Z] > git status -z -uall [5ms]
[2022-10-29T11:03:30.793Z] > git symbolic-ref --short HEAD [1ms]
[2022-10-29T11:03:30.802Z] > git for-each-ref --format=%(refname)%00%(upstream:short)%00%(objectname)%00%(upstream:track)%00%(upstream:remotename)%00%(upstream:remoteref) refs/heads/main refs/remotes/main [2ms]
[2022-10-29T11:03:30.819Z] > git for-each-ref --sort -committerdate --format %(refname) %(objectname) %(*objectname) [9ms]
[2022-10-29T11:03:30.819Z] > git remote --verbose [2ms]
[2022-10-29T11:03:30.838Z] > git config --get commit.template [1ms]
[2022-10-29T11:03:39.048Z] > git show --textconv :Lession03/configure.sh [10ms]
[2022-10-29T11:03:39.049Z] > git ls-files --stage -- /home/dom/Dev/olas/Lession03/configure.sh [2ms]
[2022-10-29T11:03:40.898Z] > git status -z -uall [5ms]
[2022-10-29T11:03:40.907Z] > git symbolic-ref --short HEAD [2ms]
[2022-10-29T11:03:40.918Z] > git for-each-ref --format=%(refname)%00%(upstream:short)%00%(objectname)%00%(upstream:track)%00%(upstream:remotename)%00%(upstream:remoteref) refs/heads/main refs/remotes/main [2ms]
[2022-10-29T11:03:40.932Z] > git for-each-ref --sort -committerdate --format %(refname) %(objectname) %(*objectname) [8ms]
[2022-10-29T11:03:40.933Z] > git remote --verbose [2ms]
[2022-10-29T11:03:40.950Z] > git config --get commit.template [1ms]
[2022-10-29T11:03:46.479Z] > git status -z -uall [8ms]
[2022-10-29T11:03:46.487Z] > git check-ignore -v -z --stdin [8ms]
[2022-10-29T11:03:46.488Z] > git symbolic-ref --short HEAD [2ms]
[2022-10-29T11:03:46.497Z] > git for-each-ref --format=%(refname)%00%(upstream:short)%00%(objectname)%00%(upstream:track)%00%(upstream:remotename)%00%(upstream:remoteref) refs/heads/main refs/remotes/main [1ms]
[2022-10-29T11:03:46.512Z] > git for-each-ref --sort -committerdate --format %(refname) %(objectname) %(*objectname) [8ms]
[2022-10-29T11:03:46.513Z] > git remote --verbose [2ms]
[2022-10-29T11:03:46.535Z] > git config --get commit.template [6ms]
[2022-10-29T11:04:23.786Z] > git show --textconv :Lession03/run.sh [7ms]
[2022-10-29T11:04:23.788Z] > git ls-files --stage -- /home/dom/Dev/olas/Lession03/run.sh [2ms]
[2022-10-29T11:04:27.643Z] > git show --textconv :Lession03/CMakeLists.txt [9ms]
[2022-10-29T11:04:27.644Z] > git ls-files --stage -- /home/dom/Dev/olas/Lession03/CMakeLists.txt [2ms]
[2022-10-29T11:04:44.561Z] > git show --textconv :Lession03/build.sh [8ms]
[2022-10-29T11:04:44.562Z] > git ls-files --stage -- /home/dom/Dev/olas/Lession03/build.sh [2ms]
[2022-10-29T11:04:52.987Z] > git check-ignore -v -z --stdin [1ms]
[2022-10-29T11:04:57.551Z] > git check-ignore -v -z --stdin [2ms]
[2022-10-29T11:05:08.071Z] > git show --textconv :Lession03/run.sh [8ms]
[2022-10-29T11:05:08.072Z] > git ls-files --stage -- /home/dom/Dev/olas/Lession03/run.sh [1ms]
[2022-10-29T11:05:21.998Z] > git show --textconv :Lession03/build.sh [9ms]
[2022-10-29T11:05:21.999Z] > git ls-files --stage -- /home/dom/Dev/olas/Lession03/build.sh [2ms]
[2022-10-29T11:06:03.771Z] > git show --textconv :Lession03/main.cpp [8ms]
[2022-10-29T11:06:03.772Z] > git ls-files --stage -- /home/dom/Dev/olas/Lession03/main.cpp [2ms]
[2022-10-29T11:10:47.371Z] > git status -z -uall [2ms]
[2022-10-29T11:10:47.382Z] > git symbolic-ref --short HEAD [1ms]
[2022-10-29T11:10:47.391Z] > git for-each-ref --format=%(refname)%00%(upstream:short)%00%(objectname)%00%(upstream:track)%00%(upstream:remotename)%00%(upstream:remoteref) refs/heads/main refs/remotes/main [1ms]
[2022-10-29T11:10:47.406Z] > git for-each-ref --sort -committerdate --format %(refname) %(objectname) %(*objectname) [9ms]
[2022-10-29T11:10:47.406Z] > git remote --verbose [1ms]
[2022-10-29T11:10:47.425Z] > git config --get commit.template [1ms]
[2022-10-29T11:11:09.422Z] > git show --textconv :Lession03/CMakeLists.txt [6ms]
[2022-10-29T11:11:09.423Z] > git ls-files --stage -- /home/dom/Dev/olas/Lession03/CMakeLists.txt [2ms]
[2022-10-29T11:11:32.296Z] > git check-ignore -v -z --stdin [2ms]
[2022-10-29T11:11:33.346Z] > git status -z -uall [2ms]
[2022-10-29T11:11:33.354Z] > git symbolic-ref --short HEAD [0ms]
[2022-10-29T11:11:33.363Z] > git for-each-ref --format=%(refname)%00%(upstream:short)%00%(objectname)%00%(upstream:track)%00%(upstream:remotename)%00%(upstream:remoteref) refs/heads/main refs/remotes/main [2ms]
[2022-10-29T11:11:33.379Z] > git for-each-ref --sort -committerdate --format %(refname) %(objectname) %(*objectname) [9ms]
[2022-10-29T11:11:33.381Z] > git remote --verbose [4ms]
[2022-10-29T11:11:33.397Z] > git config --get commit.template [1ms]
[2022-10-29T11:11:52.405Z] > git check-ignore -v -z --stdin [2ms]
[2022-10-29T11:11:52.557Z] > git status -z -uall [2ms]
[2022-10-29T11:11:52.566Z] > git symbolic-ref --short HEAD [2ms]
[2022-10-29T11:11:52.574Z] > git for-each-ref --format=%(refname)%00%(upstream:short)%00%(objectname)%00%(upstream:track)%00%(upstream:remotename)%00%(upstream:remoteref) refs/heads/main refs/remotes/main [2ms]
[2022-10-29T11:11:52.589Z] > git for-each-ref --sort -committerdate --format %(refname) %(objectname) %(*objectname) [7ms]
[2022-10-29T11:11:52.589Z] > git remote --verbose [1ms]
[2022-10-29T11:11:52.602Z] > git config --get commit.template [2ms]
[2022-10-29T11:13:29.702Z] > git show --textconv :Lession03/external/glfw/CMakeLists.txt [8ms]
[2022-10-29T11:13:29.703Z] > git ls-files --stage -- /home/dom/Dev/olas/Lession03/external/glfw/CMakeLists.txt [2ms]
[2022-10-29T11:13:29.981Z] > git check-ignore -v -z --stdin [1ms]
[2022-10-29T11:13:42.390Z] > git show --textconv :Lession03/CMakeLists.txt [8ms]
[2022-10-29T11:13:42.391Z] > git ls-files --stage -- /home/dom/Dev/olas/Lession03/CMakeLists.txt [2ms]
[2022-10-29T11:14:39.604Z] > git show --textconv :Lession03/configure.sh [8ms]
[2022-10-29T11:14:39.605Z] > git ls-files --stage -- /home/dom/Dev/olas/Lession03/configure.sh [1ms]
[2022-10-29T11:14:47.982Z] > git status -z -uall [3ms]
[2022-10-29T11:14:47.990Z] > git symbolic-ref --short HEAD [1ms]
[2022-10-29T11:14:47.999Z] > git for-each-ref --format=%(refname)%00%(upstream:short)%00%(objectname)%00%(upstream:track)%00%(upstream:remotename)%00%(upstream:remoteref) refs/heads/main refs/remotes/main [2ms]
[2022-10-29T11:14:48.013Z] > git for-each-ref --sort -committerdate --format %(refname) %(objectname) %(*objectname) [7ms]
[2022-10-29T11:14:48.013Z] > git remote --verbose [1ms]
[2022-10-29T11:14:48.024Z] > git config --get commit.template [1ms]
[2022-10-29T11:15:28.858Z] > git status -z -uall [3ms]
[2022-10-29T11:15:28.865Z] > git symbolic-ref --short HEAD [1ms]
[2022-10-29T11:15:28.873Z] > git for-each-ref --format=%(refname)%00%(upstream:short)%00%(objectname)%00%(upstream:track)%00%(upstream:remotename)%00%(upstream:remoteref) refs/heads/main refs/remotes/main [1ms]
[2022-10-29T11:15:28.888Z] > git for-each-ref --sort -committerdate --format %(refname) %(objectname) %(*objectname) [8ms]
[2022-10-29T11:15:28.889Z] > git remote --verbose [2ms]
[2022-10-29T11:15:28.903Z] > git config --get commit.template [2ms]
[2022-10-29T11:15:33.911Z] > git status -z -uall [1ms]
[2022-10-29T11:15:33.920Z] > git symbolic-ref --short HEAD [1ms]
[2022-10-29T11:15:33.930Z] > git for-each-ref --format=%(refname)%00%(upstream:short)%00%(objectname)%00%(upstream:track)%00%(upstream:remotename)%00%(upstream:remoteref) refs/heads/main refs/remotes/main [2ms]
[2022-10-29T11:15:33.946Z] > git remote --verbose [2ms]
[2022-10-29T11:15:33.946Z] > git for-each-ref --sort -committerdate --format %(refname) %(objectname) %(*objectname) [9ms]
[2022-10-29T11:15:33.960Z] > git config --get commit.template [2ms]
[2022-10-29T11:15:45.938Z] > git show --textconv :Lession03/CMakeLists.txt [8ms]
[2022-10-29T11:15:45.939Z] > git ls-files --stage -- /home/dom/Dev/olas/Lession03/CMakeLists.txt [1ms]
[2022-10-29T11:15:50.082Z] > git show --textconv :Lession03/external/glfw/CMakeLists.txt [9ms]
[2022-10-29T11:15:50.083Z] > git ls-files --stage -- /home/dom/Dev/olas/Lession03/external/glfw/CMakeLists.txt [1ms]
[2022-10-29T11:15:53.145Z] > git show --textconv :Lession03/main.cpp [8ms]
[2022-10-29T11:15:53.145Z] > git ls-files --stage -- /home/dom/Dev/olas/Lession03/main.cpp [1ms]
[2022-10-29T11:15:54.558Z] > git show --textconv :.gitignore [9ms]
[2022-10-29T11:15:54.559Z] > git ls-files --stage -- /home/dom/Dev/olas/.gitignore [2ms]
[2022-10-29T11:15:54.567Z] > git cat-file -s e69de29bb2d1d6434b8b29ae775ad8c2e48c5391 [1ms]
[2022-10-29T11:15:54.862Z] > git check-ignore -v -z --stdin [1ms]
[2022-10-29T11:16:03.089Z] > git check-ignore -v -z --stdin [1ms]
[2022-10-29T11:16:03.497Z] > git status -z -uall [3ms]
[2022-10-29T11:16:03.506Z] > git symbolic-ref --short HEAD [2ms]
[2022-10-29T11:16:03.513Z] > git for-each-ref --format=%(refname)%00%(upstream:short)%00%(objectname)%00%(upstream:track)%00%(upstream:remotename)%00%(upstream:remoteref) refs/heads/main refs/remotes/main [0ms]
[2022-10-29T11:16:03.527Z] > git remote --verbose [1ms]
[2022-10-29T11:16:03.527Z] > git for-each-ref --sort -committerdate --format %(refname) %(objectname) %(*objectname) [7ms]
[2022-10-29T11:16:03.542Z] > git config --get commit.template [3ms]
[2022-10-29T11:16:04.509Z] > git check-ignore -v -z --stdin [2ms]
[2022-10-29T11:16:08.557Z] > git status -z -uall [3ms]
[2022-10-29T11:16:08.566Z] > git symbolic-ref --short HEAD [2ms]
[2022-10-29T11:16:08.575Z] > git for-each-ref --format=%(refname)%00%(upstream:short)%00%(objectname)%00%(upstream:track)%00%(upstream:remotename)%00%(upstream:remoteref) refs/heads/main refs/remotes/main [2ms]
[2022-10-29T11:16:08.590Z] > git remote --verbose [1ms]
[2022-10-29T11:16:08.590Z] > git for-each-ref --sort -committerdate --format %(refname) %(objectname) %(*objectname) [8ms]
[2022-10-29T11:16:08.604Z] > git config --get commit.template [2ms]
[2022-10-29T11:19:09.667Z] > git check-ignore -v -z --stdin [0ms]
[2022-10-29T11:19:11.129Z] > git check-ignore -v -z --stdin [1ms]
[2022-10-29T11:19:29.833Z] > git show --textconv :Lession03/CMakeLists.txt [9ms]
[2022-10-29T11:19:29.836Z] > git ls-files --stage -- /home/dom/Dev/olas/Lession03/CMakeLists.txt [3ms]
[2022-10-29T11:20:20.065Z] > git check-ignore -v -z --stdin [3ms]
[2022-10-29T11:21:56.757Z] > git check-ignore -v -z --stdin [2ms]
[2022-10-29T11:21:56.950Z] > git status -z -uall [3ms]
[2022-10-29T11:21:56.958Z] > git symbolic-ref --short HEAD [1ms]
[2022-10-29T11:21:56.967Z] > git for-each-ref --format=%(refname)%00%(upstream:short)%00%(objectname)%00%(upstream:track)%00%(upstream:remotename)%00%(upstream:remoteref) refs/heads/main refs/remotes/main [1ms]
[2022-10-29T11:21:56.984Z] > git for-each-ref --sort -committerdate --format %(refname) %(objectname) %(*objectname) [9ms]
[2022-10-29T11:21:56.985Z] > git remote --verbose [2ms]
[2022-10-29T11:21:56.997Z] > git config --get commit.template [2ms]
[2022-10-29T11:22:04.871Z] > git show --textconv :Lession03/main.cpp [8ms]
[2022-10-29T11:22:04.872Z] > git ls-files --stage -- /home/dom/Dev/olas/Lession03/main.cpp [2ms]
[2022-10-29T11:22:49.955Z] > git check-ignore -v -z --stdin [2ms]
[2022-10-29T11:22:54.576Z] > git show --textconv :Lession03/external/glfw/examples/gears.c [8ms]
[2022-10-29T11:22:54.577Z] > git ls-files --stage -- /home/dom/Dev/olas/Lession03/external/glfw/examples/gears.c [2ms]
[2022-10-29T11:22:54.841Z] > git check-ignore -v -z --stdin [1ms]
[2022-10-29T11:23:40.887Z] > git show --textconv :Lession03/main.cpp [8ms]
[2022-10-29T11:23:40.889Z] > git ls-files --stage -- /home/dom/Dev/olas/Lession03/main.cpp [3ms]
[2022-10-29T11:23:43.489Z] > git show --textconv :Lession03/external/glfw/examples/gears.c [8ms]
[2022-10-29T11:23:43.490Z] > git ls-files --stage -- /home/dom/Dev/olas/Lession03/external/glfw/examples/gears.c [2ms]
[2022-10-29T11:24:55.988Z] > git status -z -uall [3ms]
[2022-10-29T11:24:55.996Z] > git symbolic-ref --short HEAD [1ms]
[2022-10-29T11:24:56.005Z] > git for-each-ref --format=%(refname)%00%(upstream:short)%00%(objectname)%00%(upstream:track)%00%(upstream:remotename)%00%(upstream:remoteref) refs/heads/main refs/remotes/main [2ms]
[2022-10-29T11:24:56.023Z] > git for-each-ref --sort -committerdate --format %(refname) %(objectname) %(*objectname) [9ms]
[2022-10-29T11:24:56.024Z] > git remote --verbose [2ms]
[2022-10-29T11:24:56.036Z] > git config --get commit.template [2ms]
[2022-10-29T11:25:26.345Z] > git status -z -uall [3ms]
[2022-10-29T11:25:26.352Z] > git symbolic-ref --short HEAD [1ms]
[2022-10-29T11:25:26.361Z] > git for-each-ref --format=%(refname)%00%(upstream:short)%00%(objectname)%00%(upstream:track)%00%(upstream:remotename)%00%(upstream:remoteref) refs/heads/main refs/remotes/main [2ms]
[2022-10-29T11:25:26.375Z] > git for-each-ref --sort -committerdate --format %(refname) %(objectname) %(*objectname) [7ms]
[2022-10-29T11:25:26.376Z] > git remote --verbose [2ms]
[2022-10-29T11:25:26.386Z] > git config --get commit.template [2ms]
[2022-10-29T11:26:33.052Z] > git show --textconv :Lession03/CMakeLists.txt [8ms]
[2022-10-29T11:26:33.053Z] > git ls-files --stage -- /home/dom/Dev/olas/Lession03/CMakeLists.txt [2ms]
[2022-10-29T11:26:43.915Z] > git status -z -uall [3ms]
[2022-10-29T11:26:43.924Z] > git symbolic-ref --short HEAD [1ms]
[2022-10-29T11:26:43.934Z] > git for-each-ref --format=%(refname)%00%(upstream:short)%00%(objectname)%00%(upstream:track)%00%(upstream:remotename)%00%(upstream:remoteref) refs/heads/main refs/remotes/main [2ms]
[2022-10-29T11:26:43.950Z] > git for-each-ref --sort -committerdate --format %(refname) %(objectname) %(*objectname) [9ms]
[2022-10-29T11:26:43.951Z] > git remote --verbose [2ms]
[2022-10-29T11:26:43.965Z] > git config --get commit.template [2ms]
[2022-10-29T11:26:53.119Z] > git status -z -uall [1ms]
[2022-10-29T11:26:53.128Z] > git symbolic-ref --short HEAD [2ms]
[2022-10-29T11:26:53.137Z] > git for-each-ref --format=%(refname)%00%(upstream:short)%00%(objectname)%00%(upstream:track)%00%(upstream:remotename)%00%(upstream:remoteref) refs/heads/main refs/remotes/main [1ms]
[2022-10-29T11:26:53.153Z] > git for-each-ref --sort -committerdate --format %(refname) %(objectname) %(*objectname) [9ms]
[2022-10-29T11:26:53.153Z] > git remote --verbose [1ms]
[2022-10-29T11:26:53.163Z] > git config --get commit.template [1ms]
[2022-10-29T11:27:48.778Z] > git status -z -uall [2ms]
[2022-10-29T11:27:48.788Z] > git symbolic-ref --short HEAD [1ms]
[2022-10-29T11:27:48.798Z] > git for-each-ref --format=%(refname)%00%(upstream:short)%00%(objectname)%00%(upstream:track)%00%(upstream:remotename)%00%(upstream:remoteref) refs/heads/main refs/remotes/main [2ms]
[2022-10-29T11:27:48.813Z] > git remote --verbose [2ms]
[2022-10-29T11:27:48.813Z] > git for-each-ref --sort -committerdate --format %(refname) %(objectname) %(*objectname) [8ms]
[2022-10-29T11:27:48.827Z] > git config --get commit.template [3ms]
[2022-10-29T11:27:53.839Z] > git status -z -uall [2ms]
[2022-10-29T11:27:53.848Z] > git symbolic-ref --short HEAD [1ms]
[2022-10-29T11:27:53.857Z] > git for-each-ref --format=%(refname)%00%(upstream:short)%00%(objectname)%00%(upstream:track)%00%(upstream:remotename)%00%(upstream:remoteref) refs/heads/main refs/remotes/main [1ms]
[2022-10-29T11:27:53.872Z] > git remote --verbose [1ms]
[2022-10-29T11:27:53.872Z] > git for-each-ref --sort -committerdate --format %(refname) %(objectname) %(*objectname) [8ms]
[2022-10-29T11:27:53.883Z] > git config --get commit.template [0ms]
[2022-10-29T11:27:58.897Z] > git status -z -uall [3ms]
[2022-10-29T11:27:58.905Z] > git symbolic-ref --short HEAD [1ms]
[2022-10-29T11:27:58.932Z] > git for-each-ref --format=%(refname)%00%(upstream:short)%00%(objectname)%00%(upstream:track)%00%(upstream:remotename)%00%(upstream:remoteref) refs/heads/main refs/remotes/main [1ms]
[2022-10-29T11:27:58.947Z] > git remote --verbose [2ms]
[2022-10-29T11:27:58.947Z] > git for-each-ref --sort -committerdate --format %(refname) %(objectname) %(*objectname) [8ms]
[2022-10-29T11:27:58.962Z] > git config --get commit.template [4ms]
[2022-10-29T11:28:28.709Z] > git check-ignore -v -z --stdin [1ms]
[2022-10-29T11:28:30.196Z] > git check-ignore -v -z --stdin [2ms]
[2022-10-29T11:28:37.810Z] > git check-ignore -v -z --stdin [2ms]
[2022-10-29T11:30:26.154Z] > git show --textconv :Lession03/CMakeLists.txt [8ms]
[2022-10-29T11:30:26.155Z] > git ls-files --stage -- /home/dom/Dev/olas/Lession03/CMakeLists.txt [2ms]
[2022-10-29T11:37:15.761Z] > git show --textconv :Lession03/external/glfw/.gitignore [7ms]
[2022-10-29T11:37:15.762Z] > git ls-files --stage -- /home/dom/Dev/olas/Lession03/external/glfw/.gitignore [0ms]
[2022-10-29T11:37:31.559Z] > git show --textconv :Lession03/.gitsubmodules [9ms]
[2022-10-29T11:37:31.561Z] > git ls-files --stage -- /home/dom/Dev/olas/Lession03/.gitsubmodules [2ms]
[2022-10-29T11:37:31.825Z] > git check-ignore -v -z --stdin [2ms]
[2022-10-29T11:37:32.322Z] > git status -z -uall [1ms]
[2022-10-29T11:37:32.330Z] > git symbolic-ref --short HEAD [1ms]
[2022-10-29T11:37:32.337Z] > git for-each-ref --format=%(refname)%00%(upstream:short)%00%(objectname)%00%(upstream:track)%00%(upstream:remotename)%00%(upstream:remoteref) refs/heads/main refs/remotes/main [1ms]
[2022-10-29T11:37:32.352Z] > git remote --verbose [1ms]
[2022-10-29T11:37:32.353Z] > git for-each-ref --sort -committerdate --format %(refname) %(objectname) %(*objectname) [9ms]
[2022-10-29T11:37:32.363Z] > git config --get commit.template [1ms]
[2022-10-29T11:38:26.893Z] > git status -z -uall [3ms]
[2022-10-29T11:38:26.903Z] > git symbolic-ref --short HEAD [2ms]
[2022-10-29T11:38:26.911Z] > git for-each-ref --format=%(refname)%00%(upstream:short)%00%(objectname)%00%(upstream:track)%00%(upstream:remotename)%00%(upstream:remoteref) refs/heads/main refs/remotes/main [1ms]
[2022-10-29T11:38:26.926Z] > git for-each-ref --sort -committerdate --format %(refname) %(objectname) %(*objectname) [8ms]
[2022-10-29T11:38:26.927Z] > git remote --verbose [2ms]
[2022-10-29T11:38:26.936Z] > git config --get commit.template [1ms]
[2022-10-29T11:38:35.313Z] > git status -z -uall [3ms]
[2022-10-29T11:38:35.321Z] > git symbolic-ref --short HEAD [0ms]
[2022-10-29T11:38:35.330Z] > git for-each-ref --format=%(refname)%00%(upstream:short)%00%(objectname)%00%(upstream:track)%00%(upstream:remotename)%00%(upstream:remoteref) refs/heads/main refs/remotes/main [0ms]
[2022-10-29T11:38:35.345Z] > git remote --verbose [2ms]
[2022-10-29T11:38:35.345Z] > git for-each-ref --sort -committerdate --format %(refname) %(objectname) %(*objectname) [8ms]
[2022-10-29T11:38:35.359Z] > git config --get commit.template [1ms]
[2022-10-29T11:39:02.456Z] > git status -z -uall [1ms]
[2022-10-29T11:39:02.463Z] > git symbolic-ref --short HEAD [0ms]
[2022-10-29T11:39:02.470Z] > git for-each-ref --format=%(refname)%00%(upstream:short)%00%(objectname)%00%(upstream:track)%00%(upstream:remotename)%00%(upstream:remoteref) refs/heads/main refs/remotes/main [0ms]
[2022-10-29T11:39:02.484Z] > git remote --verbose [1ms]
[2022-10-29T11:39:02.485Z] > git for-each-ref --sort -committerdate --format %(refname) %(objectname) %(*objectname) [8ms]
[2022-10-29T11:39:02.498Z] > git config --get commit.template [3ms]
[2022-10-29T11:39:17.591Z] > git show --textconv :Lession03/external/glfw/.gitignore [8ms]
[2022-10-29T11:39:17.592Z] > git ls-files --stage -- /home/dom/Dev/olas/Lession03/external/glfw/.gitignore [1ms]
[2022-10-29T11:39:49.152Z] > git show --textconv :Lession03/run.sh [8ms]
[2022-10-29T11:39:49.153Z] > git ls-files --stage -- /home/dom/Dev/olas/Lession03/run.sh [2ms]
[2022-10-29T11:40:47.582Z] > git show --textconv :Lession03/configure.sh [8ms]
[2022-10-29T11:40:47.583Z] > git ls-files --stage -- /home/dom/Dev/olas/Lession03/configure.sh [2ms]
[2022-10-29T11:43:13.197Z] > git show --textconv :Lession03/CMakeLists.txt [8ms]
[2022-10-29T11:43:13.198Z] > git ls-files --stage -- /home/dom/Dev/olas/Lession03/CMakeLists.txt [2ms]
[2022-10-29T11:44:58.455Z] > git show --textconv :Lession03/main.cpp [8ms]
[2022-10-29T11:44:58.456Z] > git ls-files --stage -- /home/dom/Dev/olas/Lession03/main.cpp [2ms]
[2022-10-29T11:45:03.993Z] > git status -z -uall [3ms]
[2022-10-29T11:45:04.002Z] > git symbolic-ref --short HEAD [1ms]
[2022-10-29T11:45:04.011Z] > git for-each-ref --format=%(refname)%00%(upstream:short)%00%(objectname)%00%(upstream:track)%00%(upstream:remotename)%00%(upstream:remoteref) refs/heads/main refs/remotes/main [2ms]
[2022-10-29T11:45:04.024Z] > git remote --verbose [1ms]
[2022-10-29T11:45:04.025Z] > git for-each-ref --sort -committerdate --format %(refname) %(objectname) %(*objectname) [8ms]
[2022-10-29T11:45:04.039Z] > git config --get commit.template [2ms]
[2022-10-29T11:48:25.897Z] > git status -z -uall [3ms]
[2022-10-29T11:48:25.904Z] > git symbolic-ref --short HEAD [1ms]
[2022-10-29T11:48:25.911Z] > git for-each-ref --format=%(refname)%00%(upstream:short)%00%(objectname)%00%(upstream:track)%00%(upstream:remotename)%00%(upstream:remoteref) refs/heads/main refs/remotes/main [1ms]
[2022-10-29T11:48:25.925Z] > git remote --verbose [1ms]
[2022-10-29T11:48:25.925Z] > git for-each-ref --sort -committerdate --format %(refname) %(objectname) %(*objectname) [7ms]
[2022-10-29T11:48:25.938Z] > git config --get commit.template [2ms]
[2022-10-29T11:48:29.705Z] > git show --textconv :Lession03/CMakeLists.txt [7ms]
[2022-10-29T11:48:29.705Z] > git ls-files --stage -- /home/dom/Dev/olas/Lession03/CMakeLists.txt [1ms]
[2022-10-29T11:48:30.952Z] > git status -z -uall [3ms]
[2022-10-29T11:48:30.960Z] > git symbolic-ref --short HEAD [1ms]
[2022-10-29T11:48:30.967Z] > git for-each-ref --format=%(refname)%00%(upstream:short)%00%(objectname)%00%(upstream:track)%00%(upstream:remotename)%00%(upstream:remoteref) refs/heads/main refs/remotes/main [1ms]
[2022-10-29T11:48:30.982Z] > git remote --verbose [2ms]
[2022-10-29T11:48:30.982Z] > git for-each-ref --sort -committerdate --format %(refname) %(objectname) %(*objectname) [9ms]
[2022-10-29T11:48:30.997Z] > git config --get commit.template [2ms]
[2022-10-29T11:48:32.239Z] > git show --textconv :.gitignore [8ms]
[2022-10-29T11:48:32.241Z] > git ls-files --stage -- /home/dom/Dev/olas/.gitignore [2ms]
[2022-10-29T11:48:32.251Z] > git cat-file -s e69de29bb2d1d6434b8b29ae775ad8c2e48c5391 [2ms]
[2022-10-29T11:49:04.551Z] > git show --textconv :Lession03/main.cpp [9ms]
[2022-10-29T11:49:04.552Z] > git ls-files --stage -- /home/dom/Dev/olas/Lession03/main.cpp [2ms]
[2022-10-29T11:49:36.084Z] > git status -z -uall [2ms]
[2022-10-29T11:49:36.093Z] > git symbolic-ref --short HEAD [1ms]
[2022-10-29T11:49:36.102Z] > git for-each-ref --format=%(refname)%00%(upstream:short)%00%(objectname)%00%(upstream:track)%00%(upstream:remotename)%00%(upstream:remoteref) refs/heads/main refs/remotes/main [2ms]
[2022-10-29T11:49:36.119Z] > git remote --verbose [2ms]
[2022-10-29T11:49:36.119Z] > git for-each-ref --sort -committerdate --format %(refname) %(objectname) %(*objectname) [9ms]
[2022-10-29T11:49:36.132Z] > git config --get commit.template [2ms]
[2022-10-29T11:50:11.867Z] > git status -z -uall [1ms]
[2022-10-29T11:50:11.876Z] > git symbolic-ref --short HEAD [1ms]
[2022-10-29T11:50:11.885Z] > git for-each-ref --format=%(refname)%00%(upstream:short)%00%(objectname)%00%(upstream:track)%00%(upstream:remotename)%00%(upstream:remoteref) refs/heads/main refs/remotes/main [2ms]
[2022-10-29T11:50:11.899Z] > git remote --verbose [2ms]
[2022-10-29T11:50:11.900Z] > git for-each-ref --sort -committerdate --format %(refname) %(objectname) %(*objectname) [9ms]
[2022-10-29T11:50:11.913Z] > git config --get commit.template [2ms]
[2022-10-29T11:50:16.926Z] > git status -z -uall [3ms]
[2022-10-29T11:50:16.936Z] > git symbolic-ref --short HEAD [2ms]
[2022-10-29T11:50:16.946Z] > git for-each-ref --format=%(refname)%00%(upstream:short)%00%(objectname)%00%(upstream:track)%00%(upstream:remotename)%00%(upstream:remoteref) refs/heads/main refs/remotes/main [2ms]
[2022-10-29T11:50:16.962Z] > git remote --verbose [2ms]
[2022-10-29T11:50:16.962Z] > git for-each-ref --sort -committerdate --format %(refname) %(objectname) %(*objectname) [9ms]
[2022-10-29T11:50:16.977Z] > git config --get commit.template [3ms]
[2022-10-29T11:52:20.075Z] > git check-ignore -v -z --stdin [2ms]
[2022-10-29T11:52:23.895Z] > git status -z -uall [3ms]
[2022-10-29T11:52:23.902Z] > git symbolic-ref --short HEAD [2ms]
[2022-10-29T11:52:23.910Z] > git for-each-ref --format=%(refname)%00%(upstream:short)%00%(objectname)%00%(upstream:track)%00%(upstream:remotename)%00%(upstream:remoteref) refs/heads/main refs/remotes/main [2ms]
[2022-10-29T11:52:23.923Z] > git for-each-ref --sort -committerdate --format %(refname) %(objectname) %(*objectname) [7ms]
[2022-10-29T11:52:23.923Z] > git remote --verbose [2ms]
[2022-10-29T11:52:23.932Z] > git config --get commit.template [1ms]
[2022-10-29T11:52:28.946Z] > git status -z -uall [3ms]
[2022-10-29T11:52:28.953Z] > git symbolic-ref --short HEAD [0ms]
[2022-10-29T11:52:28.963Z] > git for-each-ref --format=%(refname)%00%(upstream:short)%00%(objectname)%00%(upstream:track)%00%(upstream:remotename)%00%(upstream:remoteref) refs/heads/main refs/remotes/main [2ms]
[2022-10-29T11:52:28.980Z] > git for-each-ref --sort -committerdate --format %(refname) %(objectname) %(*objectname) [8ms]
[2022-10-29T11:52:28.981Z] > git remote --verbose [2ms]
[2022-10-29T11:52:28.994Z] > git config --get commit.template [2ms]
