[2022-10-29T09:56:18.680Z] Log level: Info
[2022-10-29T09:56:18.681Z] [info] Validating found git in: git
[2022-10-29T09:56:18.690Z] [info] Using git 2.38.0 from git
[2022-10-29T09:56:18.701Z] > git rev-parse --show-toplevel [2ms]
[2022-10-29T09:56:18.710Z] > git rev-parse --git-dir --git-common-dir [1ms]
[2022-10-29T09:56:18.712Z] [info] Open repository: /home/dom/Dev/olas
[2022-10-29T09:56:18.727Z] > git status -z -uall [9ms]
[2022-10-29T09:56:18.736Z] > git symbolic-ref --short HEAD [5ms]
[2022-10-29T09:56:18.743Z] > git rev-parse --show-toplevel [20ms]
[2022-10-29T09:56:18.749Z] > git for-each-ref --format=%(refname)%00%(upstream:short)%00%(objectname)%00%(upstream:track)%00%(upstream:remotename)%00%(upstream:remoteref) refs/heads/main refs/remotes/main [6ms]
[2022-10-29T09:56:18.770Z] > git remote --verbose [10ms]
[2022-10-29T09:56:18.770Z] > git for-each-ref --sort -committerdate --format %(refname) %(objectname) %(*objectname) [16ms]
[2022-10-29T09:56:18.771Z] > git rev-parse --show-toplevel [24ms]
[2022-10-29T09:56:18.778Z] > git rev-parse --show-toplevel [2ms]
[2022-10-29T09:56:18.844Z] > git config --get commit.template [53ms]
[2022-10-29T09:56:18.882Z] > git status -z -uall [32ms]
[2022-10-29T09:56:18.888Z] > git symbolic-ref --short HEAD [1ms]
[2022-10-29T09:56:18.896Z] > git for-each-ref --format=%(refname)%00%(upstream:short)%00%(objectname)%00%(upstream:track)%00%(upstream:remotename)%00%(upstream:remoteref) refs/heads/main refs/remotes/main [4ms]
[2022-10-29T09:56:18.907Z] > git for-each-ref --sort -committerdate --format %(refname) %(objectname) %(*objectname) [6ms]
[2022-10-29T09:56:18.907Z] > git remote --verbose [2ms]
[2022-10-29T09:56:18.919Z] > git config --get commit.template [1ms]
[2022-10-29T09:56:19.248Z] > git check-ignore -v -z --stdin [6ms]
[2022-10-29T09:56:19.276Z] > git show --textconv :run.sh [10ms]
[2022-10-29T09:56:19.278Z] > git ls-files --stage -- /home/dom/Dev/olas/run.sh [4ms]
[2022-10-29T09:56:19.285Z] > git cat-file -s e69de29bb2d1d6434b8b29ae775ad8c2e48c5391 [1ms]
[2022-10-29T09:56:20.332Z] > git status -z -uall [4ms]
[2022-10-29T09:56:20.342Z] > git symbolic-ref --short HEAD [2ms]
[2022-10-29T09:56:20.349Z] > git for-each-ref --format=%(refname)%00%(upstream:short)%00%(objectname)%00%(upstream:track)%00%(upstream:remotename)%00%(upstream:remoteref) refs/heads/main refs/remotes/main [0ms]
[2022-10-29T09:56:20.364Z] > git remote --verbose [2ms]
[2022-10-29T09:56:20.364Z] > git for-each-ref --sort -committerdate --format %(refname) %(objectname) %(*objectname) [8ms]
[2022-10-29T09:56:20.386Z] > git config --get commit.template [5ms]
[2022-10-29T09:56:47.798Z] > git check-ignore -v -z --stdin [2ms]
[2022-10-29T09:56:48.332Z] > git status -z -uall [4ms]
[2022-10-29T09:56:48.340Z] > git symbolic-ref --short HEAD [2ms]
[2022-10-29T09:56:48.349Z] > git for-each-ref --format=%(refname)%00%(upstream:short)%00%(objectname)%00%(upstream:track)%00%(upstream:remotename)%00%(upstream:remoteref) refs/heads/main refs/remotes/main [2ms]
[2022-10-29T09:56:48.362Z] > git remote --verbose [2ms]
[2022-10-29T09:56:48.362Z] > git for-each-ref --sort -committerdate --format %(refname) %(objectname) %(*objectname) [8ms]
[2022-10-29T09:56:48.379Z] > git config --get commit.template [1ms]
[2022-10-29T09:57:00.289Z] > git check-ignore -v -z --stdin [2ms]
[2022-10-29T09:57:00.824Z] > git status -z -uall [4ms]
[2022-10-29T09:57:00.832Z] > git symbolic-ref --short HEAD [2ms]
[2022-10-29T09:57:00.840Z] > git for-each-ref --format=%(refname)%00%(upstream:short)%00%(objectname)%00%(upstream:track)%00%(upstream:remotename)%00%(upstream:remoteref) refs/heads/main refs/remotes/main [1ms]
[2022-10-29T09:57:00.854Z] > git remote --verbose [1ms]
[2022-10-29T09:57:00.855Z] > git for-each-ref --sort -committerdate --format %(refname) %(objectname) %(*objectname) [9ms]
[2022-10-29T09:57:00.878Z] > git config --get commit.template [5ms]
[2022-10-29T09:57:36.016Z] > git show --textconv :Lession01/install.sh [9ms]
[2022-10-29T09:57:36.018Z] > git ls-files --stage -- /home/dom/Dev/olas/Lession01/install.sh [4ms]
[2022-10-29T09:57:37.491Z] > git show --textconv :Lession01/build.sh [9ms]
[2022-10-29T09:57:37.492Z] > git ls-files --stage -- /home/dom/Dev/olas/Lession01/build.sh [2ms]
[2022-10-29T09:57:38.360Z] > git show --textconv :Lession01/CMakeLists.txt [8ms]
[2022-10-29T09:57:38.362Z] > git ls-files --stage -- /home/dom/Dev/olas/Lession01/CMakeLists.txt [3ms]
[2022-10-29T09:57:39.051Z] > git show --textconv :readme.md [7ms]
[2022-10-29T09:57:39.052Z] > git ls-files --stage -- /home/dom/Dev/olas/readme.md [2ms]
[2022-10-29T09:57:39.058Z] > git cat-file -s e69de29bb2d1d6434b8b29ae775ad8c2e48c5391 [1ms]
[2022-10-29T09:59:15.156Z] > git status -z -uall [2ms]
[2022-10-29T09:59:15.165Z] > git symbolic-ref --short HEAD [1ms]
[2022-10-29T09:59:15.174Z] > git for-each-ref --format=%(refname)%00%(upstream:short)%00%(objectname)%00%(upstream:track)%00%(upstream:remotename)%00%(upstream:remoteref) refs/heads/main refs/remotes/main [2ms]
[2022-10-29T09:59:15.192Z] > git for-each-ref --sort -committerdate --format %(refname) %(objectname) %(*objectname) [10ms]
[2022-10-29T09:59:15.193Z] > git remote --verbose [3ms]
[2022-10-29T09:59:15.211Z] > git config --get commit.template [1ms]
[2022-10-29T09:59:20.793Z] > git check-ignore -v -z --stdin [1ms]
