[2022-12-09T09:01:26.036Z] Log level: Info
[2022-12-09T09:01:26.037Z] [info] Validating found git in: git
[2022-12-09T09:01:26.048Z] [info] Using git 2.38.0 from git
[2022-12-09T09:01:26.061Z] > git rev-parse --show-toplevel [3ms]
[2022-12-09T09:01:26.068Z] > git rev-parse --git-dir --git-common-dir [1ms]
[2022-12-09T09:01:26.071Z] [info] Open repository: /home/dom/Documents/git_study
[2022-12-09T09:01:26.091Z] > git rev-parse --show-toplevel [9ms]
[2022-12-09T09:01:26.097Z] > git rev-parse --show-toplevel [1ms]
[2022-12-09T09:01:26.102Z] > git rev-parse --show-toplevel [1ms]
[2022-12-09T09:01:26.117Z] > git rev-parse --show-toplevel [11ms]
[2022-12-09T09:01:26.122Z] > git rev-parse --show-toplevel [1ms]
[2022-12-09T09:01:26.137Z] > git rev-parse --show-toplevel [11ms]
[2022-12-09T09:01:26.145Z] > git rev-parse --show-toplevel [3ms]
[2022-12-09T09:01:26.153Z] > git rev-parse --show-toplevel [4ms]
[2022-12-09T09:01:26.227Z] > git rev-parse --show-toplevel [69ms]
[2022-12-09T09:01:26.252Z] > git rev-parse --show-toplevel [9ms]
[2022-12-09T09:01:26.556Z] > git show --textconv :groups/hal/halp/halp_conflictmanager.t.cpp [6ms]
[2022-12-09T09:01:26.557Z] > git ls-files --stage -- /home/dom/Documents/git_study/groups/hal/halp/halp_conflictmanager.t.cpp [2ms]
[2022-12-09T09:01:26.562Z] > git cat-file -s 85449e1537100df02e1f4b8002a4ad185850f1fd [1ms]
[2022-12-09T09:01:26.623Z] > git check-ignore -v -z --stdin [2ms]
[2022-12-09T09:01:26.699Z] > git status -z -uall [622ms]
[2022-12-09T09:01:26.704Z] > git symbolic-ref --short HEAD [0ms]
[2022-12-09T09:01:26.710Z] > git for-each-ref --format=%(refname)%00%(upstream:short)%00%(objectname)%00%(upstream:track)%00%(upstream:remotename)%00%(upstream:remoteref) refs/heads/master refs/remotes/master [1ms]
[2022-12-09T09:01:26.720Z] > git remote --verbose [2ms]
[2022-12-09T09:01:26.721Z] > git for-each-ref --sort -committerdate --format %(refname) %(objectname) %(*objectname) [7ms]
[2022-12-09T09:01:26.730Z] > git config --get commit.template [1ms]
[2022-12-09T09:01:27.097Z] > git status -z -uall [361ms]
[2022-12-09T09:01:27.103Z] > git symbolic-ref --short HEAD [1ms]
[2022-12-09T09:01:27.108Z] > git for-each-ref --format=%(refname)%00%(upstream:short)%00%(objectname)%00%(upstream:track)%00%(upstream:remotename)%00%(upstream:remoteref) refs/heads/master refs/remotes/master [1ms]
[2022-12-09T09:01:27.120Z] > git for-each-ref --sort -committerdate --format %(refname) %(objectname) %(*objectname) [7ms]
[2022-12-09T09:01:27.120Z] > git remote --verbose [2ms]
[2022-12-09T09:01:27.128Z] > git config --get commit.template [1ms]
[2022-12-09T09:01:49.232Z] > git check-ignore -v -z --stdin [1ms]
[2022-12-09T09:01:57.256Z] > git check-ignore -v -z --stdin [3ms]
[2022-12-09T09:01:58.631Z] > git check-ignore -v -z --stdin [2ms]
[2022-12-09T09:02:00.488Z] > git check-ignore -v -z --stdin [3ms]
