2023-04-23 23:15:55.240 [info] Log level: Info
2023-04-23 23:15:55.240 [info] Validating found git in: "git"
2023-04-23 23:15:55.240 [info] Using git "2.40.0" from "git"
2023-04-23 23:15:55.240 [info] > git rev-parse --show-toplevel [158ms]
2023-04-23 23:15:55.240 [info] > git rev-parse --git-dir --git-common-dir [20ms]
2023-04-23 23:15:55.240 [info] Open repository: /home/dom/Documents/git_study
2023-04-23 23:15:55.248 [info] > git rev-parse --show-toplevel [8ms]
2023-04-23 23:15:55.256 [info] > git config --get commit.template [9ms]
2023-04-23 23:15:55.256 [info] > git rev-parse --show-toplevel [2ms]
2023-04-23 23:15:55.289 [info] > git for-each-ref --format=%(refname)%00%(upstream:short)%00%(objectname)%00%(upstream:track)%00%(upstream:remotename)%00%(upstream:remoteref) refs/heads/master refs/remotes/master [22ms]
2023-04-23 23:15:55.295 [info] > git rev-parse --show-toplevel [33ms]
2023-04-23 23:15:55.304 [info] > git rev-parse --show-toplevel [5ms]
2023-04-23 23:15:55.392 [info] > git rev-parse --show-toplevel [80ms]
2023-04-23 23:15:55.402 [info] > git rev-parse --show-toplevel [5ms]
2023-04-23 23:15:55.410 [info] > git rev-parse --show-toplevel [2ms]
2023-04-23 23:15:55.417 [info] > git rev-parse --show-toplevel [3ms]
2023-04-23 23:15:55.423 [info] > git rev-parse --show-toplevel [2ms]
2023-04-23 23:15:55.429 [info] > git rev-parse --show-toplevel [1ms]
2023-04-23 23:15:55.632 [info] > git show --textconv :groups/hal/halp/halp_conflictmanager.t.cpp [8ms]
2023-04-23 23:15:55.633 [info] > git ls-files --stage -- /home/dom/Documents/git_study/groups/hal/halp/halp_conflictmanager.t.cpp [2ms]
2023-04-23 23:15:55.640 [info] > git cat-file -s 85449e1537100df02e1f4b8002a4ad185850f1fd [1ms]
2023-04-23 23:15:55.781 [info] > git check-ignore -v -z --stdin [3ms]
2023-04-23 23:15:56.305 [info] > git status -z -uall [1011ms]
2023-04-23 23:15:56.327 [info] > git config --get commit.template [6ms]
2023-04-23 23:15:56.335 [info] > git for-each-ref --format=%(refname)%00%(upstream:short)%00%(objectname)%00%(upstream:track)%00%(upstream:remotename)%00%(upstream:remoteref) refs/heads/master refs/remotes/master [1ms]
2023-04-23 23:15:56.680 [info] > git status -z -uall [338ms]
2023-04-23 23:16:45.864 [info] > git log --oneline --cherry master...master@{upstream} -- [16ms]
2023-04-23 23:16:47.074 [info] > git ls-files --stage -- /home/dom/Documents/git_study/groups/hal/halp/halp_conflictmanager.t.cpp [2ms]
2023-04-23 23:16:47.084 [info] > git cat-file -s 85449e1537100df02e1f4b8002a4ad185850f1fd [1ms]
2023-04-23 23:16:47.100 [info] > git show --textconv :groups/hal/halp/halp_conflictmanager.t.cpp [3ms]
2023-04-23 23:16:50.360 [info] > git pull --tags origin master [4483ms]
2023-04-23 23:16:50.360 [info] From gitee.com:wen-peng-li316/git_study
 * branch            master     -> FETCH_HEAD
   bf3a09c..e918d96  master     -> origin/master
2023-04-23 23:16:50.376 [info] > git config --get commit.template [8ms]
2023-04-23 23:16:50.379 [info] > git for-each-ref --format=%(refname)%00%(upstream:short)%00%(objectname)%00%(upstream:track)%00%(upstream:remotename)%00%(upstream:remoteref) refs/heads/master refs/remotes/master [4ms]
2023-04-23 23:16:50.430 [info] > git status -z -uall [44ms]
2023-04-23 23:16:51.128 [info] > git check-ignore -v -z --stdin [2ms]
2023-04-23 23:16:51.557 [info] > git config --get commit.template [9ms]
2023-04-23 23:16:51.557 [info] > git for-each-ref --format=%(refname)%00%(upstream:short)%00%(objectname)%00%(upstream:track)%00%(upstream:remotename)%00%(upstream:remoteref) refs/heads/master refs/remotes/master [2ms]
2023-04-23 23:16:51.612 [info] > git status -z -uall [47ms]
2023-04-23 23:16:51.651 [info] > git ls-files --stage -- /home/dom/Documents/git_study/groups/hal/halp/halp_conflictmanager.t.cpp [2ms]
2023-04-23 23:16:51.660 [info] > git cat-file -s 85449e1537100df02e1f4b8002a4ad185850f1fd [2ms]
2023-04-23 23:16:51.675 [info] > git show --textconv :groups/hal/halp/halp_conflictmanager.t.cpp [3ms]
2023-04-23 23:17:16.022 [info] > git check-ignore -v -z --stdin [3ms]
2023-04-23 23:17:26.663 [info] Log level: Info
2023-04-23 23:17:26.663 [info] Validating found git in: "git"
2023-04-23 23:17:26.663 [info] Using git "2.40.0" from "git"
2023-04-23 23:17:26.663 [info] > git rev-parse --show-toplevel [2ms]
2023-04-23 23:17:26.663 [info] > git rev-parse --git-dir --git-common-dir [1ms]
2023-04-23 23:17:26.663 [info] Open repository: /home/dom/Documents/git_study
2023-04-23 23:17:26.663 [info] > git rev-parse --show-toplevel [7ms]
2023-04-23 23:17:26.663 [info] > git config --get commit.template [11ms]
2023-04-23 23:17:26.663 [info] > git rev-parse --show-toplevel [11ms]
2023-04-23 23:17:26.663 [info] > git for-each-ref --format=%(refname)%00%(upstream:short)%00%(objectname)%00%(upstream:track)%00%(upstream:remotename)%00%(upstream:remoteref) refs/heads/master refs/remotes/master [14ms]
2023-04-23 23:17:26.663 [info] > git rev-parse --show-toplevel [21ms]
2023-04-23 23:17:26.663 [info] > git rev-parse --show-toplevel [19ms]
2023-04-23 23:17:26.664 [info] > git rev-parse --show-toplevel [7ms]
2023-04-23 23:17:26.671 [info] > git status -z -uall [52ms]
2023-04-23 23:17:26.681 [info] > git rev-parse --show-toplevel [11ms]
2023-04-23 23:17:26.771 [info] > git config --get commit.template [90ms]
2023-04-23 23:17:26.772 [info] > git rev-parse --show-toplevel [84ms]
2023-04-23 23:17:26.785 [info] > git rev-parse --show-toplevel [8ms]
2023-04-23 23:17:26.794 [info] > git for-each-ref --format=%(refname)%00%(upstream:short)%00%(objectname)%00%(upstream:track)%00%(upstream:remotename)%00%(upstream:remoteref) refs/heads/master refs/remotes/master [10ms]
2023-04-23 23:17:26.800 [info] > git rev-parse --show-toplevel [10ms]
2023-04-23 23:17:26.807 [info] > git rev-parse --show-toplevel [2ms]
2023-04-23 23:17:26.816 [info] > git rev-parse --show-toplevel [3ms]
2023-04-23 23:17:26.828 [info] > git rev-parse --show-toplevel [7ms]
2023-04-23 23:17:26.860 [info] > git rev-parse --show-toplevel [26ms]
2023-04-23 23:17:26.870 [info] > git status -z -uall [72ms]
2023-04-23 23:17:26.919 [info] > git show --textconv :groups/hal/halp/halp_conflictmanager.t.cpp [11ms]
2023-04-23 23:17:26.919 [info] > git ls-files --stage -- /home/dom/Documents/git_study/groups/hal/halp/halp_conflictmanager.t.cpp [4ms]
2023-04-23 23:17:26.942 [info] > git cat-file -s 85449e1537100df02e1f4b8002a4ad185850f1fd [16ms]
2023-04-23 23:17:27.137 [info] > git check-ignore -v -z --stdin [2ms]
2023-04-23 23:17:40.801 [info] > git config --get commit.template [8ms]
2023-04-23 23:17:40.801 [info] > git for-each-ref --format=%(refname)%00%(upstream:short)%00%(objectname)%00%(upstream:track)%00%(upstream:remotename)%00%(upstream:remoteref) refs/heads/master refs/remotes/master [3ms]
2023-04-23 23:17:40.874 [info] > git status -z -uall [67ms]
2023-04-23 23:17:42.769 [info] > git check-ignore -v -z --stdin [4ms]
2023-04-23 23:17:44.029 [info] > git check-ignore -v -z --stdin [2ms]
2023-04-23 23:17:45.924 [info] > git show --textconv HEAD:.vscode/c_cpp_properties.json [9ms]
2023-04-23 23:17:45.925 [info] > git ls-tree -l HEAD -- /home/dom/Documents/git_study/.vscode/c_cpp_properties.json [3ms]
2023-04-23 23:17:48.467 [info] > git show --textconv HEAD:.vscode/settings.json [12ms]
2023-04-23 23:17:48.468 [info] > git ls-tree -l HEAD -- /home/dom/Documents/git_study/.vscode/settings.json [5ms]
2023-04-23 23:17:51.544 [info] > git show --textconv HEAD:.vscode/c_cpp_properties.json [7ms]
2023-04-23 23:17:51.544 [info] > git ls-tree -l HEAD -- /home/dom/Documents/git_study/.vscode/c_cpp_properties.json [2ms]
2023-04-23 23:17:57.508 [info] > git check-ignore -v -z --stdin [2ms]
2023-04-23 23:18:01.843 [info] > git check-ignore -v -z --stdin [2ms]
2023-04-23 23:18:03.287 [info] > git check-ignore -v -z --stdin [3ms]
2023-04-23 23:18:33.022 [info] > git show --textconv :op/src/op_algo_config.h [10ms]
2023-04-23 23:18:33.025 [info] > git ls-files --stage -- /home/dom/Documents/git_study/op/src/op_algo_config.h [4ms]
2023-04-23 23:18:33.035 [info] > git cat-file -s 9d4f21fb213410c039d1a7721eff850717ee2304 [2ms]
2023-04-23 23:19:03.599 [info] > git show --textconv :op/src/op_algo_interface.cpp [11ms]
2023-04-23 23:19:03.600 [info] > git ls-files --stage -- /home/dom/Documents/git_study/op/src/op_algo_interface.cpp [2ms]
2023-04-23 23:19:03.611 [info] > git cat-file -s 61a49e5a72aa1ededde2133c141ae19012bb9f9c [2ms]
2023-04-23 23:19:07.147 [info] > git show --textconv :op/src/op_algo_interface.h [8ms]
2023-04-23 23:19:07.148 [info] > git ls-files --stage -- /home/dom/Documents/git_study/op/src/op_algo_interface.h [2ms]
2023-04-23 23:19:07.156 [info] > git cat-file -s 895bfd7f585939d8a829903d3b0dc12e4725b129 [1ms]
