2022-12-09 17:02:24.090 [info] Validating found git in: git
2022-12-09 17:02:24.090 [info] Using git 2.38.1 from git
2022-12-09 17:02:24.090 [info] > git rev-parse --show-toplevel [6ms]
2022-12-09 17:02:24.090 [info] > git rev-parse --git-dir --git-common-dir [1ms]
2022-12-09 17:02:24.090 [info] Log level: Info
2022-12-09 17:02:24.090 [info] Open repository: /home/dom/Documents/git_study
2022-12-09 17:02:24.090 [info] > git rev-parse --show-toplevel [11ms]
2022-12-09 17:02:24.090 [info] > git remote --verbose [31ms]
2022-12-09 17:02:24.090 [info] > git for-each-ref --sort -committerdate --format %(refname) %(objectname) %(*objectname) [36ms]
2022-12-09 17:02:24.091 [info] > git rev-parse --show-toplevel [3ms]
2022-12-09 17:02:24.091 [info] > git config --get commit.template [17ms]
2022-12-09 17:02:24.091 [info] > git rev-parse --show-toplevel [2ms]
2022-12-09 17:02:24.091 [info] > git rev-parse --show-toplevel [9ms]
2022-12-09 17:02:24.091 [info] > git for-each-ref --format=%(refname)%00%(upstream:short)%00%(objectname)%00%(upstream:track)%00%(upstream:remotename)%00%(upstream:remoteref) refs/heads/master refs/remotes/master [7ms]
2022-12-09 17:02:24.091 [info] > git rev-parse --show-toplevel [2ms]
2022-12-09 17:02:24.091 [info] > git rev-parse --show-toplevel [1ms]
2022-12-09 17:02:24.091 [info] > git rev-parse --show-toplevel [0ms]
2022-12-09 17:02:24.091 [info] > git rev-parse --show-toplevel [2ms]
2022-12-09 17:02:24.091 [info] > git rev-parse --show-toplevel [1ms]
2022-12-09 17:02:24.091 [info] > git rev-parse --show-toplevel [0ms]
2022-12-09 17:02:24.239 [info] > git status -z -uall [433ms]
2022-12-09 17:02:24.239 [info] > git show --textconv :groups/hal/halp/halp_conflictmanager.t.cpp [39ms]
2022-12-09 17:02:24.239 [info] > git ls-files --stage -- /home/dom/Documents/git_study/groups/hal/halp/halp_conflictmanager.t.cpp [33ms]
2022-12-09 17:02:24.300 [info] > git remote --verbose [35ms]
2022-12-09 17:02:24.300 [info] > git for-each-ref --sort -committerdate --format %(refname) %(objectname) %(*objectname) [41ms]
2022-12-09 17:02:24.300 [info] > git cat-file -s 85449e1537100df02e1f4b8002a4ad185850f1fd [55ms]
2022-12-09 17:02:24.303 [info] > git config --get commit.template [25ms]
2022-12-09 17:02:24.316 [info] > git for-each-ref --format=%(refname)%00%(upstream:short)%00%(objectname)%00%(upstream:track)%00%(upstream:remotename)%00%(upstream:remoteref) refs/heads/master refs/remotes/master [5ms]
2022-12-09 17:02:24.427 [info] > git check-ignore -v -z --stdin [3ms]
2022-12-09 17:02:24.655 [info] > git status -z -uall [384ms]
2022-12-09 17:02:27.843 [info] > git check-ignore -v -z --stdin [2ms]
