[2022-10-29T11:52:36.479Z] Log level: Info
[2022-10-29T11:52:36.479Z] [info] Validating found git in: git
[2022-10-29T11:52:36.491Z] [info] Using git 2.38.0 from git
[2022-10-29T11:52:36.510Z] > git rev-parse --show-toplevel [8ms]
[2022-10-29T11:52:36.569Z] > git rev-parse --git-dir --git-common-dir [53ms]
[2022-10-29T11:52:36.571Z] [info] Open repository: /home/dom/Dev/olas
[2022-10-29T11:52:36.586Z] > git status -z -uall [8ms]
[2022-10-29T11:52:36.592Z] > git rev-parse --show-toplevel [9ms]
[2022-10-29T11:52:36.600Z] > git symbolic-ref --short HEAD [8ms]
[2022-10-29T11:52:36.608Z] > git rev-parse --show-toplevel [9ms]
[2022-10-29T11:52:36.619Z] > git for-each-ref --format=%(refname)%00%(upstream:short)%00%(objectname)%00%(upstream:track)%00%(upstream:remotename)%00%(upstream:remoteref) refs/heads/main refs/remotes/main [13ms]
[2022-10-29T11:52:36.635Z] > git remote --verbose [4ms]
[2022-10-29T11:52:36.636Z] > git for-each-ref --sort -committerdate --format %(refname) %(objectname) %(*objectname) [10ms]
[2022-10-29T11:52:36.637Z] > git rev-parse --show-toplevel [23ms]
[2022-10-29T11:52:36.650Z] > git rev-parse --show-toplevel [7ms]
[2022-10-29T11:52:36.663Z] > git config --get commit.template [6ms]
[2022-10-29T11:52:36.691Z] > git status -z -uall [20ms]
[2022-10-29T11:52:36.699Z] > git symbolic-ref --short HEAD [1ms]
[2022-10-29T11:52:36.731Z] > git for-each-ref --format=%(refname)%00%(upstream:short)%00%(objectname)%00%(upstream:track)%00%(upstream:remotename)%00%(upstream:remoteref) refs/heads/main refs/remotes/main [26ms]
[2022-10-29T11:52:36.747Z] > git for-each-ref --sort -committerdate --format %(refname) %(objectname) %(*objectname) [9ms]
[2022-10-29T11:52:36.748Z] > git remote --verbose [3ms]
[2022-10-29T11:52:36.761Z] > git config --get commit.template [2ms]
[2022-10-29T11:52:37.118Z] > git check-ignore -v -z --stdin [2ms]
[2022-10-29T12:05:31.188Z] > git show --textconv :Lession04/CMakeLists.txt [7ms]
[2022-10-29T12:05:31.189Z] > git ls-files --stage -- /home/dom/Dev/olas/Lession04/CMakeLists.txt [2ms]
[2022-10-29T12:11:38.176Z] > git show --textconv :Lession04/OLASConfig.h.in [8ms]
[2022-10-29T12:11:38.177Z] > git ls-files --stage -- /home/dom/Dev/olas/Lession04/OLASConfig.h.in [2ms]
[2022-10-29T12:11:38.455Z] > git check-ignore -v -z --stdin [1ms]
[2022-10-29T12:11:39.002Z] > git status -z -uall [3ms]
[2022-10-29T12:11:39.012Z] > git symbolic-ref --short HEAD [2ms]
[2022-10-29T12:11:39.019Z] > git for-each-ref --format=%(refname)%00%(upstream:short)%00%(objectname)%00%(upstream:track)%00%(upstream:remotename)%00%(upstream:remoteref) refs/heads/main refs/remotes/main [1ms]
[2022-10-29T12:11:39.029Z] > git remote --verbose [1ms]
[2022-10-29T12:11:39.029Z] > git for-each-ref --sort -committerdate --format %(refname) %(objectname) %(*objectname) [6ms]
[2022-10-29T12:11:39.042Z] > git config --get commit.template [1ms]
[2022-10-29T12:11:50.562Z] > git show --textconv :Lession04/OLASConfig.h [8ms]
[2022-10-29T12:11:50.562Z] > git ls-files --stage -- /home/dom/Dev/olas/Lession04/OLASConfig.h [1ms]
[2022-10-29T12:11:50.829Z] > git check-ignore -v -z --stdin [2ms]
[2022-10-29T12:11:51.332Z] > git status -z -uall [3ms]
[2022-10-29T12:11:51.341Z] > git symbolic-ref --short HEAD [2ms]
[2022-10-29T12:11:51.351Z] > git for-each-ref --format=%(refname)%00%(upstream:short)%00%(objectname)%00%(upstream:track)%00%(upstream:remotename)%00%(upstream:remoteref) refs/heads/main refs/remotes/main [2ms]
[2022-10-29T12:11:51.366Z] > git remote --verbose [2ms]
[2022-10-29T12:11:51.366Z] > git for-each-ref --sort -committerdate --format %(refname) %(objectname) %(*objectname) [8ms]
[2022-10-29T12:11:51.380Z] > git config --get commit.template [1ms]
[2022-10-29T12:12:01.152Z] > git show --textconv :Lession04/CMakeLists.txt [8ms]
[2022-10-29T12:12:01.154Z] > git ls-files --stage -- /home/dom/Dev/olas/Lession04/CMakeLists.txt [3ms]
[2022-10-29T12:14:01.274Z] > git show --textconv :Lession04/OLASConfig.h.in [8ms]
[2022-10-29T12:14:01.275Z] > git ls-files --stage -- /home/dom/Dev/olas/Lession04/OLASConfig.h.in [2ms]
[2022-10-29T12:15:35.985Z] > git status -z -uall [3ms]
[2022-10-29T12:15:35.997Z] > git symbolic-ref --short HEAD [4ms]
[2022-10-29T12:15:36.011Z] > git for-each-ref --format=%(refname)%00%(upstream:short)%00%(objectname)%00%(upstream:track)%00%(upstream:remotename)%00%(upstream:remoteref) refs/heads/main refs/remotes/main [6ms]
[2022-10-29T12:15:36.025Z] > git for-each-ref --sort -committerdate --format %(refname) %(objectname) %(*objectname) [7ms]
[2022-10-29T12:15:36.026Z] > git remote --verbose [3ms]
[2022-10-29T12:15:36.038Z] > git config --get commit.template [2ms]
[2022-10-29T12:15:41.053Z] > git status -z -uall [3ms]
[2022-10-29T12:15:41.061Z] > git symbolic-ref --short HEAD [1ms]
[2022-10-29T12:15:41.071Z] > git for-each-ref --format=%(refname)%00%(upstream:short)%00%(objectname)%00%(upstream:track)%00%(upstream:remotename)%00%(upstream:remoteref) refs/heads/main refs/remotes/main [2ms]
[2022-10-29T12:15:41.086Z] > git for-each-ref --sort -committerdate --format %(refname) %(objectname) %(*objectname) [8ms]
[2022-10-29T12:15:41.087Z] > git remote --verbose [3ms]
[2022-10-29T12:15:41.098Z] > git config --get commit.template [2ms]
[2022-10-29T12:16:23.824Z] > git show --textconv :Lession04/main.cpp [10ms]
[2022-10-29T12:16:23.825Z] > git ls-files --stage -- /home/dom/Dev/olas/Lession04/main.cpp [1ms]
[2022-10-29T12:16:40.881Z] > git status -z -uall [3ms]
[2022-10-29T12:16:40.889Z] > git symbolic-ref --short HEAD [2ms]
[2022-10-29T12:16:40.896Z] > git for-each-ref --format=%(refname)%00%(upstream:short)%00%(objectname)%00%(upstream:track)%00%(upstream:remotename)%00%(upstream:remoteref) refs/heads/main refs/remotes/main [2ms]
[2022-10-29T12:16:40.909Z] > git for-each-ref --sort -committerdate --format %(refname) %(objectname) %(*objectname) [7ms]
[2022-10-29T12:16:40.909Z] > git remote --verbose [1ms]
[2022-10-29T12:16:40.919Z] > git config --get commit.template [3ms]
[2022-10-29T12:16:45.929Z] > git status -z -uall [3ms]
[2022-10-29T12:16:45.937Z] > git symbolic-ref --short HEAD [1ms]
[2022-10-29T12:16:45.944Z] > git for-each-ref --format=%(refname)%00%(upstream:short)%00%(objectname)%00%(upstream:track)%00%(upstream:remotename)%00%(upstream:remoteref) refs/heads/main refs/remotes/main [1ms]
[2022-10-29T12:16:45.959Z] > git for-each-ref --sort -committerdate --format %(refname) %(objectname) %(*objectname) [9ms]
[2022-10-29T12:16:45.960Z] > git remote --verbose [3ms]
[2022-10-29T12:16:45.973Z] > git config --get commit.template [2ms]
[2022-10-29T12:17:46.985Z] > git show --textconv :Lession04/OLASConfig.h.in [8ms]
[2022-10-29T12:17:46.986Z] > git ls-files --stage -- /home/dom/Dev/olas/Lession04/OLASConfig.h.in [2ms]
[2022-10-29T12:17:51.281Z] > git show --textconv :Lession04/main.cpp [9ms]
[2022-10-29T12:17:51.282Z] > git ls-files --stage -- /home/dom/Dev/olas/Lession04/main.cpp [2ms]
[2022-10-29T12:18:11.760Z] > git status -z -uall [3ms]
[2022-10-29T12:18:11.768Z] > git symbolic-ref --short HEAD [1ms]
[2022-10-29T12:18:11.777Z] > git for-each-ref --format=%(refname)%00%(upstream:short)%00%(objectname)%00%(upstream:track)%00%(upstream:remotename)%00%(upstream:remoteref) refs/heads/main refs/remotes/main [2ms]
[2022-10-29T12:18:11.795Z] > git remote --verbose [3ms]
[2022-10-29T12:18:11.795Z] > git for-each-ref --sort -committerdate --format %(refname) %(objectname) %(*objectname) [11ms]
[2022-10-29T12:18:11.810Z] > git config --get commit.template [1ms]
[2022-10-29T12:18:18.447Z] > git status -z -uall [3ms]
[2022-10-29T12:18:18.454Z] > git symbolic-ref --short HEAD [0ms]
[2022-10-29T12:18:18.461Z] > git for-each-ref --format=%(refname)%00%(upstream:short)%00%(objectname)%00%(upstream:track)%00%(upstream:remotename)%00%(upstream:remoteref) refs/heads/main refs/remotes/main [0ms]
[2022-10-29T12:18:18.476Z] > git remote --verbose [1ms]
[2022-10-29T12:18:18.476Z] > git for-each-ref --sort -committerdate --format %(refname) %(objectname) %(*objectname) [8ms]
[2022-10-29T12:18:18.489Z] > git config --get commit.template [0ms]
[2022-10-29T12:18:39.519Z] > git status -z -uall [4ms]
[2022-10-29T12:18:39.528Z] > git symbolic-ref --short HEAD [2ms]
[2022-10-29T12:18:39.533Z] > git for-each-ref --format=%(refname)%00%(upstream:short)%00%(objectname)%00%(upstream:track)%00%(upstream:remotename)%00%(upstream:remoteref) refs/heads/main refs/remotes/main [1ms]
[2022-10-29T12:18:39.549Z] > git for-each-ref --sort -committerdate --format %(refname) %(objectname) %(*objectname) [9ms]
[2022-10-29T12:18:39.549Z] > git remote --verbose [2ms]
[2022-10-29T12:18:39.563Z] > git config --get commit.template [2ms]
[2022-10-29T12:18:41.694Z] > git show --textconv :Lession04/CMakeLists.txt [10ms]
[2022-10-29T12:18:41.695Z] > git ls-files --stage -- /home/dom/Dev/olas/Lession04/CMakeLists.txt [3ms]
[2022-10-29T12:18:44.575Z] > git status -z -uall [3ms]
[2022-10-29T12:18:44.582Z] > git symbolic-ref --short HEAD [2ms]
[2022-10-29T12:18:44.587Z] > git for-each-ref --format=%(refname)%00%(upstream:short)%00%(objectname)%00%(upstream:track)%00%(upstream:remotename)%00%(upstream:remoteref) refs/heads/main refs/remotes/main [1ms]
[2022-10-29T12:18:44.596Z] > git remote --verbose [1ms]
[2022-10-29T12:18:44.596Z] > git for-each-ref --sort -committerdate --format %(refname) %(objectname) %(*objectname) [5ms]
[2022-10-29T12:18:44.603Z] > git config --get commit.template [0ms]
[2022-10-29T12:18:58.888Z] > git status -z -uall [2ms]
[2022-10-29T12:18:58.898Z] > git symbolic-ref --short HEAD [2ms]
[2022-10-29T12:18:58.905Z] > git for-each-ref --format=%(refname)%00%(upstream:short)%00%(objectname)%00%(upstream:track)%00%(upstream:remotename)%00%(upstream:remoteref) refs/heads/main refs/remotes/main [1ms]
[2022-10-29T12:18:58.922Z] > git for-each-ref --sort -committerdate --format %(refname) %(objectname) %(*objectname) [10ms]
[2022-10-29T12:18:58.923Z] > git remote --verbose [3ms]
[2022-10-29T12:18:58.938Z] > git config --get commit.template [1ms]
[2022-10-29T12:20:18.937Z] > git status -z -uall [3ms]
[2022-10-29T12:20:18.945Z] > git symbolic-ref --short HEAD [1ms]
[2022-10-29T12:20:18.955Z] > git for-each-ref --format=%(refname)%00%(upstream:short)%00%(objectname)%00%(upstream:track)%00%(upstream:remotename)%00%(upstream:remoteref) refs/heads/main refs/remotes/main [2ms]
[2022-10-29T12:20:18.970Z] > git remote --verbose [2ms]
[2022-10-29T12:20:18.970Z] > git for-each-ref --sort -committerdate --format %(refname) %(objectname) %(*objectname) [8ms]
[2022-10-29T12:20:18.985Z] > git config --get commit.template [3ms]
[2022-10-29T12:20:33.377Z] > git status -z -uall [1ms]
[2022-10-29T12:20:33.385Z] > git symbolic-ref --short HEAD [1ms]
[2022-10-29T12:20:33.394Z] > git for-each-ref --format=%(refname)%00%(upstream:short)%00%(objectname)%00%(upstream:track)%00%(upstream:remotename)%00%(upstream:remoteref) refs/heads/main refs/remotes/main [2ms]
[2022-10-29T12:20:33.410Z] > git for-each-ref --sort -committerdate --format %(refname) %(objectname) %(*objectname) [9ms]
[2022-10-29T12:20:33.411Z] > git remote --verbose [3ms]
[2022-10-29T12:20:33.425Z] > git config --get commit.template [3ms]
[2022-10-29T12:21:26.013Z] > git show --textconv :Lession04/configure.sh [9ms]
[2022-10-29T12:21:26.014Z] > git ls-files --stage -- /home/dom/Dev/olas/Lession04/configure.sh [2ms]
[2022-10-29T12:21:32.240Z] > git show --textconv :Lession04/main.cpp [7ms]
[2022-10-29T12:21:32.241Z] > git ls-files --stage -- /home/dom/Dev/olas/Lession04/main.cpp [1ms]
[2022-10-29T12:21:33.358Z] > git show --textconv :Lession04/CMakeLists.txt [7ms]
[2022-10-29T12:21:33.359Z] > git ls-files --stage -- /home/dom/Dev/olas/Lession04/CMakeLists.txt [2ms]
[2022-10-29T12:21:38.612Z] > git show --textconv :Lession04/.gitsubmodules [8ms]
[2022-10-29T12:21:38.612Z] > git ls-files --stage -- /home/dom/Dev/olas/Lession04/.gitsubmodules [1ms]
[2022-10-29T12:21:41.802Z] > git status -z -uall [1ms]
[2022-10-29T12:21:41.811Z] > git symbolic-ref --short HEAD [2ms]
[2022-10-29T12:21:41.820Z] > git for-each-ref --format=%(refname)%00%(upstream:short)%00%(objectname)%00%(upstream:track)%00%(upstream:remotename)%00%(upstream:remoteref) refs/heads/main refs/remotes/main [2ms]
[2022-10-29T12:21:41.835Z] > git remote --verbose [2ms]
[2022-10-29T12:21:41.835Z] > git for-each-ref --sort -committerdate --format %(refname) %(objectname) %(*objectname) [8ms]
[2022-10-29T12:21:41.851Z] > git config --get commit.template [3ms]
[2022-10-29T12:22:38.925Z] > git status -z -uall [3ms]
[2022-10-29T12:22:38.934Z] > git symbolic-ref --short HEAD [1ms]
[2022-10-29T12:22:38.943Z] > git for-each-ref --format=%(refname)%00%(upstream:short)%00%(objectname)%00%(upstream:track)%00%(upstream:remotename)%00%(upstream:remoteref) refs/heads/main refs/remotes/main [1ms]
[2022-10-29T12:22:38.960Z] > git remote --verbose [2ms]
[2022-10-29T12:22:38.960Z] > git for-each-ref --sort -committerdate --format %(refname) %(objectname) %(*objectname) [9ms]
[2022-10-29T12:22:38.976Z] > git config --get commit.template [4ms]
[2022-10-29T12:22:50.369Z] > git status -z -uall [2ms]
[2022-10-29T12:22:50.379Z] > git symbolic-ref --short HEAD [2ms]
[2022-10-29T12:22:50.388Z] > git for-each-ref --format=%(refname)%00%(upstream:short)%00%(objectname)%00%(upstream:track)%00%(upstream:remotename)%00%(upstream:remoteref) refs/heads/main refs/remotes/main [2ms]
[2022-10-29T12:22:50.404Z] > git remote --verbose [2ms]
[2022-10-29T12:22:50.404Z] > git for-each-ref --sort -committerdate --format %(refname) %(objectname) %(*objectname) [8ms]
[2022-10-29T12:22:50.417Z] > git config --get commit.template [2ms]
[2022-10-29T12:23:26.366Z] > git show --textconv :Lession04/install.sh [9ms]
[2022-10-29T12:23:26.367Z] > git ls-files --stage -- /home/dom/Dev/olas/Lession04/install.sh [2ms]
[2022-10-29T12:23:27.730Z] > git show --textconv :Lession04/configure.sh [9ms]
[2022-10-29T12:23:27.731Z] > git ls-files --stage -- /home/dom/Dev/olas/Lession04/configure.sh [2ms]
[2022-10-29T12:23:30.221Z] > git show --textconv :Lession04/build.sh [8ms]
[2022-10-29T12:23:30.222Z] > git ls-files --stage -- /home/dom/Dev/olas/Lession04/build.sh [1ms]
[2022-10-29T12:23:32.785Z] > git show --textconv :Lession04/install.sh [7ms]
[2022-10-29T12:23:32.786Z] > git ls-files --stage -- /home/dom/Dev/olas/Lession04/install.sh [2ms]
[2022-10-29T12:23:33.832Z] > git show --textconv :Lession04/configure.sh [7ms]
[2022-10-29T12:23:33.834Z] > git ls-files --stage -- /home/dom/Dev/olas/Lession04/configure.sh [1ms]
[2022-10-29T12:23:36.199Z] > git show --textconv :Lession04/build.sh [9ms]
[2022-10-29T12:23:36.200Z] > git ls-files --stage -- /home/dom/Dev/olas/Lession04/build.sh [2ms]
[2022-10-29T12:23:40.520Z] > git show --textconv :Lession04/run.sh [6ms]
[2022-10-29T12:23:40.521Z] > git ls-files --stage -- /home/dom/Dev/olas/Lession04/run.sh [2ms]
[2022-10-29T12:23:46.640Z] > git check-ignore -v -z --stdin [1ms]
[2022-10-29T12:23:51.347Z] > git show --textconv :Lession04/.gitsubmodules [8ms]
[2022-10-29T12:23:51.348Z] > git ls-files --stage -- /home/dom/Dev/olas/Lession04/.gitsubmodules [1ms]
[2022-10-29T12:23:52.946Z] > git show --textconv :Lession04/CMakeLists.txt [8ms]
[2022-10-29T12:23:52.947Z] > git ls-files --stage -- /home/dom/Dev/olas/Lession04/CMakeLists.txt [1ms]
[2022-10-29T12:25:42.489Z] > git status -z -uall [2ms]
[2022-10-29T12:25:42.499Z] > git symbolic-ref --short HEAD [2ms]
[2022-10-29T12:25:42.507Z] > git for-each-ref --format=%(refname)%00%(upstream:short)%00%(objectname)%00%(upstream:track)%00%(upstream:remotename)%00%(upstream:remoteref) refs/heads/main refs/remotes/main [1ms]
[2022-10-29T12:25:42.523Z] > git for-each-ref --sort -committerdate --format %(refname) %(objectname) %(*objectname) [9ms]
[2022-10-29T12:25:42.524Z] > git remote --verbose [2ms]
[2022-10-29T12:25:42.536Z] > git config --get commit.template [1ms]
[2022-10-29T12:26:35.983Z] > git status -z -uall [3ms]
[2022-10-29T12:26:35.991Z] > git symbolic-ref --short HEAD [1ms]
[2022-10-29T12:26:35.999Z] > git for-each-ref --format=%(refname)%00%(upstream:short)%00%(objectname)%00%(upstream:track)%00%(upstream:remotename)%00%(upstream:remoteref) refs/heads/main refs/remotes/main [1ms]
[2022-10-29T12:26:36.014Z] > git remote --verbose [1ms]
[2022-10-29T12:26:36.014Z] > git for-each-ref --sort -committerdate --format %(refname) %(objectname) %(*objectname) [7ms]
[2022-10-29T12:26:36.026Z] > git config --get commit.template [2ms]
[2022-10-29T12:27:08.539Z] > git status -z -uall [1ms]
[2022-10-29T12:27:08.549Z] > git symbolic-ref --short HEAD [2ms]
[2022-10-29T12:27:08.558Z] > git for-each-ref --format=%(refname)%00%(upstream:short)%00%(objectname)%00%(upstream:track)%00%(upstream:remotename)%00%(upstream:remoteref) refs/heads/main refs/remotes/main [2ms]
[2022-10-29T12:27:08.574Z] > git for-each-ref --sort -committerdate --format %(refname) %(objectname) %(*objectname) [9ms]
[2022-10-29T12:27:08.575Z] > git remote --verbose [3ms]
[2022-10-29T12:27:08.586Z] > git config --get commit.template [1ms]
[2022-10-29T12:27:54.237Z] > git status -z -uall [1ms]
[2022-10-29T12:27:54.246Z] > git symbolic-ref --short HEAD [2ms]
[2022-10-29T12:27:54.255Z] > git for-each-ref --format=%(refname)%00%(upstream:short)%00%(objectname)%00%(upstream:track)%00%(upstream:remotename)%00%(upstream:remoteref) refs/heads/main refs/remotes/main [2ms]
[2022-10-29T12:27:54.271Z] > git for-each-ref --sort -committerdate --format %(refname) %(objectname) %(*objectname) [9ms]
[2022-10-29T12:27:54.272Z] > git remote --verbose [2ms]
[2022-10-29T12:27:54.286Z] > git config --get commit.template [3ms]
[2022-10-29T12:28:04.816Z] > git show --textconv :Lession03-submodule-glfw/CMakeLists.txt [12ms]
[2022-10-29T12:28:04.817Z] > git ls-files --stage -- /home/dom/Dev/olas/Lession03-submodule-glfw/CMakeLists.txt [2ms]
[2022-10-29T12:28:05.102Z] > git check-ignore -v -z --stdin [1ms]
[2022-10-29T12:28:11.660Z] > git check-ignore -v -z --stdin [1ms]
[2022-10-29T12:28:24.022Z] > git show --textconv :Lession04/CMakeLists.txt [9ms]
[2022-10-29T12:28:24.023Z] > git ls-files --stage -- /home/dom/Dev/olas/Lession04/CMakeLists.txt [2ms]
[2022-10-29T12:28:42.033Z] > git status -z -uall [1ms]
[2022-10-29T12:28:42.042Z] > git symbolic-ref --short HEAD [1ms]
[2022-10-29T12:28:42.051Z] > git for-each-ref --format=%(refname)%00%(upstream:short)%00%(objectname)%00%(upstream:track)%00%(upstream:remotename)%00%(upstream:remoteref) refs/heads/main refs/remotes/main [2ms]
[2022-10-29T12:28:42.067Z] > git for-each-ref --sort -committerdate --format %(refname) %(objectname) %(*objectname) [9ms]
[2022-10-29T12:28:42.068Z] > git remote --verbose [2ms]
[2022-10-29T12:28:42.081Z] > git config --get commit.template [2ms]
[2022-10-29T12:29:00.895Z] > git status -z -uall [1ms]
[2022-10-29T12:29:00.905Z] > git symbolic-ref --short HEAD [2ms]
[2022-10-29T12:29:00.912Z] > git for-each-ref --format=%(refname)%00%(upstream:short)%00%(objectname)%00%(upstream:track)%00%(upstream:remotename)%00%(upstream:remoteref) refs/heads/main refs/remotes/main [0ms]
[2022-10-29T12:29:00.928Z] > git for-each-ref --sort -committerdate --format %(refname) %(objectname) %(*objectname) [8ms]
[2022-10-29T12:29:00.929Z] > git remote --verbose [2ms]
[2022-10-29T12:29:00.942Z] > git config --get commit.template [2ms]
[2022-10-29T12:29:06.985Z] > git show --textconv :Lession04/main.cpp [9ms]
[2022-10-29T12:29:06.985Z] > git ls-files --stage -- /home/dom/Dev/olas/Lession04/main.cpp [1ms]
[2022-10-29T12:29:13.825Z] > git status -z -uall [3ms]
[2022-10-29T12:29:13.834Z] > git symbolic-ref --short HEAD [1ms]
[2022-10-29T12:29:13.844Z] > git for-each-ref --format=%(refname)%00%(upstream:short)%00%(objectname)%00%(upstream:track)%00%(upstream:remotename)%00%(upstream:remoteref) refs/heads/main refs/remotes/main [2ms]
[2022-10-29T12:29:13.858Z] > git for-each-ref --sort -committerdate --format %(refname) %(objectname) %(*objectname) [8ms]
[2022-10-29T12:29:13.859Z] > git remote --verbose [1ms]
[2022-10-29T12:29:13.870Z] > git config --get commit.template [1ms]
[2022-10-29T12:29:16.674Z] > git show --textconv :Lession04/CMakeLists.txt [7ms]
[2022-10-29T12:29:16.674Z] > git ls-files --stage -- /home/dom/Dev/olas/Lession04/CMakeLists.txt [1ms]
[2022-10-29T12:29:29.892Z] > git status -z -uall [3ms]
[2022-10-29T12:29:29.901Z] > git symbolic-ref --short HEAD [2ms]
[2022-10-29T12:29:29.910Z] > git for-each-ref --format=%(refname)%00%(upstream:short)%00%(objectname)%00%(upstream:track)%00%(upstream:remotename)%00%(upstream:remoteref) refs/heads/main refs/remotes/main [2ms]
[2022-10-29T12:29:29.926Z] > git for-each-ref --sort -committerdate --format %(refname) %(objectname) %(*objectname) [9ms]
[2022-10-29T12:29:29.927Z] > git remote --verbose [2ms]
[2022-10-29T12:29:29.940Z] > git config --get commit.template [2ms]
[2022-10-29T12:29:34.954Z] > git status -z -uall [2ms]
[2022-10-29T12:29:34.963Z] > git symbolic-ref --short HEAD [2ms]
[2022-10-29T12:29:34.972Z] > git for-each-ref --format=%(refname)%00%(upstream:short)%00%(objectname)%00%(upstream:track)%00%(upstream:remotename)%00%(upstream:remoteref) refs/heads/main refs/remotes/main [1ms]
[2022-10-29T12:29:34.988Z] > git for-each-ref --sort -committerdate --format %(refname) %(objectname) %(*objectname) [9ms]
[2022-10-29T12:29:34.988Z] > git remote --verbose [1ms]
[2022-10-29T12:29:35.003Z] > git config --get commit.template [2ms]
[2022-10-29T12:31:11.727Z] > git show --textconv :Lession04/OLASConfig.h [8ms]
[2022-10-29T12:31:11.728Z] > git ls-files --stage -- /home/dom/Dev/olas/Lession04/OLASConfig.h [1ms]
[2022-10-29T12:31:14.152Z] > git show --textconv :Lession04/CMakeLists.txt [8ms]
[2022-10-29T12:31:14.153Z] > git ls-files --stage -- /home/dom/Dev/olas/Lession04/CMakeLists.txt [1ms]
[2022-10-29T12:31:14.955Z] > git status -z -uall [1ms]
[2022-10-29T12:31:14.965Z] > git symbolic-ref --short HEAD [1ms]
[2022-10-29T12:31:14.974Z] > git for-each-ref --format=%(refname)%00%(upstream:short)%00%(objectname)%00%(upstream:track)%00%(upstream:remotename)%00%(upstream:remoteref) refs/heads/main refs/remotes/main [2ms]
[2022-10-29T12:31:14.989Z] > git remote --verbose [1ms]
[2022-10-29T12:31:14.990Z] > git for-each-ref --sort -committerdate --format %(refname) %(objectname) %(*objectname) [8ms]
[2022-10-29T12:31:15.003Z] > git config --get commit.template [2ms]
[2022-10-29T12:31:20.015Z] > git status -z -uall [3ms]
[2022-10-29T12:31:20.025Z] > git symbolic-ref --short HEAD [1ms]
[2022-10-29T12:31:20.035Z] > git for-each-ref --format=%(refname)%00%(upstream:short)%00%(objectname)%00%(upstream:track)%00%(upstream:remotename)%00%(upstream:remoteref) refs/heads/main refs/remotes/main [2ms]
[2022-10-29T12:31:20.053Z] > git remote --verbose [2ms]
[2022-10-29T12:31:20.053Z] > git for-each-ref --sort -committerdate --format %(refname) %(objectname) %(*objectname) [10ms]
[2022-10-29T12:31:20.065Z] > git config --get commit.template [2ms]
[2022-10-29T12:31:35.399Z] > git status -z -uall [5ms]
[2022-10-29T12:31:35.406Z] > git symbolic-ref --short HEAD [1ms]
[2022-10-29T12:31:35.414Z] > git for-each-ref --format=%(refname)%00%(upstream:short)%00%(objectname)%00%(upstream:track)%00%(upstream:remotename)%00%(upstream:remoteref) refs/heads/main refs/remotes/main [2ms]
[2022-10-29T12:31:35.429Z] > git for-each-ref --sort -committerdate --format %(refname) %(objectname) %(*objectname) [7ms]
[2022-10-29T12:31:35.429Z] > git remote --verbose [1ms]
[2022-10-29T12:31:35.442Z] > git config --get commit.template [2ms]
[2022-10-29T12:32:55.523Z] > git show --textconv :Lession04/main.cpp [12ms]
[2022-10-29T12:32:55.525Z] > git ls-files --stage -- /home/dom/Dev/olas/Lession04/main.cpp [4ms]
[2022-10-29T12:33:18.751Z] > git show --textconv :Lession04/CMakeLists.txt [10ms]
[2022-10-29T12:33:18.752Z] > git ls-files --stage -- /home/dom/Dev/olas/Lession04/CMakeLists.txt [2ms]
[2022-10-29T12:36:07.773Z] > git show --textconv :Lession04/OLASConfig.h.in [9ms]
[2022-10-29T12:36:07.774Z] > git ls-files --stage -- /home/dom/Dev/olas/Lession04/OLASConfig.h.in [2ms]
[2022-10-29T12:37:29.804Z] > git status -z -uall [1ms]
[2022-10-29T12:37:29.811Z] > git symbolic-ref --short HEAD [1ms]
[2022-10-29T12:37:29.820Z] > git for-each-ref --format=%(refname)%00%(upstream:short)%00%(objectname)%00%(upstream:track)%00%(upstream:remotename)%00%(upstream:remoteref) refs/heads/main refs/remotes/main [2ms]
[2022-10-29T12:37:29.834Z] > git remote --verbose [1ms]
[2022-10-29T12:37:29.834Z] > git for-each-ref --sort -committerdate --format %(refname) %(objectname) %(*objectname) [8ms]
[2022-10-29T12:37:29.851Z] > git config --get commit.template [4ms]
[2022-10-29T12:37:53.613Z] > git show --textconv :Lession04/main.cpp [11ms]
[2022-10-29T12:37:53.614Z] > git ls-files --stage -- /home/dom/Dev/olas/Lession04/main.cpp [2ms]
[2022-10-29T12:38:09.204Z] > git status -z -uall [3ms]
[2022-10-29T12:38:09.213Z] > git symbolic-ref --short HEAD [2ms]
[2022-10-29T12:38:09.220Z] > git for-each-ref --format=%(refname)%00%(upstream:short)%00%(objectname)%00%(upstream:track)%00%(upstream:remotename)%00%(upstream:remoteref) refs/heads/main refs/remotes/main [0ms]
[2022-10-29T12:38:09.235Z] > git remote --verbose [2ms]
[2022-10-29T12:38:09.235Z] > git for-each-ref --sort -committerdate --format %(refname) %(objectname) %(*objectname) [8ms]
[2022-10-29T12:38:09.252Z] > git config --get commit.template [3ms]
[2022-10-29T12:38:46.336Z] > git status -z -uall [4ms]
[2022-10-29T12:38:46.344Z] > git symbolic-ref --short HEAD [1ms]
[2022-10-29T12:38:46.351Z] > git for-each-ref --format=%(refname)%00%(upstream:short)%00%(objectname)%00%(upstream:track)%00%(upstream:remotename)%00%(upstream:remoteref) refs/heads/main refs/remotes/main [1ms]
[2022-10-29T12:38:46.367Z] > git for-each-ref --sort -committerdate --format %(refname) %(objectname) %(*objectname) [9ms]
[2022-10-29T12:38:46.368Z] > git remote --verbose [3ms]
[2022-10-29T12:38:46.381Z] > git config --get commit.template [4ms]
[2022-10-29T12:38:52.700Z] > git show --textconv :Lession04/OLASConfig.h.in [8ms]
[2022-10-29T12:38:52.701Z] > git ls-files --stage -- /home/dom/Dev/olas/Lession04/OLASConfig.h.in [2ms]
[2022-10-29T12:38:54.757Z] > git status -z -uall [2ms]
[2022-10-29T12:38:54.766Z] > git symbolic-ref --short HEAD [2ms]
[2022-10-29T12:38:54.775Z] > git for-each-ref --format=%(refname)%00%(upstream:short)%00%(objectname)%00%(upstream:track)%00%(upstream:remotename)%00%(upstream:remoteref) refs/heads/main refs/remotes/main [2ms]
[2022-10-29T12:38:54.790Z] > git for-each-ref --sort -committerdate --format %(refname) %(objectname) %(*objectname) [9ms]
[2022-10-29T12:38:54.790Z] > git remote --verbose [2ms]
[2022-10-29T12:38:54.803Z] > git config --get commit.template [2ms]
[2022-10-29T12:38:55.363Z] > git show --textconv :Lession04/CMakeLists.txt [8ms]
[2022-10-29T12:38:55.364Z] > git ls-files --stage -- /home/dom/Dev/olas/Lession04/CMakeLists.txt [2ms]
[2022-10-29T12:38:59.815Z] > git status -z -uall [2ms]
[2022-10-29T12:38:59.825Z] > git symbolic-ref --short HEAD [2ms]
[2022-10-29T12:38:59.833Z] > git for-each-ref --format=%(refname)%00%(upstream:short)%00%(objectname)%00%(upstream:track)%00%(upstream:remotename)%00%(upstream:remoteref) refs/heads/main refs/remotes/main [1ms]
[2022-10-29T12:38:59.848Z] > git remote --verbose [2ms]
[2022-10-29T12:38:59.848Z] > git for-each-ref --sort -committerdate --format %(refname) %(objectname) %(*objectname) [8ms]
[2022-10-29T12:38:59.862Z] > git config --get commit.template [2ms]
[2022-10-29T12:39:07.404Z] > git status -z -uall [3ms]
[2022-10-29T12:39:07.412Z] > git symbolic-ref --short HEAD [0ms]
[2022-10-29T12:39:07.422Z] > git for-each-ref --format=%(refname)%00%(upstream:short)%00%(objectname)%00%(upstream:track)%00%(upstream:remotename)%00%(upstream:remoteref) refs/heads/main refs/remotes/main [2ms]
[2022-10-29T12:39:07.438Z] > git for-each-ref --sort -committerdate --format %(refname) %(objectname) %(*objectname) [9ms]
[2022-10-29T12:39:07.440Z] > git remote --verbose [4ms]
[2022-10-29T12:39:07.454Z] > git config --get commit.template [3ms]
[2022-10-29T12:39:58.651Z] > git check-ignore -v -z --stdin [2ms]
[2022-10-29T12:40:11.900Z] > git show --textconv :Lession04/main.cpp [9ms]
[2022-10-29T12:40:11.902Z] > git ls-files --stage -- /home/dom/Dev/olas/Lession04/main.cpp [4ms]
[2022-10-29T12:41:34.950Z] > git status -z -uall [1ms]
[2022-10-29T12:41:34.959Z] > git symbolic-ref --short HEAD [1ms]
[2022-10-29T12:41:34.968Z] > git for-each-ref --format=%(refname)%00%(upstream:short)%00%(objectname)%00%(upstream:track)%00%(upstream:remotename)%00%(upstream:remoteref) refs/heads/main refs/remotes/main [2ms]
[2022-10-29T12:41:34.985Z] > git remote --verbose [2ms]
[2022-10-29T12:41:34.985Z] > git for-each-ref --sort -committerdate --format %(refname) %(objectname) %(*objectname) [9ms]
[2022-10-29T12:41:35.000Z] > git config --get commit.template [2ms]
[2022-10-29T12:44:05.284Z] > git check-ignore -v -z --stdin [1ms]
[2022-10-29T12:44:08.959Z] > git status -z -uall [2ms]
[2022-10-29T12:44:08.968Z] > git symbolic-ref --short HEAD [1ms]
[2022-10-29T12:44:08.978Z] > git for-each-ref --format=%(refname)%00%(upstream:short)%00%(objectname)%00%(upstream:track)%00%(upstream:remotename)%00%(upstream:remoteref) refs/heads/main refs/remotes/main [2ms]
[2022-10-29T12:44:08.995Z] > git for-each-ref --sort -committerdate --format %(refname) %(objectname) %(*objectname) [9ms]
[2022-10-29T12:44:08.996Z] > git remote --verbose [3ms]
[2022-10-29T12:44:09.010Z] > git config --get commit.template [3ms]
[2022-10-29T12:44:14.020Z] > git status -z -uall [2ms]
[2022-10-29T12:44:14.026Z] > git symbolic-ref --short HEAD [1ms]
[2022-10-29T12:44:14.035Z] > git for-each-ref --format=%(refname)%00%(upstream:short)%00%(objectname)%00%(upstream:track)%00%(upstream:remotename)%00%(upstream:remoteref) refs/heads/main refs/remotes/main [2ms]
[2022-10-29T12:44:14.047Z] > git remote --verbose [1ms]
[2022-10-29T12:44:14.047Z] > git for-each-ref --sort -committerdate --format %(refname) %(objectname) %(*objectname) [7ms]
[2022-10-29T12:44:14.059Z] > git config --get commit.template [2ms]
