[2022-10-30T14:29:48.294Z] Log level: Info
[2022-10-30T14:29:48.297Z] [info] Validating found git in: git
[2022-10-30T14:29:48.314Z] [info] Using git 2.38.0 from git
[2022-10-30T14:29:48.335Z] > git rev-parse --show-toplevel [5ms]
[2022-10-30T14:29:48.346Z] > git rev-parse --git-dir --git-common-dir [2ms]
[2022-10-30T14:29:48.353Z] [info] Open repository: /home/dom/Documents/git_study
[2022-10-30T14:29:48.378Z] > git rev-parse --show-toplevel [9ms]
[2022-10-30T14:29:48.387Z] > git rev-parse --show-toplevel [1ms]
[2022-10-30T14:29:48.399Z] > git rev-parse --show-toplevel [2ms]
[2022-10-30T14:29:48.463Z] > git rev-parse --show-toplevel [53ms]
[2022-10-30T14:29:48.477Z] > git rev-parse --show-toplevel [3ms]
[2022-10-30T14:29:48.489Z] > git rev-parse --show-toplevel [3ms]
[2022-10-30T14:29:48.503Z] > git rev-parse --show-toplevel [3ms]
[2022-10-30T14:29:48.526Z] > git rev-parse --show-toplevel [13ms]
[2022-10-30T14:29:48.552Z] > git rev-parse --show-toplevel [16ms]
[2022-10-30T14:29:48.891Z] > git check-ignore -v -z --stdin [3ms]
[2022-10-30T14:29:49.107Z] > git status -z -uall [745ms]
[2022-10-30T14:29:49.119Z] > git symbolic-ref --short HEAD [3ms]
[2022-10-30T14:29:49.131Z] > git for-each-ref --format=%(refname)%00%(upstream:short)%00%(objectname)%00%(upstream:track)%00%(upstream:remotename)%00%(upstream:remoteref) refs/heads/master refs/remotes/master [2ms]
[2022-10-30T14:29:49.154Z] > git remote --verbose [4ms]
[2022-10-30T14:29:49.155Z] > git for-each-ref --sort -committerdate --format %(refname) %(objectname) %(*objectname) [14ms]
[2022-10-30T14:29:49.176Z] > git config --get commit.template [3ms]
[2022-10-30T14:29:49.721Z] > git status -z -uall [533ms]
[2022-10-30T14:29:49.731Z] > git symbolic-ref --short HEAD [1ms]
[2022-10-30T14:29:49.743Z] > git for-each-ref --format=%(refname)%00%(upstream:short)%00%(objectname)%00%(upstream:track)%00%(upstream:remotename)%00%(upstream:remoteref) refs/heads/master refs/remotes/master [3ms]
[2022-10-30T14:29:49.763Z] > git for-each-ref --sort -committerdate --format %(refname) %(objectname) %(*objectname) [11ms]
[2022-10-30T14:29:49.764Z] > git remote --verbose [2ms]
[2022-10-30T14:29:49.774Z] > git config --get commit.template [1ms]
[2022-10-30T14:29:54.191Z] > git check-ignore -v -z --stdin [3ms]
[2022-10-30T14:52:00.909Z] > git check-ignore -v -z --stdin [1ms]
[2022-10-30T14:53:05.567Z] > git check-ignore -v -z --stdin [3ms]
[2022-10-30T14:53:08.120Z] > git show --textconv :op/build_op_image.sh.in [11ms]
[2022-10-30T14:53:08.122Z] > git ls-files --stage -- /home/dom/Documents/git_study/op/build_op_image.sh.in [3ms]
[2022-10-30T14:53:08.135Z] > git cat-file -s fc6dd67b19755afeadf77869a90586e61e090dc9 [3ms]
[2022-10-30T14:53:31.098Z] > git show --textconv :op/export_op_image.sh.in [10ms]
[2022-10-30T14:53:31.100Z] > git ls-files --stage -- /home/dom/Documents/git_study/op/export_op_image.sh.in [3ms]
[2022-10-30T14:53:31.111Z] > git cat-file -s f159286313e605b82d420a950a86af3fb6dfa064 [2ms]
[2022-10-30T14:53:36.045Z] > git show --textconv :op/docker-compose.yml.in [11ms]
[2022-10-30T14:53:36.047Z] > git ls-files --stage -- /home/dom/Documents/git_study/op/docker-compose.yml.in [3ms]
[2022-10-30T14:53:36.057Z] > git cat-file -s c1c3984270ba743b6f2ca90651310dd05dcce389 [1ms]
[2022-10-30T14:53:55.846Z] > git check-ignore -v -z --stdin [2ms]
[2022-10-30T14:53:57.663Z] > git check-ignore -v -z --stdin [3ms]
[2022-10-30T14:53:59.097Z] > git check-ignore -v -z --stdin [3ms]
[2022-10-30T14:54:00.707Z] > git show --textconv :op/proto/clustering.proto [12ms]
[2022-10-30T14:54:00.708Z] > git ls-files --stage -- /home/dom/Documents/git_study/op/proto/clustering.proto [2ms]
[2022-10-30T14:54:00.718Z] > git cat-file -s 73b5a40d8b32253888610cf556a19b9ac548e679 [2ms]
[2022-10-30T14:54:29.007Z] > git check-ignore -v -z --stdin [3ms]
[2022-10-30T14:54:33.041Z] > git check-ignore -v -z --stdin [2ms]
[2022-10-30T14:54:34.903Z] > git check-ignore -v -z --stdin [2ms]
[2022-10-30T14:54:36.291Z] > git show --textconv :groups/hal/halp/halp_boostconflictgraph.cpp [12ms]
[2022-10-30T14:54:36.293Z] > git ls-files --stage -- /home/dom/Documents/git_study/groups/hal/halp/halp_boostconflictgraph.cpp [3ms]
[2022-10-30T14:54:36.305Z] > git cat-file -s 15c517c9deec89543412dc91160accb7ea0d99ee [2ms]
[2022-10-30T14:54:37.525Z] > git show --textconv :groups/hal/halp/halp_boostconflictgraph.h [9ms]
[2022-10-30T14:54:37.526Z] > git ls-files --stage -- /home/dom/Documents/git_study/groups/hal/halp/halp_boostconflictgraph.h [2ms]
[2022-10-30T14:54:37.541Z] > git cat-file -s d16e8871b2c0716430ca8b91cbfbfc79cf6e054f [5ms]
[2022-10-30T15:01:25.132Z] > git show --textconv :groups/hal/halp/halp_conflictgraphmanager.cpp [10ms]
[2022-10-30T15:01:25.134Z] > git ls-files --stage -- /home/dom/Documents/git_study/groups/hal/halp/halp_conflictgraphmanager.cpp [3ms]
[2022-10-30T15:01:25.147Z] > git cat-file -s 3ce661d938fd0c0ca35410fe617564129e7b8f39 [3ms]
[2022-10-30T15:01:27.678Z] > git show --textconv :groups/hal/halp/halp_conflictgraphmanager.h [11ms]
[2022-10-30T15:01:27.680Z] > git ls-files --stage -- /home/dom/Documents/git_study/groups/hal/halp/halp_conflictgraphmanager.h [4ms]
[2022-10-30T15:01:27.691Z] > git cat-file -s ebdf21657a5a06d67080ac9b12962d659f7801a7 [2ms]
[2022-10-30T15:01:29.222Z] > git show --textconv :groups/hal/halp/halp_conflictmanager.cpp [10ms]
[2022-10-30T15:01:29.224Z] > git ls-files --stage -- /home/dom/Documents/git_study/groups/hal/halp/halp_conflictmanager.cpp [3ms]
[2022-10-30T15:01:29.237Z] > git cat-file -s 3f5a3cca4ba9aa6b74a8aa087b561901a8987c91 [2ms]
[2022-10-30T15:01:34.889Z] > git show --textconv :groups/hal/halp/halp_conflictmanager.h [10ms]
[2022-10-30T15:01:34.891Z] > git ls-files --stage -- /home/dom/Documents/git_study/groups/hal/halp/halp_conflictmanager.h [3ms]
[2022-10-30T15:01:34.904Z] > git cat-file -s 4a699a34c02238cf712e0df3f22ad1e8000af48d [3ms]
[2022-10-30T15:01:37.499Z] > git show --textconv :groups/hal/halp/halp_conflictmanager.t.cpp [13ms]
[2022-10-30T15:01:37.501Z] > git ls-files --stage -- /home/dom/Documents/git_study/groups/hal/halp/halp_conflictmanager.t.cpp [4ms]
[2022-10-30T15:01:37.512Z] > git cat-file -s 85449e1537100df02e1f4b8002a4ad185850f1fd [2ms]
