[2022-10-30T14:29:25.405Z] Log level: Info
[2022-10-30T14:29:25.406Z] [info] Validating found git in: git
[2022-10-30T14:29:25.424Z] [info] Using git 2.38.0 from git
[2022-10-30T14:29:25.449Z] > git rev-parse --show-toplevel [12ms]
[2022-10-30T14:29:25.467Z] > git rev-parse --git-dir --git-common-dir [11ms]
[2022-10-30T14:29:25.472Z] [info] Open repository: /home/dom/Dev/olas
[2022-10-30T14:29:25.492Z] > git rev-parse --show-toplevel [5ms]
[2022-10-30T14:29:25.501Z] > git rev-parse --show-toplevel [2ms]
[2022-10-30T14:29:25.509Z] > git status -z -uall [29ms]
[2022-10-30T14:29:25.517Z] > git rev-parse --show-toplevel [10ms]
[2022-10-30T14:29:25.541Z] > git symbolic-ref --short HEAD [25ms]
[2022-10-30T14:29:25.552Z] > git rev-parse --show-toplevel [28ms]
[2022-10-30T14:29:25.592Z] > git for-each-ref --format=%(refname)%00%(upstream:short)%00%(objectname)%00%(upstream:track)%00%(upstream:remotename)%00%(upstream:remoteref) refs/heads/main refs/remotes/main [44ms]
[2022-10-30T14:29:25.621Z] > git remote --verbose [16ms]
[2022-10-30T14:29:25.622Z] > git for-each-ref --sort -committerdate --format %(refname) %(objectname) %(*objectname) [24ms]
[2022-10-30T14:29:25.623Z] > git rev-parse --show-toplevel [65ms]
[2022-10-30T14:29:25.654Z] > git rev-parse --show-toplevel [24ms]
[2022-10-30T14:29:25.673Z] > git rev-parse --git-dir --git-common-dir [13ms]
[2022-10-30T14:29:25.676Z] [info] Open repository: /home/dom/Dev/olas/Lession05
[2022-10-30T14:29:25.704Z] > git status -z -uall [22ms]
[2022-10-30T14:29:25.709Z] > git config --get commit.template [37ms]
[2022-10-30T14:29:25.808Z] > git status -z -uall [91ms]
[2022-10-30T14:29:25.814Z] > git symbolic-ref --short HEAD [106ms]
[2022-10-30T14:29:25.820Z] > git rev-parse --show-toplevel [131ms]
[2022-10-30T14:29:25.825Z] > git for-each-ref --format=%(refname)%00%(upstream:short)%00%(objectname)%00%(upstream:track)%00%(upstream:remotename)%00%(upstream:remoteref) refs/heads/master refs/remotes/master [5ms]
[2022-10-30T14:29:25.837Z] > git symbolic-ref --short HEAD [24ms]
[2022-10-30T14:29:25.846Z] > git remote --verbose [9ms]
[2022-10-30T14:29:25.846Z] > git for-each-ref --sort -committerdate --format %(refname) %(objectname) %(*objectname) [15ms]
[2022-10-30T14:29:25.854Z] > git for-each-ref --format=%(refname)%00%(upstream:short)%00%(objectname)%00%(upstream:track)%00%(upstream:remotename)%00%(upstream:remoteref) refs/heads/main refs/remotes/main [11ms]
[2022-10-30T14:29:25.870Z] > git for-each-ref --sort -committerdate --format %(refname) %(objectname) %(*objectname) [11ms]
[2022-10-30T14:29:25.870Z] > git config --get commit.template [17ms]
[2022-10-30T14:29:25.877Z] > git remote --verbose [12ms]
[2022-10-30T14:29:25.878Z] > git status -z -uall [2ms]
[2022-10-30T14:29:25.894Z] > git symbolic-ref --short HEAD [10ms]
[2022-10-30T14:29:25.900Z] > git config --get commit.template [6ms]
[2022-10-30T14:29:25.902Z] > git for-each-ref --format=%(refname)%00%(upstream:short)%00%(objectname)%00%(upstream:track)%00%(upstream:remotename)%00%(upstream:remoteref) refs/heads/master refs/remotes/master [3ms]
[2022-10-30T14:29:25.914Z] > git for-each-ref --sort -committerdate --format %(refname) %(objectname) %(*objectname) [7ms]
[2022-10-30T14:29:25.915Z] > git remote --verbose [2ms]
[2022-10-30T14:29:25.965Z] > git config --get commit.template [42ms]
[2022-10-30T14:29:26.254Z] > git show --textconv :readme.md [9ms]
[2022-10-30T14:29:26.256Z] > git ls-files --stage -- /home/dom/Dev/olas/readme.md [3ms]
[2022-10-30T14:29:26.265Z] > git cat-file -s ee1a35dadb4acffe29a846f82763484640a48878 [2ms]
[2022-10-30T14:29:26.324Z] > git check-ignore -v -z --stdin [9ms]
[2022-10-30T14:29:26.326Z] > git check-ignore -v -z --stdin [4ms]
