[2022-10-29T09:54:37.452Z] Log level: Info
[2022-10-29T09:54:37.453Z] [info] Validating found git in: git
[2022-10-29T09:54:37.465Z] [info] Using git 2.38.0 from git
[2022-10-29T09:54:37.480Z] > git rev-parse --show-toplevel [6ms]
[2022-10-29T09:54:37.542Z] > git rev-parse --git-dir --git-common-dir [56ms]
[2022-10-29T09:54:37.544Z] [info] Open repository: /home/dom/Dev/olas
[2022-10-29T09:54:37.558Z] > git status -z -uall [7ms]
[2022-10-29T09:54:37.565Z] > git rev-parse --show-toplevel [8ms]
[2022-10-29T09:54:37.574Z] > git symbolic-ref --short HEAD [11ms]
[2022-10-29T09:54:37.582Z] > git rev-parse --show-toplevel [12ms]
[2022-10-29T09:54:37.583Z] > git for-each-ref --format=%(refname)%00%(upstream:short)%00%(objectname)%00%(upstream:track)%00%(upstream:remotename)%00%(upstream:remoteref) refs/heads/main refs/remotes/main [4ms]
[2022-10-29T09:54:37.595Z] > git remote --verbose [2ms]
[2022-10-29T09:54:37.596Z] > git for-each-ref --sort -committerdate --format %(refname) %(objectname) %(*objectname) [9ms]
[2022-10-29T09:54:37.608Z] > git config --get commit.template [1ms]
[2022-10-29T09:54:37.621Z] > git status -z -uall [7ms]
[2022-10-29T09:54:37.670Z] > git symbolic-ref --short HEAD [44ms]
[2022-10-29T09:54:37.678Z] > git for-each-ref --format=%(refname)%00%(upstream:short)%00%(objectname)%00%(upstream:track)%00%(upstream:remotename)%00%(upstream:remoteref) refs/heads/main refs/remotes/main [2ms]
[2022-10-29T09:54:37.691Z] > git for-each-ref --sort -committerdate --format %(refname) %(objectname) %(*objectname) [8ms]
[2022-10-29T09:54:37.692Z] > git remote --verbose [3ms]
[2022-10-29T09:54:37.707Z] > git config --get commit.template [3ms]
[2022-10-29T09:54:38.092Z] > git check-ignore -v -z --stdin [1ms]
[2022-10-29T09:54:46.039Z] > git check-ignore -v -z --stdin [1ms]
[2022-10-29T09:54:46.103Z] > git status -z -uall [2ms]
[2022-10-29T09:54:46.113Z] > git symbolic-ref --short HEAD [2ms]
[2022-10-29T09:54:46.121Z] > git for-each-ref --format=%(refname)%00%(upstream:short)%00%(objectname)%00%(upstream:track)%00%(upstream:remotename)%00%(upstream:remoteref) refs/heads/main refs/remotes/main [1ms]
[2022-10-29T09:54:46.138Z] > git for-each-ref --sort -committerdate --format %(refname) %(objectname) %(*objectname) [9ms]
[2022-10-29T09:54:46.139Z] > git remote --verbose [2ms]
[2022-10-29T09:54:46.158Z] > git config --get commit.template [2ms]
[2022-10-29T09:54:59.035Z] > git check-ignore -v -z --stdin [1ms]
[2022-10-29T09:55:09.070Z] > git status -z -uall [4ms]
[2022-10-29T09:55:09.079Z] > git symbolic-ref --short HEAD [2ms]
[2022-10-29T09:55:09.088Z] > git for-each-ref --format=%(refname)%00%(upstream:short)%00%(objectname)%00%(upstream:track)%00%(upstream:remotename)%00%(upstream:remoteref) refs/heads/main refs/remotes/main [1ms]
[2022-10-29T09:55:09.103Z] > git remote --verbose [2ms]
[2022-10-29T09:55:09.104Z] > git for-each-ref --sort -committerdate --format %(refname) %(objectname) %(*objectname) [9ms]
[2022-10-29T09:55:09.121Z] > git config --get commit.template [1ms]
[2022-10-29T09:55:12.799Z] > git check-ignore -v -z --stdin [2ms]
