[2022-10-29T10:06:25.099Z] Log level: Info
[2022-10-29T10:06:25.099Z] [info] Validating found git in: git
[2022-10-29T10:06:25.111Z] [info] Using git 2.38.0 from git
[2022-10-29T10:06:25.125Z] > git rev-parse --show-toplevel [6ms]
[2022-10-29T10:06:25.183Z] > git rev-parse --git-dir --git-common-dir [53ms]
[2022-10-29T10:06:25.185Z] [info] Open repository: /home/dom/Dev/olas
[2022-10-29T10:06:25.195Z] > git status -z -uall [4ms]
[2022-10-29T10:06:25.202Z] > git symbolic-ref --short HEAD [3ms]
[2022-10-29T10:06:25.211Z] > git for-each-ref --format=%(refname)%00%(upstream:short)%00%(objectname)%00%(upstream:track)%00%(upstream:remotename)%00%(upstream:remoteref) refs/heads/main refs/remotes/main [3ms]
[2022-10-29T10:06:25.225Z] > git remote --verbose [4ms]
[2022-10-29T10:06:25.226Z] > git for-each-ref --sort -committerdate --format %(refname) %(objectname) %(*objectname) [10ms]
[2022-10-29T10:06:25.239Z] > git config --get commit.template [1ms]
[2022-10-29T10:06:25.246Z] > git status -z -uall [1ms]
[2022-10-29T10:06:25.281Z] > git symbolic-ref --short HEAD [29ms]
[2022-10-29T10:06:25.313Z] > git for-each-ref --format=%(refname)%00%(upstream:short)%00%(objectname)%00%(upstream:track)%00%(upstream:remotename)%00%(upstream:remoteref) refs/heads/main refs/remotes/main [26ms]
[2022-10-29T10:06:25.325Z] > git remote --verbose [3ms]
[2022-10-29T10:06:25.325Z] > git for-each-ref --sort -committerdate --format %(refname) %(objectname) %(*objectname) [7ms]
[2022-10-29T10:06:25.342Z] > git config --get commit.template [6ms]
[2022-10-29T10:06:25.704Z] > git check-ignore -v -z --stdin [2ms]
[2022-10-29T10:06:35.565Z] > git check-ignore -v -z --stdin [2ms]
[2022-10-29T10:06:35.893Z] > git status -z -uall [4ms]
[2022-10-29T10:06:35.902Z] > git symbolic-ref --short HEAD [2ms]
[2022-10-29T10:06:35.911Z] > git for-each-ref --format=%(refname)%00%(upstream:short)%00%(objectname)%00%(upstream:track)%00%(upstream:remotename)%00%(upstream:remoteref) refs/heads/main refs/remotes/main [2ms]
[2022-10-29T10:06:35.925Z] > git for-each-ref --sort -committerdate --format %(refname) %(objectname) %(*objectname) [7ms]
[2022-10-29T10:06:35.926Z] > git remote --verbose [2ms]
[2022-10-29T10:06:35.944Z] > git config --get commit.template [3ms]
[2022-10-29T10:06:40.958Z] > git status -z -uall [4ms]
[2022-10-29T10:06:40.965Z] > git symbolic-ref --short HEAD [2ms]
[2022-10-29T10:06:40.974Z] > git for-each-ref --format=%(refname)%00%(upstream:short)%00%(objectname)%00%(upstream:track)%00%(upstream:remotename)%00%(upstream:remoteref) refs/heads/main refs/remotes/main [2ms]
[2022-10-29T10:06:40.986Z] > git for-each-ref --sort -committerdate --format %(refname) %(objectname) %(*objectname) [8ms]
[2022-10-29T10:06:40.988Z] > git remote --verbose [3ms]
[2022-10-29T10:06:41.005Z] > git config --get commit.template [1ms]
[2022-10-29T10:06:45.677Z] > git check-ignore -v -z --stdin [3ms]
[2022-10-29T10:07:06.629Z] > git show --textconv :Lession02/CMakeLists.txt [6ms]
[2022-10-29T10:07:06.630Z] > git ls-files --stage -- /home/dom/Dev/olas/Lession02/CMakeLists.txt [1ms]
[2022-10-29T10:08:17.652Z] > git status -z -uall [4ms]
[2022-10-29T10:08:17.661Z] > git symbolic-ref --short HEAD [2ms]
[2022-10-29T10:08:17.669Z] > git for-each-ref --format=%(refname)%00%(upstream:short)%00%(objectname)%00%(upstream:track)%00%(upstream:remotename)%00%(upstream:remoteref) refs/heads/main refs/remotes/main [2ms]
[2022-10-29T10:08:17.685Z] > git for-each-ref --sort -committerdate --format %(refname) %(objectname) %(*objectname) [8ms]
[2022-10-29T10:08:17.686Z] > git remote --verbose [3ms]
[2022-10-29T10:08:17.704Z] > git config --get commit.template [2ms]
[2022-10-29T10:08:22.731Z] > git status -z -uall [4ms]
[2022-10-29T10:08:22.740Z] > git symbolic-ref --short HEAD [2ms]
[2022-10-29T10:08:22.747Z] > git for-each-ref --format=%(refname)%00%(upstream:short)%00%(objectname)%00%(upstream:track)%00%(upstream:remotename)%00%(upstream:remoteref) refs/heads/main refs/remotes/main [3ms]
[2022-10-29T10:08:22.761Z] > git for-each-ref --sort -committerdate --format %(refname) %(objectname) %(*objectname) [8ms]
[2022-10-29T10:08:22.762Z] > git remote --verbose [1ms]
[2022-10-29T10:08:22.776Z] > git config --get commit.template [1ms]
[2022-10-29T10:10:26.044Z] > git check-ignore -v -z --stdin [1ms]
[2022-10-29T10:10:26.586Z] > git status -z -uall [4ms]
[2022-10-29T10:10:26.595Z] > git symbolic-ref --short HEAD [2ms]
[2022-10-29T10:10:26.604Z] > git for-each-ref --format=%(refname)%00%(upstream:short)%00%(objectname)%00%(upstream:track)%00%(upstream:remotename)%00%(upstream:remoteref) refs/heads/main refs/remotes/main [2ms]
[2022-10-29T10:10:26.619Z] > git for-each-ref --sort -committerdate --format %(refname) %(objectname) %(*objectname) [8ms]
[2022-10-29T10:10:26.620Z] > git remote --verbose [3ms]
[2022-10-29T10:10:26.637Z] > git config --get commit.template [1ms]
[2022-10-29T10:10:34.537Z] > git show --textconv :Lession02/Adder/adder.cpp [5ms]
[2022-10-29T10:10:34.539Z] > git ls-files --stage -- /home/dom/Dev/olas/Lession02/Adder/adder.cpp [2ms]
[2022-10-29T10:10:34.809Z] > git check-ignore -v -z --stdin [2ms]
[2022-10-29T10:10:35.303Z] > git status -z -uall [2ms]
[2022-10-29T10:10:35.310Z] > git symbolic-ref --short HEAD [1ms]
[2022-10-29T10:10:35.316Z] > git for-each-ref --format=%(refname)%00%(upstream:short)%00%(objectname)%00%(upstream:track)%00%(upstream:remotename)%00%(upstream:remoteref) refs/heads/main refs/remotes/main [1ms]
[2022-10-29T10:10:35.332Z] > git for-each-ref --sort -committerdate --format %(refname) %(objectname) %(*objectname) [9ms]
[2022-10-29T10:10:35.333Z] > git remote --verbose [3ms]
[2022-10-29T10:10:35.354Z] > git config --get commit.template [2ms]
[2022-10-29T10:10:39.239Z] > git show --textconv :Lession02/Adder/adder.h [8ms]
[2022-10-29T10:10:39.240Z] > git ls-files --stage -- /home/dom/Dev/olas/Lession02/Adder/adder.h [2ms]
[2022-10-29T10:10:39.503Z] > git check-ignore -v -z --stdin [2ms]
[2022-10-29T10:10:40.365Z] > git status -z -uall [2ms]
[2022-10-29T10:10:40.373Z] > git symbolic-ref --short HEAD [1ms]
[2022-10-29T10:10:40.382Z] > git for-each-ref --format=%(refname)%00%(upstream:short)%00%(objectname)%00%(upstream:track)%00%(upstream:remotename)%00%(upstream:remoteref) refs/heads/main refs/remotes/main [2ms]
[2022-10-29T10:10:40.397Z] > git remote --verbose [1ms]
[2022-10-29T10:10:40.397Z] > git for-each-ref --sort -committerdate --format %(refname) %(objectname) %(*objectname) [8ms]
[2022-10-29T10:10:40.414Z] > git config --get commit.template [2ms]
[2022-10-29T10:10:54.238Z] > git show --textconv :Lession02/Adder/adder.cpp [7ms]
[2022-10-29T10:10:54.239Z] > git ls-files --stage -- /home/dom/Dev/olas/Lession02/Adder/adder.cpp [1ms]
[2022-10-29T10:10:56.853Z] > git show --textconv :Lession02/adder.cpp [8ms]
[2022-10-29T10:10:56.854Z] > git ls-files --stage -- /home/dom/Dev/olas/Lession02/adder.cpp [1ms]
[2022-10-29T10:11:02.822Z] > git show --textconv :Lession02/Adder/adder.cpp [7ms]
[2022-10-29T10:11:02.823Z] > git ls-files --stage -- /home/dom/Dev/olas/Lession02/Adder/adder.cpp [1ms]
[2022-10-29T10:11:05.213Z] > git show --textconv :Lession02/adder.cpp [8ms]
[2022-10-29T10:11:05.214Z] > git ls-files --stage -- /home/dom/Dev/olas/Lession02/adder.cpp [2ms]
[2022-10-29T10:11:10.120Z] > git show --textconv :Lession02/Adder/adder.cpp [7ms]
[2022-10-29T10:11:10.120Z] > git ls-files --stage -- /home/dom/Dev/olas/Lession02/Adder/adder.cpp [1ms]
[2022-10-29T10:11:10.928Z] > git status -z -uall [6ms]
[2022-10-29T10:11:10.937Z] > git symbolic-ref --short HEAD [1ms]
[2022-10-29T10:11:10.944Z] > git for-each-ref --format=%(refname)%00%(upstream:short)%00%(objectname)%00%(upstream:track)%00%(upstream:remotename)%00%(upstream:remoteref) refs/heads/main refs/remotes/main [1ms]
[2022-10-29T10:11:10.957Z] > git for-each-ref --sort -committerdate --format %(refname) %(objectname) %(*objectname) [7ms]
[2022-10-29T10:11:10.958Z] > git remote --verbose [2ms]
[2022-10-29T10:11:10.973Z] > git config --get commit.template [0ms]
[2022-10-29T10:11:13.091Z] > git show --textconv :Lession02/main.cpp [8ms]
[2022-10-29T10:11:13.092Z] > git ls-files --stage -- /home/dom/Dev/olas/Lession02/main.cpp [2ms]
[2022-10-29T10:11:36.159Z] > git show --textconv :Lession02/CMakeLists.txt [7ms]
[2022-10-29T10:11:36.159Z] > git ls-files --stage -- /home/dom/Dev/olas/Lession02/CMakeLists.txt [1ms]
[2022-10-29T10:11:57.745Z] > git show --textconv :Lession02/Adder/CMakeLists.txt [8ms]
[2022-10-29T10:11:57.746Z] > git ls-files --stage -- /home/dom/Dev/olas/Lession02/Adder/CMakeLists.txt [2ms]
[2022-10-29T10:11:58.036Z] > git check-ignore -v -z --stdin [2ms]
[2022-10-29T10:11:58.559Z] > git status -z -uall [5ms]
[2022-10-29T10:11:58.567Z] > git symbolic-ref --short HEAD [1ms]
[2022-10-29T10:11:58.576Z] > git for-each-ref --format=%(refname)%00%(upstream:short)%00%(objectname)%00%(upstream:track)%00%(upstream:remotename)%00%(upstream:remoteref) refs/heads/main refs/remotes/main [1ms]
[2022-10-29T10:11:58.593Z] > git remote --verbose [1ms]
[2022-10-29T10:11:58.594Z] > git for-each-ref --sort -committerdate --format %(refname) %(objectname) %(*objectname) [10ms]
[2022-10-29T10:11:58.612Z] > git config --get commit.template [2ms]
[2022-10-29T10:12:12.680Z] > git show --textconv :Lession02/CMakeLists.txt [7ms]
[2022-10-29T10:12:12.680Z] > git ls-files --stage -- /home/dom/Dev/olas/Lession02/CMakeLists.txt [0ms]
[2022-10-29T10:13:45.971Z] > git status -z -uall [5ms]
[2022-10-29T10:13:45.981Z] > git symbolic-ref --short HEAD [2ms]
[2022-10-29T10:13:45.990Z] > git for-each-ref --format=%(refname)%00%(upstream:short)%00%(objectname)%00%(upstream:track)%00%(upstream:remotename)%00%(upstream:remoteref) refs/heads/main refs/remotes/main [2ms]
[2022-10-29T10:13:46.005Z] > git for-each-ref --sort -committerdate --format %(refname) %(objectname) %(*objectname) [7ms]
[2022-10-29T10:13:46.006Z] > git remote --verbose [2ms]
[2022-10-29T10:13:46.035Z] > git config --get commit.template [11ms]
[2022-10-29T10:14:42.961Z] > git status -z -uall [4ms]
[2022-10-29T10:14:42.968Z] > git symbolic-ref --short HEAD [2ms]
[2022-10-29T10:14:42.975Z] > git for-each-ref --format=%(refname)%00%(upstream:short)%00%(objectname)%00%(upstream:track)%00%(upstream:remotename)%00%(upstream:remoteref) refs/heads/main refs/remotes/main [2ms]
[2022-10-29T10:14:42.987Z] > git for-each-ref --sort -committerdate --format %(refname) %(objectname) %(*objectname) [6ms]
[2022-10-29T10:14:42.988Z] > git remote --verbose [2ms]
[2022-10-29T10:14:42.998Z] > git config --get commit.template [1ms]
[2022-10-29T10:14:51.497Z] > git show --textconv :Lession02/main.cpp [8ms]
[2022-10-29T10:14:51.498Z] > git ls-files --stage -- /home/dom/Dev/olas/Lession02/main.cpp [1ms]
[2022-10-29T10:15:58.252Z] > git status -z -uall [5ms]
[2022-10-29T10:15:58.260Z] > git symbolic-ref --short HEAD [1ms]
[2022-10-29T10:15:58.267Z] > git for-each-ref --format=%(refname)%00%(upstream:short)%00%(objectname)%00%(upstream:track)%00%(upstream:remotename)%00%(upstream:remoteref) refs/heads/main refs/remotes/main [0ms]
[2022-10-29T10:15:58.281Z] > git for-each-ref --sort -committerdate --format %(refname) %(objectname) %(*objectname) [8ms]
[2022-10-29T10:15:58.281Z] > git remote --verbose [2ms]
[2022-10-29T10:15:58.294Z] > git config --get commit.template [3ms]
[2022-10-29T10:17:07.377Z] > git status -z -uall [3ms]
[2022-10-29T10:17:07.385Z] > git symbolic-ref --short HEAD [1ms]
[2022-10-29T10:17:07.394Z] > git for-each-ref --format=%(refname)%00%(upstream:short)%00%(objectname)%00%(upstream:track)%00%(upstream:remotename)%00%(upstream:remoteref) refs/heads/main refs/remotes/main [1ms]
[2022-10-29T10:17:07.409Z] > git for-each-ref --sort -committerdate --format %(refname) %(objectname) %(*objectname) [8ms]
[2022-10-29T10:17:07.409Z] > git remote --verbose [1ms]
[2022-10-29T10:17:07.432Z] > git config --get commit.template [2ms]
[2022-10-29T10:17:15.645Z] > git show --textconv :Lession02/Adder/adder.h [7ms]
[2022-10-29T10:17:15.646Z] > git ls-files --stage -- /home/dom/Dev/olas/Lession02/Adder/adder.h [1ms]
[2022-10-29T10:17:20.134Z] > git show --textconv :Lession02/Adder/adder.cpp [8ms]
[2022-10-29T10:17:20.134Z] > git ls-files --stage -- /home/dom/Dev/olas/Lession02/Adder/adder.cpp [1ms]
[2022-10-29T10:17:47.392Z] > git show --textconv :Lession02/main.cpp [9ms]
[2022-10-29T10:17:47.393Z] > git ls-files --stage -- /home/dom/Dev/olas/Lession02/main.cpp [2ms]
[2022-10-29T10:18:31.911Z] > git show --textconv :Lession02/CMakeLists.txt [7ms]
[2022-10-29T10:18:31.911Z] > git ls-files --stage -- /home/dom/Dev/olas/Lession02/CMakeLists.txt [1ms]
[2022-10-29T10:19:54.868Z] > git status -z -uall [4ms]
[2022-10-29T10:19:54.877Z] > git symbolic-ref --short HEAD [2ms]
[2022-10-29T10:19:54.885Z] > git for-each-ref --format=%(refname)%00%(upstream:short)%00%(objectname)%00%(upstream:track)%00%(upstream:remotename)%00%(upstream:remoteref) refs/heads/main refs/remotes/main [1ms]
[2022-10-29T10:19:54.902Z] > git for-each-ref --sort -committerdate --format %(refname) %(objectname) %(*objectname) [9ms]
[2022-10-29T10:19:54.902Z] > git remote --verbose [2ms]
[2022-10-29T10:19:54.920Z] > git config --get commit.template [1ms]
[2022-10-29T10:20:02.993Z] > git status -z -uall [4ms]
[2022-10-29T10:20:03.000Z] > git symbolic-ref --short HEAD [1ms]
[2022-10-29T10:20:03.008Z] > git for-each-ref --format=%(refname)%00%(upstream:short)%00%(objectname)%00%(upstream:track)%00%(upstream:remotename)%00%(upstream:remoteref) refs/heads/main refs/remotes/main [1ms]
[2022-10-29T10:20:03.024Z] > git remote --verbose [1ms]
[2022-10-29T10:20:03.024Z] > git for-each-ref --sort -committerdate --format %(refname) %(objectname) %(*objectname) [8ms]
[2022-10-29T10:20:03.041Z] > git config --get commit.template [1ms]
[2022-10-29T10:20:15.903Z] > git show --textconv :Lession02/main.cpp [9ms]
[2022-10-29T10:20:15.905Z] > git ls-files --stage -- /home/dom/Dev/olas/Lession02/main.cpp [2ms]
[2022-10-29T10:20:26.938Z] > git show --textconv :Lession02/CMakeLists.txt [8ms]
[2022-10-29T10:20:26.939Z] > git ls-files --stage -- /home/dom/Dev/olas/Lession02/CMakeLists.txt [1ms]
[2022-10-29T10:20:46.797Z] > git status -z -uall [4ms]
[2022-10-29T10:20:46.806Z] > git symbolic-ref --short HEAD [2ms]
[2022-10-29T10:20:46.815Z] > git for-each-ref --format=%(refname)%00%(upstream:short)%00%(objectname)%00%(upstream:track)%00%(upstream:remotename)%00%(upstream:remoteref) refs/heads/main refs/remotes/main [2ms]
[2022-10-29T10:20:46.829Z] > git remote --verbose [1ms]
[2022-10-29T10:20:46.829Z] > git for-each-ref --sort -committerdate --format %(refname) %(objectname) %(*objectname) [7ms]
[2022-10-29T10:20:46.841Z] > git config --get commit.template [0ms]
[2022-10-29T10:21:11.679Z] > git status -z -uall [5ms]
[2022-10-29T10:21:11.686Z] > git symbolic-ref --short HEAD [0ms]
[2022-10-29T10:21:11.697Z] > git for-each-ref --format=%(refname)%00%(upstream:short)%00%(objectname)%00%(upstream:track)%00%(upstream:remotename)%00%(upstream:remoteref) refs/heads/main refs/remotes/main [2ms]
[2022-10-29T10:21:11.712Z] > git remote --verbose [3ms]
[2022-10-29T10:21:11.712Z] > git for-each-ref --sort -committerdate --format %(refname) %(objectname) %(*objectname) [9ms]
[2022-10-29T10:21:11.731Z] > git config --get commit.template [1ms]
[2022-10-29T10:21:17.647Z] > git status -z -uall [5ms]
[2022-10-29T10:21:17.655Z] > git symbolic-ref --short HEAD [1ms]
[2022-10-29T10:21:17.664Z] > git for-each-ref --format=%(refname)%00%(upstream:short)%00%(objectname)%00%(upstream:track)%00%(upstream:remotename)%00%(upstream:remoteref) refs/heads/main refs/remotes/main [2ms]
[2022-10-29T10:21:17.679Z] > git remote --verbose [2ms]
[2022-10-29T10:21:17.680Z] > git for-each-ref --sort -committerdate --format %(refname) %(objectname) %(*objectname) [10ms]
[2022-10-29T10:21:17.695Z] > git config --get commit.template [2ms]
[2022-10-29T10:21:23.673Z] > git show --textconv :Lession02/main.cpp [9ms]
[2022-10-29T10:21:23.674Z] > git ls-files --stage -- /home/dom/Dev/olas/Lession02/main.cpp [2ms]
[2022-10-29T10:21:48.094Z] > git status -z -uall [4ms]
[2022-10-29T10:21:48.101Z] > git symbolic-ref --short HEAD [1ms]
[2022-10-29T10:21:48.108Z] > git for-each-ref --format=%(refname)%00%(upstream:short)%00%(objectname)%00%(upstream:track)%00%(upstream:remotename)%00%(upstream:remoteref) refs/heads/main refs/remotes/main [1ms]
[2022-10-29T10:21:48.123Z] > git remote --verbose [2ms]
[2022-10-29T10:21:48.123Z] > git for-each-ref --sort -committerdate --format %(refname) %(objectname) %(*objectname) [8ms]
[2022-10-29T10:21:48.139Z] > git config --get commit.template [1ms]
[2022-10-29T10:21:50.757Z] > git show --textconv :Lession02/CMakeLists.txt [9ms]
[2022-10-29T10:21:50.757Z] > git ls-files --stage -- /home/dom/Dev/olas/Lession02/CMakeLists.txt [1ms]
[2022-10-29T10:21:53.442Z] > git status -z -uall [4ms]
[2022-10-29T10:21:53.451Z] > git symbolic-ref --short HEAD [1ms]
[2022-10-29T10:21:53.459Z] > git for-each-ref --format=%(refname)%00%(upstream:short)%00%(objectname)%00%(upstream:track)%00%(upstream:remotename)%00%(upstream:remoteref) refs/heads/main refs/remotes/main [1ms]
[2022-10-29T10:21:53.473Z] > git remote --verbose [1ms]
[2022-10-29T10:21:53.474Z] > git for-each-ref --sort -committerdate --format %(refname) %(objectname) %(*objectname) [9ms]
[2022-10-29T10:21:53.492Z] > git config --get commit.template [2ms]
[2022-10-29T10:21:58.505Z] > git status -z -uall [4ms]
[2022-10-29T10:21:58.514Z] > git symbolic-ref --short HEAD [1ms]
[2022-10-29T10:21:58.523Z] > git for-each-ref --format=%(refname)%00%(upstream:short)%00%(objectname)%00%(upstream:track)%00%(upstream:remotename)%00%(upstream:remoteref) refs/heads/main refs/remotes/main [1ms]
[2022-10-29T10:21:58.536Z] > git for-each-ref --sort -committerdate --format %(refname) %(objectname) %(*objectname) [7ms]
[2022-10-29T10:21:58.537Z] > git remote --verbose [2ms]
[2022-10-29T10:21:58.550Z] > git config --get commit.template [1ms]
[2022-10-29T10:25:31.860Z] > git show --textconv :Lession02/main.cpp [9ms]
[2022-10-29T10:25:31.861Z] > git ls-files --stage -- /home/dom/Dev/olas/Lession02/main.cpp [2ms]
[2022-10-29T10:26:06.986Z] > git status -z -uall [4ms]
[2022-10-29T10:26:06.996Z] > git symbolic-ref --short HEAD [1ms]
[2022-10-29T10:26:07.006Z] > git for-each-ref --format=%(refname)%00%(upstream:short)%00%(objectname)%00%(upstream:track)%00%(upstream:remotename)%00%(upstream:remoteref) refs/heads/main refs/remotes/main [2ms]
[2022-10-29T10:26:07.019Z] > git for-each-ref --sort -committerdate --format %(refname) %(objectname) %(*objectname) [7ms]
[2022-10-29T10:26:07.020Z] > git remote --verbose [2ms]
[2022-10-29T10:26:07.034Z] > git config --get commit.template [1ms]
[2022-10-29T10:26:09.225Z] > git show --textconv :Lession02/CMakeLists.txt [7ms]
[2022-10-29T10:26:09.226Z] > git ls-files --stage -- /home/dom/Dev/olas/Lession02/CMakeLists.txt [1ms]
[2022-10-29T10:26:12.046Z] > git status -z -uall [4ms]
[2022-10-29T10:26:12.055Z] > git symbolic-ref --short HEAD [2ms]
[2022-10-29T10:26:12.064Z] > git for-each-ref --format=%(refname)%00%(upstream:short)%00%(objectname)%00%(upstream:track)%00%(upstream:remotename)%00%(upstream:remoteref) refs/heads/main refs/remotes/main [2ms]
[2022-10-29T10:26:12.079Z] > git remote --verbose [2ms]
[2022-10-29T10:26:12.079Z] > git for-each-ref --sort -committerdate --format %(refname) %(objectname) %(*objectname) [8ms]
[2022-10-29T10:26:12.096Z] > git config --get commit.template [1ms]
[2022-10-29T10:26:17.108Z] > git status -z -uall [4ms]
[2022-10-29T10:26:17.117Z] > git symbolic-ref --short HEAD [1ms]
[2022-10-29T10:26:17.126Z] > git for-each-ref --format=%(refname)%00%(upstream:short)%00%(objectname)%00%(upstream:track)%00%(upstream:remotename)%00%(upstream:remoteref) refs/heads/main refs/remotes/main [1ms]
[2022-10-29T10:26:17.142Z] > git for-each-ref --sort -committerdate --format %(refname) %(objectname) %(*objectname) [9ms]
[2022-10-29T10:26:17.142Z] > git remote --verbose [2ms]
[2022-10-29T10:26:17.153Z] > git config --get commit.template [1ms]
[2022-10-29T10:26:22.163Z] > git status -z -uall [3ms]
[2022-10-29T10:26:22.174Z] > git symbolic-ref --short HEAD [2ms]
[2022-10-29T10:26:22.182Z] > git for-each-ref --format=%(refname)%00%(upstream:short)%00%(objectname)%00%(upstream:track)%00%(upstream:remotename)%00%(upstream:remoteref) refs/heads/main refs/remotes/main [2ms]
[2022-10-29T10:26:22.194Z] > git for-each-ref --sort -committerdate --format %(refname) %(objectname) %(*objectname) [6ms]
[2022-10-29T10:26:22.195Z] > git remote --verbose [2ms]
[2022-10-29T10:26:22.207Z] > git config --get commit.template [2ms]
[2022-10-29T10:26:24.796Z] > git show --textconv :Lession02/main.cpp [9ms]
[2022-10-29T10:26:24.797Z] > git ls-files --stage -- /home/dom/Dev/olas/Lession02/main.cpp [2ms]
[2022-10-29T10:27:34.689Z] > git status -z -uall [4ms]
[2022-10-29T10:27:34.698Z] > git symbolic-ref --short HEAD [1ms]
[2022-10-29T10:27:34.707Z] > git for-each-ref --format=%(refname)%00%(upstream:short)%00%(objectname)%00%(upstream:track)%00%(upstream:remotename)%00%(upstream:remoteref) refs/heads/main refs/remotes/main [2ms]
[2022-10-29T10:27:34.722Z] > git remote --verbose [2ms]
[2022-10-29T10:27:34.722Z] > git for-each-ref --sort -committerdate --format %(refname) %(objectname) %(*objectname) [8ms]
[2022-10-29T10:27:34.738Z] > git config --get commit.template [1ms]
[2022-10-29T10:27:38.170Z] > git show --textconv :Lession02/CMakeLists.txt [9ms]
[2022-10-29T10:27:38.172Z] > git ls-files --stage -- /home/dom/Dev/olas/Lession02/CMakeLists.txt [2ms]
[2022-10-29T10:27:39.754Z] > git status -z -uall [5ms]
[2022-10-29T10:27:39.762Z] > git symbolic-ref --short HEAD [1ms]
[2022-10-29T10:27:39.771Z] > git for-each-ref --format=%(refname)%00%(upstream:short)%00%(objectname)%00%(upstream:track)%00%(upstream:remotename)%00%(upstream:remoteref) refs/heads/main refs/remotes/main [1ms]
[2022-10-29T10:27:39.786Z] > git remote --verbose [2ms]
[2022-10-29T10:27:39.786Z] > git for-each-ref --sort -committerdate --format %(refname) %(objectname) %(*objectname) [9ms]
[2022-10-29T10:27:39.800Z] > git config --get commit.template [1ms]
[2022-10-29T10:27:44.813Z] > git status -z -uall [5ms]
[2022-10-29T10:27:44.823Z] > git symbolic-ref --short HEAD [2ms]
[2022-10-29T10:27:44.833Z] > git for-each-ref --format=%(refname)%00%(upstream:short)%00%(objectname)%00%(upstream:track)%00%(upstream:remotename)%00%(upstream:remoteref) refs/heads/main refs/remotes/main [3ms]
[2022-10-29T10:27:44.851Z] > git for-each-ref --sort -committerdate --format %(refname) %(objectname) %(*objectname) [11ms]
[2022-10-29T10:27:44.851Z] > git remote --verbose [3ms]
[2022-10-29T10:27:44.865Z] > git config --get commit.template [2ms]
[2022-10-29T10:27:49.878Z] > git status -z -uall [4ms]
[2022-10-29T10:27:49.886Z] > git symbolic-ref --short HEAD [1ms]
[2022-10-29T10:27:49.896Z] > git for-each-ref --format=%(refname)%00%(upstream:short)%00%(objectname)%00%(upstream:track)%00%(upstream:remotename)%00%(upstream:remoteref) refs/heads/main refs/remotes/main [2ms]
[2022-10-29T10:27:49.912Z] > git for-each-ref --sort -committerdate --format %(refname) %(objectname) %(*objectname) [9ms]
[2022-10-29T10:27:49.913Z] > git remote --verbose [2ms]
[2022-10-29T10:27:49.930Z] > git config --get commit.template [1ms]
[2022-10-29T10:28:02.866Z] > git status -z -uall [4ms]
[2022-10-29T10:28:02.873Z] > git symbolic-ref --short HEAD [1ms]
[2022-10-29T10:28:02.882Z] > git for-each-ref --format=%(refname)%00%(upstream:short)%00%(objectname)%00%(upstream:track)%00%(upstream:remotename)%00%(upstream:remoteref) refs/heads/main refs/remotes/main [2ms]
[2022-10-29T10:28:02.898Z] > git for-each-ref --sort -committerdate --format %(refname) %(objectname) %(*objectname) [9ms]
[2022-10-29T10:28:02.899Z] > git remote --verbose [2ms]
[2022-10-29T10:28:02.915Z] > git config --get commit.template [2ms]
[2022-10-29T10:31:03.574Z] > git status -z -uall [5ms]
[2022-10-29T10:31:03.581Z] > git symbolic-ref --short HEAD [1ms]
[2022-10-29T10:31:03.589Z] > git for-each-ref --format=%(refname)%00%(upstream:short)%00%(objectname)%00%(upstream:track)%00%(upstream:remotename)%00%(upstream:remoteref) refs/heads/main refs/remotes/main [1ms]
[2022-10-29T10:31:03.605Z] > git for-each-ref --sort -committerdate --format %(refname) %(objectname) %(*objectname) [9ms]
[2022-10-29T10:31:03.606Z] > git remote --verbose [2ms]
[2022-10-29T10:31:03.625Z] > git config --get commit.template [1ms]
