[variant] Loaded new set of variants
[kit] Successfully loaded 3 kits from /home/dom/.local/share/CMakeTools/cmake-tools-kits.json
[proc] Executing command: /usr/bin/gcc -v
[proc] The command: ninja --version failed with error: Error: spawn ninja ENOENT
[proc] The command: ninja-build --version failed with error: Error: spawn ninja-build ENOENT
[main] Configuring folder: Lession02 
[proc] Executing command: /usr/bin/cmake --no-warn-unused-cli -DCMAKE_EXPORT_COMPILE_COMMANDS:BOOL=TRUE -DCMAKE_BUILD_TYPE:STRING=Debug -DCMAKE_C_COMPILER:FILEPATH=/usr/bin/gcc -DCMAKE_CXX_COMPILER:FILEPATH=/usr/bin/g++ -S/home/dom/Dev/olas/Lession02 -B/home/dom/Dev/olas/Lession02/build -G "Unix Makefiles"
[cmake] Not searching for unused variables given on the command line.
[cmake] -- The C compiler identification is GNU 12.2.0
[cmake] -- The CXX compiler identification is GNU 12.2.0
[cmake] -- Detecting C compiler ABI info
[cmake] -- Detecting C compiler ABI info - done
[cmake] -- Check for working C compiler: /usr/bin/gcc - skipped
[cmake] -- Detecting C compile features
[cmake] -- Detecting C compile features - done
[cmake] -- Detecting CXX compiler ABI info
[cmake] -- Detecting CXX compiler ABI info - done
[cmake] -- Check for working CXX compiler: /usr/bin/g++ - skipped
[cmake] -- Detecting CXX compile features
[cmake] -- Detecting CXX compile features - done
[cmake] -- Configuring done
[cmake] -- Generating done
[cmake] -- Build files have been written to: /home/dom/Dev/olas/Lession02/build
[main] Building folder: Lession02 
[build] Starting build
[proc] Executing command: /usr/bin/cmake --build /home/dom/Dev/olas/Lession02/build --config Debug --target all -j 14 --
[build] [ 66%] Building CXX object CMakeFiles/ZITONG.dir/main.cpp.o
[build] [ 66%] Building CXX object CMakeFiles/ZITONG.dir/adder.cpp.o
[build] [100%] Linking CXX executable ZITONG
[build] [100%] Built target ZITONG
[build] Build finished with exit code 0
[main] Configuring folder: Lession02 
[proc] Executing command: /usr/bin/cmake --no-warn-unused-cli -DCMAKE_EXPORT_COMPILE_COMMANDS:BOOL=TRUE -DCMAKE_BUILD_TYPE:STRING=Debug -DCMAKE_C_COMPILER:FILEPATH=/usr/bin/gcc -DCMAKE_CXX_COMPILER:FILEPATH=/usr/bin/g++ -S/home/dom/Dev/olas/Lession02 -B/home/dom/Dev/olas/Lession02/build -G "Unix Makefiles"
[cmake] Not searching for unused variables given on the command line.
[cmake] -- Configuring done
[cmake] -- Generating done
[cmake] -- Build files have been written to: /home/dom/Dev/olas/Lession02/build
[main] Building folder: Lession02 
[build] Starting build
[proc] Executing command: /usr/bin/cmake --build /home/dom/Dev/olas/Lession02/build --config Debug --target all -j 14 --
[build] [ 33%] Building CXX object CMakeFiles/OLAS.dir/adder.cpp.o
[build] [ 66%] Building CXX object CMakeFiles/OLAS.dir/main.cpp.o
[build] [100%] Linking CXX executable OLAS
[build] [100%] Built target OLAS
[build] Build finished with exit code 0
[main] Configuring folder: Lession02 
[proc] Executing command: /usr/bin/cmake --no-warn-unused-cli -DCMAKE_EXPORT_COMPILE_COMMANDS:BOOL=TRUE -DCMAKE_BUILD_TYPE:STRING=Debug -DCMAKE_C_COMPILER:FILEPATH=/usr/bin/gcc -DCMAKE_CXX_COMPILER:FILEPATH=/usr/bin/g++ -S/home/dom/Dev/olas/Lession02 -B/home/dom/Dev/olas/Lession02/build -G "Unix Makefiles"
[cmake] Not searching for unused variables given on the command line.
[cmake] -- Configuring done
[cmake] CMake Error at CMakeLists.txt:5 (add_executable):
[cmake]   Cannot find source file:
[cmake] 
[cmake]     adder.cpp
[cmake] 
[cmake]   Tried extensions .c .C .c++ .cc .cpp .cxx .cu .mpp .m .M .mm .ixx .cppm .h
[cmake]   .hh .h++ .hm .hpp .hxx .in .txx .f .F .for .f77 .f90 .f95 .f03 .hip .ispc
[cmake] 
[cmake] 
[cmake] CMake Error at CMakeLists.txt:5 (add_executable):
[cmake]   No SOURCES given to target: OLAS
[cmake] 
[cmake] 
[cmake] CMake Generate step failed.  Build files cannot be regenerated correctly.
[proc] The command: /usr/bin/cmake --no-warn-unused-cli -DCMAKE_EXPORT_COMPILE_COMMANDS:BOOL=TRUE -DCMAKE_BUILD_TYPE:STRING=Debug -DCMAKE_C_COMPILER:FILEPATH=/usr/bin/gcc -DCMAKE_CXX_COMPILER:FILEPATH=/usr/bin/g++ -S/home/dom/Dev/olas/Lession02 -B/home/dom/Dev/olas/Lession02/build -G "Unix Makefiles" exited with code: 1 and signal: null
[main] Configuring folder: Lession02 
[proc] Executing command: /usr/bin/cmake --no-warn-unused-cli -DCMAKE_EXPORT_COMPILE_COMMANDS:BOOL=TRUE -DCMAKE_BUILD_TYPE:STRING=Debug -DCMAKE_C_COMPILER:FILEPATH=/usr/bin/gcc -DCMAKE_CXX_COMPILER:FILEPATH=/usr/bin/g++ -S/home/dom/Dev/olas/Lession02 -B/home/dom/Dev/olas/Lession02/build -G "Unix Makefiles"
[cmake] Not searching for unused variables given on the command line.
[cmake] -- Configuring done
[cmake] -- Generating done
[cmake] -- Build files have been written to: /home/dom/Dev/olas/Lession02/build
[main] Building folder: Lession02 
[build] Starting build
[proc] Executing command: /usr/bin/cmake --build /home/dom/Dev/olas/Lession02/build --config Debug --target all -j 14 --
[build] [ 25%] Building CXX object Adder/CMakeFiles/adder.dir/adder.cpp.o
[build] [ 50%] Linking CXX static library libadder.a
[build] [ 50%] Built target adder
[build] Consolidate compiler generated dependencies of target OLAS
[build] [ 75%] Building CXX object CMakeFiles/OLAS.dir/main.cpp.o
[build] /home/dom/Dev/olas/Lession02/main.cpp:2:10: fatal error: Adder/adder.h: No such file or directory
[build]     2 | #include <Adder/adder.h>
[build]       |          ^~~~~~~~~~~~~~~
[build] compilation terminated.
[build] make[2]: *** [CMakeFiles/OLAS.dir/build.make:76: CMakeFiles/OLAS.dir/main.cpp.o] Error 1
[build] make[1]: *** [CMakeFiles/Makefile2:100: CMakeFiles/OLAS.dir/all] Error 2
[build] make: *** [Makefile:91: all] Error 2
[proc] The command: /usr/bin/cmake --build /home/dom/Dev/olas/Lession02/build --config Debug --target all -j 14 -- exited with code: 2 and signal: null
[build] Build finished with exit code 2
[main] Configuring folder: Lession02 
[proc] Executing command: /usr/bin/cmake --no-warn-unused-cli -DCMAKE_EXPORT_COMPILE_COMMANDS:BOOL=TRUE -DCMAKE_BUILD_TYPE:STRING=Debug -DCMAKE_C_COMPILER:FILEPATH=/usr/bin/gcc -DCMAKE_CXX_COMPILER:FILEPATH=/usr/bin/g++ -S/home/dom/Dev/olas/Lession02 -B/home/dom/Dev/olas/Lession02/build -G "Unix Makefiles"
[cmake] Not searching for unused variables given on the command line.
[cmake] -- Configuring done
[cmake] -- Generating done
[cmake] -- Build files have been written to: /home/dom/Dev/olas/Lession02/build
[main] Building folder: Lession02 
[build] Starting build
[proc] Executing command: /usr/bin/cmake --build /home/dom/Dev/olas/Lession02/build --config Debug --target all -j 14 --
[build] Consolidate compiler generated dependencies of target adder
[build] [ 25%] Building CXX object Adder/CMakeFiles/adder.dir/adder.cpp.o
[build] [ 50%] Linking CXX static library libadder.a
[build] [ 50%] Built target adder
[build] Consolidate compiler generated dependencies of target OLAS
[build] [ 75%] Building CXX object CMakeFiles/OLAS.dir/main.cpp.o
[build] [100%] Linking CXX executable OLAS
[build] [100%] Built target OLAS
[build] Build finished with exit code 0
[main] Configuring folder: Lession02 
[proc] Executing command: /usr/bin/cmake --no-warn-unused-cli -DCMAKE_EXPORT_COMPILE_COMMANDS:BOOL=TRUE -DCMAKE_BUILD_TYPE:STRING=Debug -DCMAKE_C_COMPILER:FILEPATH=/usr/bin/gcc -DCMAKE_CXX_COMPILER:FILEPATH=/usr/bin/g++ -S/home/dom/Dev/olas/Lession02 -B/home/dom/Dev/olas/Lession02/build -G "Unix Makefiles"
[cmake] CMake Error at CMakeLists.txt:9 (target_include_directories):
[cmake]   target_include_directories called with invalid arguments
[cmake] 
[cmake] 
[cmake] Not searching for unused variables given on the command line.
[cmake] -- Configuring incomplete, errors occurred!
[cmake] See also "/home/dom/Dev/olas/Lession02/build/CMakeFiles/CMakeOutput.log".
[proc] The command: /usr/bin/cmake --no-warn-unused-cli -DCMAKE_EXPORT_COMPILE_COMMANDS:BOOL=TRUE -DCMAKE_BUILD_TYPE:STRING=Debug -DCMAKE_C_COMPILER:FILEPATH=/usr/bin/gcc -DCMAKE_CXX_COMPILER:FILEPATH=/usr/bin/g++ -S/home/dom/Dev/olas/Lession02 -B/home/dom/Dev/olas/Lession02/build -G "Unix Makefiles" exited with code: 1 and signal: null
[main] Configuring folder: Lession02 
[proc] Executing command: /usr/bin/cmake --no-warn-unused-cli -DCMAKE_EXPORT_COMPILE_COMMANDS:BOOL=TRUE -DCMAKE_BUILD_TYPE:STRING=Debug -DCMAKE_C_COMPILER:FILEPATH=/usr/bin/gcc -DCMAKE_CXX_COMPILER:FILEPATH=/usr/bin/g++ -S/home/dom/Dev/olas/Lession02 -B/home/dom/Dev/olas/Lession02/build -G "Unix Makefiles"
[cmake] Not searching for unused variables given on the command line.
[cmake] -- Configuring done
[cmake] -- Generating done
[cmake] -- Build files have been written to: /home/dom/Dev/olas/Lession02/build
[main] Building folder: Lession02 
[build] Starting build
[proc] Executing command: /usr/bin/cmake --build /home/dom/Dev/olas/Lession02/build --config Debug --target all -j 14 --
[build] Consolidate compiler generated dependencies of target adder
[build] [ 50%] Built target adder
[build] Consolidate compiler generated dependencies of target OLAS
[build] [ 75%] Building CXX object CMakeFiles/OLAS.dir/main.cpp.o
[build] [100%] Linking CXX executable OLAS
[build] [100%] Built target OLAS
[build] Build finished with exit code 0
[main] Configuring folder: Lession02 
[proc] Executing command: /usr/bin/cmake --no-warn-unused-cli -DCMAKE_EXPORT_COMPILE_COMMANDS:BOOL=TRUE -DCMAKE_BUILD_TYPE:STRING=Debug -DCMAKE_C_COMPILER:FILEPATH=/usr/bin/gcc -DCMAKE_CXX_COMPILER:FILEPATH=/usr/bin/g++ -S/home/dom/Dev/olas/Lession02 -B/home/dom/Dev/olas/Lession02/build -G "Unix Makefiles"
[cmake] Not searching for unused variables given on the command line.
[cmake] -- Configuring done
[cmake] -- Generating done
[cmake] -- Build files have been written to: /home/dom/Dev/olas/Lession02/build
[main] Building folder: Lession02 
[build] Starting build
[proc] Executing command: /usr/bin/cmake --build /home/dom/Dev/olas/Lession02/build --config Debug --target all -j 14 --
[build] Consolidate compiler generated dependencies of target adder
[build] [ 50%] Built target adder
[build] Consolidate compiler generated dependencies of target OLAS
[build] [ 75%] Building CXX object CMakeFiles/OLAS.dir/main.cpp.o
[build] [100%] Linking CXX executable OLAS
[build] [100%] Built target OLAS
[build] Build finished with exit code 0
[main] Configuring folder: Lession02 
[proc] Executing command: /usr/bin/cmake --no-warn-unused-cli -DCMAKE_EXPORT_COMPILE_COMMANDS:BOOL=TRUE -DCMAKE_BUILD_TYPE:STRING=Debug -DCMAKE_C_COMPILER:FILEPATH=/usr/bin/gcc -DCMAKE_CXX_COMPILER:FILEPATH=/usr/bin/g++ -S/home/dom/Dev/olas/Lession02 -B/home/dom/Dev/olas/Lession02/build -G "Unix Makefiles"
[cmake] Not searching for unused variables given on the command line.
[cmake] -- Configuring done
[cmake] -- Generating done
[cmake] -- Build files have been written to: /home/dom/Dev/olas/Lession02/build
[main] Building folder: Lession02 
[build] Starting build
[proc] Executing command: /usr/bin/cmake --build /home/dom/Dev/olas/Lession02/build --config Debug --target all -j 14 --
[build] Consolidate compiler generated dependencies of target adder
[build] [ 50%] Built target adder
[build] Consolidate compiler generated dependencies of target OLAS
[build] [ 75%] Building CXX object CMakeFiles/OLAS.dir/main.cpp.o
[build] [100%] Linking CXX executable OLAS
[build] [100%] Built target OLAS
[build] Build finished with exit code 0
[main] Building folder: Lession02 
[build] Starting build
[proc] Executing command: /usr/bin/cmake --build /home/dom/Dev/olas/Lession02/build --config Debug --target all -j 14 --
[build] [ 50%] Built target adder
[build] Consolidate compiler generated dependencies of target OLAS
[build] [100%] Built target OLAS
[build] Build finished with exit code 0
[main] Configuring folder: Lession02 
[proc] Executing command: /usr/bin/cmake --no-warn-unused-cli -DCMAKE_EXPORT_COMPILE_COMMANDS:BOOL=TRUE -DCMAKE_BUILD_TYPE:STRING=Debug -DCMAKE_C_COMPILER:FILEPATH=/usr/bin/gcc -DCMAKE_CXX_COMPILER:FILEPATH=/usr/bin/g++ -S/home/dom/Dev/olas/Lession02 -B/home/dom/Dev/olas/Lession02/build -G "Unix Makefiles"
[cmake] Not searching for unused variables given on the command line.
[cmake] -- Configuring done
[cmake] -- Generating done
[cmake] -- Build files have been written to: /home/dom/Dev/olas/Lession02/build
[main] Building folder: Lession02 
[build] Starting build
[proc] Executing command: /usr/bin/cmake --build /home/dom/Dev/olas/Lession02/build --config Debug --target all -j 14 --
[build] Consolidate compiler generated dependencies of target adder
[build] [ 50%] Built target adder
[build] Consolidate compiler generated dependencies of target OLAS
[build] [ 75%] Building CXX object CMakeFiles/OLAS.dir/main.cpp.o
[build] [100%] Linking CXX executable OLAS
[build] [100%] Built target OLAS
[build] Build finished with exit code 0
[main] Building folder: Lession02 
[build] Starting build
[proc] Executing command: /usr/bin/cmake --build /home/dom/Dev/olas/Lession02/build --config Debug --target all -j 14 --
[build] [ 50%] Built target adder
[build] Consolidate compiler generated dependencies of target OLAS
[build] [100%] Built target OLAS
[build] Build finished with exit code 0
